Submitted batch job 2101000
Submitted batch job 2101001
Submitted batch job 2101002
Submitted batch job 2101003
Submitted batch job 2101004
Submitted batch job 2101005
Submitted batch job 2101006
Submitted batch job 2101007
Submitted batch job 2101008
Submitted batch job 2101009
Submitted batch job 2101010
Submitted batch job 2101011
Submitted batch job 2101012
Submitted batch job 2101013
Submitted batch job 2101014
Submitted batch job 2101015
Submitted batch job 2101016
Submitted batch job 2101017
Submitted batch job 2101018
Submitted batch job 2101019
Submitted batch job 2101020
Submitted batch job 2101021
Submitted batch job 2101022
Submitted batch job 2101023
Submitted batch job 2101024
Submitted batch job 2101025
Submitted batch job 2101026
Submitted batch job 2101027
Submitted batch job 2101028
Submitted batch job 2101029
Submitted batch job 2101030
Submitted batch job 2101031
Submitted batch job 2101032
Submitted batch job 2101033
Submitted batch job 2101034
Submitted batch job 2101035


###############################################################################
Peregrine Cluster
Job 2100999 for user 'p274981'
Finished at: Wed Aug 29 23:25:10 CEST 2018

Job details:
============




Acknowledgements:
=================

Please see this page if you want to acknowledge Peregrine in your publications:

https://redmine.hpc.rug.nl/redmine/projects/peregrine/wiki/ScientificOutput

################################################################################
