try to find a completed true simulation with gamma = 0.0 and a = 0.001 ...
Generation = 0  gamma = 0.523375  a = 0.593206  fitness = 1.864783
Generation = 1  gamma = 0.562955  a = 0.678376  fitness = 1.862348
Generation = 2  gamma = 0.611578  a = 0.764311  fitness = 1.856131
Generation = 3  gamma = 0.626348  a = 0.785037  fitness = 1.850155
Generation = 4  gamma = 0.677426  a = 0.846471  fitness = 1.850411
Generation = 5  gamma = 0.688478  a = 0.880708  fitness = 1.849696
Generation = 6  gamma = 0.719424  a = 0.896398  fitness = 1.851626
Generation = 7  gamma = 0.734424  a = 0.912485  fitness = 1.857450
Generation = 8  gamma = 0.717195  a = 0.907665  fitness = 1.860221
Generation = 9  gamma = 0.700727  a = 0.874135  fitness = 1.855036
Generation = 10  gamma = 0.715973  a = 0.866867  fitness = 1.860987
Generation = 11  gamma = 0.705790  a = 0.890012  fitness = 1.850616
Generation = 12  gamma = 0.701394  a = 0.871672  fitness = 1.853287
Generation = 13  gamma = 0.701191  a = 0.872463  fitness = 1.854881
Generation = 14  gamma = 0.699667  a = 0.882526  fitness = 1.856272
Generation = 15  gamma = 0.692991  a = 0.858729  fitness = 1.862883
Generation = 16  gamma = 0.700828  a = 0.884591  fitness = 1.855687
Generation = 17  gamma = 0.705690  a = 0.889188  fitness = 1.855689
Generation = 18  gamma = 0.684686  a = 0.893068  fitness = 1.854812
Generation = 19  gamma = 0.712123  a = 0.873072  fitness = 1.858950


###############################################################################
Peregrine Cluster
Job 2101001 for user 'p274981'
Finished at: Wed Aug 29 23:38:27 CEST 2018

Job details:
============




Acknowledgements:
=================

Please see this page if you want to acknowledge Peregrine in your publications:

https://redmine.hpc.rug.nl/redmine/projects/peregrine/wiki/ScientificOutput

################################################################################
