try to find a completed true simulation with gamma = 0.0 and a = 0.5 ...
Generation = 0  gamma = 0.049187  a = 0.742276  fitness = 0.475565
Generation = 1  gamma = 0.002797  a = 0.855904  fitness = 1.295609
Generation = 2  gamma = 0.000263  a = 0.769486  fitness = 1.740008
Generation = 3  gamma = 0.000116  a = 0.610128  fitness = 1.849650
Generation = 4  gamma = 0.000079  a = 0.562881  fitness = 1.891917
Generation = 5  gamma = 0.000069  a = 0.546570  fitness = 1.897962
Generation = 6  gamma = 0.000058  a = 0.544262  fitness = 1.790926
Generation = 7  gamma = 0.000055  a = 0.542302  fitness = 1.795313
Generation = 8  gamma = 0.000053  a = 0.541898  fitness = 1.788074
Generation = 9  gamma = 0.000049  a = 0.546649  fitness = 1.788828
Generation = 10  gamma = 0.000050  a = 0.546944  fitness = 1.795288
Generation = 11  gamma = 0.000049  a = 0.545602  fitness = 1.816194
Generation = 12  gamma = 0.000049  a = 0.544937  fitness = 1.805991
Generation = 13  gamma = 0.000045  a = 0.542413  fitness = 1.816111
Generation = 14  gamma = 0.000046  a = 0.540472  fitness = 1.810864
Generation = 15  gamma = 0.000043  a = 0.538754  fitness = 1.807109
Generation = 16  gamma = 0.000042  a = 0.544601  fitness = 1.801491
Generation = 17  gamma = 0.000043  a = 0.542812  fitness = 1.797022
Generation = 18  gamma = 0.000045  a = 0.544210  fitness = 1.801548
Generation = 19  gamma = 0.000044  a = 0.547492  fitness = 1.792985


###############################################################################
Peregrine Cluster
Job 2101004 for user 'p274981'
Finished at: Wed Aug 29 23:39:33 CEST 2018

Job details:
============




Acknowledgements:
=================

Please see this page if you want to acknowledge Peregrine in your publications:

https://redmine.hpc.rug.nl/redmine/projects/peregrine/wiki/ScientificOutput

################################################################################
