try to find a completed true simulation with gamma = 0.001 and a = 0.5 ...
Generation = 0  gamma = 0.047893  a = 0.726221  fitness = 0.566002
Generation = 1  gamma = 0.002598  a = 0.836043  fitness = 1.462806
Generation = 2  gamma = 0.001047  a = 0.774448  fitness = 1.701982
Generation = 3  gamma = 0.001061  a = 0.702158  fitness = 1.727071
Generation = 4  gamma = 0.001060  a = 0.660035  fitness = 1.721187
Generation = 5  gamma = 0.001076  a = 0.650943  fitness = 1.729675
Generation = 6  gamma = 0.001059  a = 0.648997  fitness = 1.572773
Generation = 7  gamma = 0.001077  a = 0.649434  fitness = 1.567262
Generation = 8  gamma = 0.001066  a = 0.637957  fitness = 1.606049
Generation = 9  gamma = 0.001075  a = 0.638524  fitness = 1.733374
Generation = 10  gamma = 0.001094  a = 0.633067  fitness = 1.736297
Generation = 11  gamma = 0.001074  a = 0.646238  fitness = 1.560896
Generation = 12  gamma = 0.001069  a = 0.640965  fitness = 1.552891
Generation = 13  gamma = 0.001049  a = 0.639096  fitness = 1.557200
Generation = 14  gamma = 0.001051  a = 0.638049  fitness = 1.561173
Generation = 15  gamma = 0.001063  a = 0.635015  fitness = 1.733613
Generation = 16  gamma = 0.001087  a = 0.631885  fitness = 1.557956
Generation = 17  gamma = 0.001082  a = 0.631220  fitness = 1.565726
Generation = 18  gamma = 0.001070  a = 0.630733  fitness = 1.601878
Generation = 19  gamma = 0.001077  a = 0.633081  fitness = 1.577060


###############################################################################
Peregrine Cluster
Job 2101010 for user 'p274981'
Finished at: Wed Aug 29 23:39:29 CEST 2018

Job details:
============




Acknowledgements:
=================

Please see this page if you want to acknowledge Peregrine in your publications:

https://redmine.hpc.rug.nl/redmine/projects/peregrine/wiki/ScientificOutput

################################################################################
