try to find a completed true simulation with gamma = 0.001 and a = 0.001 ...
Generation = 0  gamma = 0.538674  a = 0.695999  fitness = 1.834333
Generation = 1  gamma = 0.645484  a = 0.901719  fitness = 1.849955
Generation = 2  gamma = 0.715908  a = 1.046818  fitness = 1.855450
Generation = 3  gamma = 0.758470  a = 1.097779  fitness = 1.870450
Generation = 4  gamma = 0.770407  a = 1.096511  fitness = 1.860636
Generation = 5  gamma = 0.779558  a = 1.121222  fitness = 1.873035
Generation = 6  gamma = 0.791358  a = 1.139328  fitness = 1.874923
Generation = 7  gamma = 0.799441  a = 1.131291  fitness = 1.871124
Generation = 8  gamma = 0.786374  a = 1.122372  fitness = 1.865677
Generation = 9  gamma = 0.784512  a = 1.139479  fitness = 1.860832
Generation = 10  gamma = 0.799041  a = 1.130973  fitness = 1.875701
Generation = 11  gamma = 0.791004  a = 1.146436  fitness = 1.858681
Generation = 12  gamma = 0.796071  a = 1.159772  fitness = 1.876719
Generation = 13  gamma = 0.801821  a = 1.185588  fitness = 1.880031
Generation = 14  gamma = 0.806876  a = 1.151345  fitness = 1.873635
Generation = 15  gamma = 0.789029  a = 1.142671  fitness = 1.872075
Generation = 16  gamma = 0.796293  a = 1.158131  fitness = 1.873472
Generation = 17  gamma = 0.798658  a = 1.152612  fitness = 1.875424
Generation = 18  gamma = 0.802214  a = 1.152002  fitness = 1.847937
Generation = 19  gamma = 0.814680  a = 1.144214  fitness = 1.811819


###############################################################################
Peregrine Cluster
Job 2101007 for user 'p274981'
Finished at: Wed Aug 29 23:38:54 CEST 2018

Job details:
============




Acknowledgements:
=================

Please see this page if you want to acknowledge Peregrine in your publications:

https://redmine.hpc.rug.nl/redmine/projects/peregrine/wiki/ScientificOutput

################################################################################
