slurmstepd: error: Unable to create TMPDIR [/local/2100999]: Permission denied
slurmstepd: error: Setting TMPDIR to /tmp
try to find a completed true simulation with gamma = 0.01 and a = 1.0 ...
Generation = 0  gamma = 0.048099  a = 0.725552  fitness = 1.007467
Generation = 1  gamma = 0.011460  a = 0.973661  fitness = 1.500292
Generation = 2  gamma = 0.010729  a = 1.187235  fitness = 1.576410
Generation = 3  gamma = 0.010797  a = 1.268006  fitness = 1.643157
Generation = 4  gamma = 0.010828  a = 1.325298  fitness = 1.575989
Generation = 5  gamma = 0.011007  a = 1.355609  fitness = 1.585447
Generation = 6  gamma = 0.010945  a = 1.339923  fitness = 1.590854
Generation = 7  gamma = 0.010973  a = 1.349458  fitness = 1.572610
Generation = 8  gamma = 0.010888  a = 1.333965  fitness = 1.573959
Generation = 9  gamma = 0.010770  a = 1.329136  fitness = 1.575221
Generation = 10  gamma = 0.010814  a = 1.342187  fitness = 1.584983
Generation = 11  gamma = 0.010786  a = 1.331052  fitness = 1.563181
Generation = 12  gamma = 0.010769  a = 1.325408  fitness = 1.596327
Generation = 13  gamma = 0.010828  a = 1.332396  fitness = 1.597668
Generation = 14  gamma = 0.010742  a = 1.313686  fitness = 1.560371
Generation = 15  gamma = 0.010862  a = 1.321818  fitness = 1.567798
Generation = 16  gamma = 0.010795  a = 1.312339  fitness = 1.585057
Generation = 17  gamma = 0.010768  a = 1.335383  fitness = 1.606043
Generation = 18  gamma = 0.010801  a = 1.325529  fitness = 1.546224
Generation = 19  gamma = 0.010884  a = 1.335817  fitness = 1.593024


###############################################################################
Peregrine Cluster
Job 2101017 for user 'p274981'
Finished at: Wed Aug 29 23:39:52 CEST 2018

Job details:
============




Acknowledgements:
=================

Please see this page if you want to acknowledge Peregrine in your publications:

https://redmine.hpc.rug.nl/redmine/projects/peregrine/wiki/ScientificOutput

################################################################################
