try to find a completed true simulation with gamma = 0.01 and a = 0.0 ...
Generation = 0  gamma = 0.537846  a = 0.587405  fitness = 1.833969
Generation = 1  gamma = 0.646453  a = 0.763898  fitness = 1.832633
Generation = 2  gamma = 0.705892  a = 0.911742  fitness = 1.845040
Generation = 3  gamma = 0.749036  a = 0.998266  fitness = 1.834893
Generation = 4  gamma = 0.774087  a = 0.949046  fitness = 1.837574
Generation = 5  gamma = 0.786559  a = 0.919069  fitness = 1.834486
Generation = 6  gamma = 0.756954  a = 0.968914  fitness = 1.841045
Generation = 7  gamma = 0.763366  a = 1.005085  fitness = 1.832812
Generation = 8  gamma = 0.761035  a = 0.974337  fitness = 1.836899
Generation = 9  gamma = 0.779694  a = 1.051274  fitness = 1.830700
Generation = 10  gamma = 0.787714  a = 1.066572  fitness = 1.841330
Generation = 11  gamma = 0.782859  a = 1.041071  fitness = 1.839051
Generation = 12  gamma = 0.799889  a = 1.036508  fitness = 1.839660
Generation = 13  gamma = 0.813601  a = 1.056682  fitness = 1.844279
Generation = 14  gamma = 0.787326  a = 1.063304  fitness = 1.845649
Generation = 15  gamma = 0.776533  a = 1.015021  fitness = 1.838461
Generation = 16  gamma = 0.792437  a = 1.058173  fitness = 1.839679
Generation = 17  gamma = 0.826763  a = 1.030241  fitness = 1.830284
Generation = 18  gamma = 0.791585  a = 1.016587  fitness = 1.837150
Generation = 19  gamma = 0.786910  a = 1.024075  fitness = 1.840835


###############################################################################
Peregrine Cluster
Job 2101012 for user 'p274981'
Finished at: Wed Aug 29 23:38:33 CEST 2018

Job details:
============




Acknowledgements:
=================

Please see this page if you want to acknowledge Peregrine in your publications:

https://redmine.hpc.rug.nl/redmine/projects/peregrine/wiki/ScientificOutput

################################################################################
