try to find a completed true simulation with gamma = 0.1 and a = 0.0 ...
Generation = 0  gamma = 0.711544  a = 0.310163  fitness = 1.834386
Generation = 1  gamma = 0.853203  a = 0.280443  fitness = 1.838895
Generation = 2  gamma = 0.951556  a = 0.292829  fitness = 1.846561
Generation = 3  gamma = 1.040544  a = 0.329840  fitness = 1.837946
Generation = 4  gamma = 1.048854  a = 0.330827  fitness = 1.844500
Generation = 5  gamma = 1.084322  a = 0.335464  fitness = 1.851964
Generation = 6  gamma = 1.076897  a = 0.342911  fitness = 1.844633
Generation = 7  gamma = 1.100356  a = 0.317726  fitness = 1.844074
Generation = 8  gamma = 1.037032  a = 0.317045  fitness = 1.821794
Generation = 9  gamma = 1.027792  a = 0.312282  fitness = 1.832203
Generation = 10  gamma = 1.022989  a = 0.320453  fitness = 1.842477
Generation = 11  gamma = 1.048202  a = 0.330183  fitness = 1.847957
Generation = 12  gamma = 1.047486  a = 0.330112  fitness = 1.833419
Generation = 13  gamma = 1.032976  a = 0.321063  fitness = 1.833032
Generation = 14  gamma = 1.040844  a = 0.317181  fitness = 1.832283
Generation = 15  gamma = 1.031442  a = 0.332714  fitness = 1.848797
Generation = 16  gamma = 1.041271  a = 0.337693  fitness = 1.823371
Generation = 17  gamma = 1.047630  a = 0.318573  fitness = 1.808471
Generation = 18  gamma = 1.034041  a = 0.318917  fitness = 1.843975
Generation = 19  gamma = 1.036657  a = 0.328242  fitness = 1.826945


###############################################################################
Peregrine Cluster
Job 2101018 for user 'p274981'
Finished at: Wed Aug 29 23:37:57 CEST 2018

Job details:
============




Acknowledgements:
=================

Please see this page if you want to acknowledge Peregrine in your publications:

https://redmine.hpc.rug.nl/redmine/projects/peregrine/wiki/ScientificOutput

################################################################################
