try to find a completed true simulation with gamma = 0.1 and a = 1.0 ...
Generation = 0  gamma = 0.305297  a = 0.695231  fitness = 1.634412
Generation = 1  gamma = 0.224169  a = 0.834046  fitness = 1.663990
Generation = 2  gamma = 0.181380  a = 0.937958  fitness = 1.684167
Generation = 3  gamma = 0.163835  a = 1.064001  fitness = 1.696739
Generation = 4  gamma = 0.157543  a = 1.187464  fitness = 1.698657
Generation = 5  gamma = 0.153231  a = 1.257779  fitness = 1.712885
Generation = 6  gamma = 0.151845  a = 1.255739  fitness = 1.707929
Generation = 7  gamma = 0.147835  a = 1.335986  fitness = 1.717548
Generation = 8  gamma = 0.148283  a = 1.321307  fitness = 1.728139
Generation = 9  gamma = 0.150962  a = 1.339829  fitness = 1.720462
Generation = 10  gamma = 0.145705  a = 1.329070  fitness = 1.725792
Generation = 11  gamma = 0.141196  a = 1.336651  fitness = 1.733720
Generation = 12  gamma = 0.141072  a = 1.315271  fitness = 1.739151
Generation = 13  gamma = 0.141253  a = 1.304749  fitness = 1.740508
Generation = 14  gamma = 0.138234  a = 1.278462  fitness = 1.746867
Generation = 15  gamma = 0.133370  a = 1.242897  fitness = 1.744263
Generation = 16  gamma = 0.136622  a = 1.275699  fitness = 1.741342
Generation = 17  gamma = 0.139251  a = 1.266058  fitness = 1.755919
Generation = 18  gamma = 0.135549  a = 1.253351  fitness = 1.749348
Generation = 19  gamma = 0.136921  a = 1.252753  fitness = 1.749789


###############################################################################
Peregrine Cluster
Job 2101023 for user 'p274981'
Finished at: Wed Aug 29 23:38:57 CEST 2018

Job details:
============




Acknowledgements:
=================

Please see this page if you want to acknowledge Peregrine in your publications:

https://redmine.hpc.rug.nl/redmine/projects/peregrine/wiki/ScientificOutput

################################################################################
