try to find a completed true simulation with gamma = 0.1 and a = 0.01 ...
Generation = 0  gamma = 0.695310  a = 0.334129  fitness = 1.841493
Generation = 1  gamma = 0.878247  a = 0.300697  fitness = 1.846523
Generation = 2  gamma = 0.965495  a = 0.324351  fitness = 1.852607
Generation = 3  gamma = 1.017711  a = 0.325098  fitness = 1.850940
Generation = 4  gamma = 1.038937  a = 0.327127  fitness = 1.847124
Generation = 5  gamma = 1.042213  a = 0.331024  fitness = 1.837335
Generation = 6  gamma = 1.070873  a = 0.337025  fitness = 1.846677
Generation = 7  gamma = 1.085249  a = 0.338064  fitness = 1.839699
Generation = 8  gamma = 1.045563  a = 0.327669  fitness = 1.853201
Generation = 9  gamma = 1.044747  a = 0.342214  fitness = 1.848441
Generation = 10  gamma = 1.046602  a = 0.336544  fitness = 1.844571
Generation = 11  gamma = 1.059991  a = 0.345946  fitness = 1.852738
Generation = 12  gamma = 1.098198  a = 0.345445  fitness = 1.827052
Generation = 13  gamma = 1.093646  a = 0.369858  fitness = 1.836838
Generation = 14  gamma = 1.089743  a = 0.348991  fitness = 1.842347
Generation = 15  gamma = 1.067129  a = 0.332835  fitness = 1.843824
Generation = 16  gamma = 1.060838  a = 0.348108  fitness = 1.849416
Generation = 17  gamma = 1.076103  a = 0.353899  fitness = 1.829973
Generation = 18  gamma = 1.031934  a = 0.347655  fitness = 1.845799
Generation = 19  gamma = 1.044611  a = 0.329658  fitness = 1.850208


###############################################################################
Peregrine Cluster
Job 2101020 for user 'p274981'
Finished at: Wed Aug 29 23:37:45 CEST 2018

Job details:
============




Acknowledgements:
=================

Please see this page if you want to acknowledge Peregrine in your publications:

https://redmine.hpc.rug.nl/redmine/projects/peregrine/wiki/ScientificOutput

################################################################################
