try to find a completed true simulation with gamma = 0.1 and a = 0.001 ...
Generation = 0  gamma = 0.611225  a = 0.429870  fitness = 1.818674
Generation = 1  gamma = 0.731126  a = 0.461580  fitness = 1.829547
Generation = 2  gamma = 0.760560  a = 0.467521  fitness = 1.816428
Generation = 3  gamma = 0.780994  a = 0.456925  fitness = 1.837761
Generation = 4  gamma = 0.788022  a = 0.414822  fitness = 1.843512
Generation = 5  gamma = 0.828460  a = 0.468625  fitness = 1.843690
Generation = 6  gamma = 0.801432  a = 0.466435  fitness = 1.843909
Generation = 7  gamma = 0.807136  a = 0.461771  fitness = 1.815602
Generation = 8  gamma = 0.753573  a = 0.489031  fitness = 1.822174
Generation = 9  gamma = 0.789581  a = 0.485454  fitness = 1.840934
Generation = 10  gamma = 0.820567  a = 0.469772  fitness = 1.830538
Generation = 11  gamma = 0.816166  a = 0.485605  fitness = 1.829047
Generation = 12  gamma = 0.845208  a = 0.498964  fitness = 1.839137
Generation = 13  gamma = 0.818105  a = 0.497834  fitness = 1.829998
Generation = 14  gamma = 0.819192  a = 0.488250  fitness = 1.822124
Generation = 15  gamma = 0.828600  a = 0.495200  fitness = 1.834559
Generation = 16  gamma = 0.823663  a = 0.491080  fitness = 1.837805
Generation = 17  gamma = 0.809556  a = 0.490336  fitness = 1.838348
Generation = 18  gamma = 0.802970  a = 0.465411  fitness = 1.841508
Generation = 19  gamma = 0.794029  a = 0.434101  fitness = 1.832344


###############################################################################
Peregrine Cluster
Job 2101019 for user 'p274981'
Finished at: Wed Aug 29 23:38:16 CEST 2018

Job details:
============




Acknowledgements:
=================

Please see this page if you want to acknowledge Peregrine in your publications:

https://redmine.hpc.rug.nl/redmine/projects/peregrine/wiki/ScientificOutput

################################################################################
