try to find a completed true simulation with gamma = 0.5 and a = 0.1 ...
Generation = 0  gamma = 0.695294  a = 0.310498  fitness = 1.836907
Generation = 1  gamma = 0.838618  a = 0.290345  fitness = 1.832185
Generation = 2  gamma = 0.941723  a = 0.306445  fitness = 1.840489
Generation = 3  gamma = 0.978361  a = 0.312971  fitness = 1.844665
Generation = 4  gamma = 1.012075  a = 0.331894  fitness = 1.825077
Generation = 5  gamma = 1.014596  a = 0.327757  fitness = 1.832399
Generation = 6  gamma = 1.019425  a = 0.331084  fitness = 1.825958
Generation = 7  gamma = 1.033345  a = 0.355948  fitness = 1.836293
Generation = 8  gamma = 1.036830  a = 0.341463  fitness = 1.839388
Generation = 9  gamma = 1.085367  a = 0.366115  fitness = 1.843044
Generation = 10  gamma = 1.063339  a = 0.349361  fitness = 1.844782
Generation = 11  gamma = 1.064757  a = 0.353450  fitness = 1.826242
Generation = 12  gamma = 1.046218  a = 0.337861  fitness = 1.830943
Generation = 13  gamma = 1.029211  a = 0.326334  fitness = 1.846152
Generation = 14  gamma = 1.065175  a = 0.353497  fitness = 1.844584
Generation = 15  gamma = 1.081355  a = 0.341643  fitness = 1.846275
Generation = 16  gamma = 1.036930  a = 0.369721  fitness = 1.844692
Generation = 17  gamma = 1.080456  a = 0.356361  fitness = 1.831754
Generation = 18  gamma = 1.032967  a = 0.343990  fitness = 1.827467
Generation = 19  gamma = 1.002066  a = 0.313334  fitness = 1.839886


###############################################################################
Peregrine Cluster
Job 2101027 for user 'p274981'
Finished at: Wed Aug 29 23:37:59 CEST 2018

Job details:
============




Acknowledgements:
=================

Please see this page if you want to acknowledge Peregrine in your publications:

https://redmine.hpc.rug.nl/redmine/projects/peregrine/wiki/ScientificOutput

################################################################################
