try to find a completed true simulation with gamma = 0.5 and a = 0.0 ...
Generation = 0  gamma = 0.674848  a = 0.356294  fitness = 1.849481
Generation = 1  gamma = 0.841104  a = 0.349970  fitness = 1.824977
Generation = 2  gamma = 0.933088  a = 0.355119  fitness = 1.852302
Generation = 3  gamma = 0.956747  a = 0.337040  fitness = 1.848743
Generation = 4  gamma = 0.938984  a = 0.333232  fitness = 1.840707
Generation = 5  gamma = 1.009811  a = 0.342742  fitness = 1.834424
Generation = 6  gamma = 0.981582  a = 0.339499  fitness = 1.843977
Generation = 7  gamma = 0.965283  a = 0.317919  fitness = 1.850466
Generation = 8  gamma = 0.967575  a = 0.326684  fitness = 1.847409
Generation = 9  gamma = 0.966944  a = 0.343297  fitness = 1.855787
Generation = 10  gamma = 0.973247  a = 0.320797  fitness = 1.853689
Generation = 11  gamma = 0.949713  a = 0.326741  fitness = 1.849520
Generation = 12  gamma = 0.932786  a = 0.344834  fitness = 1.852858
Generation = 13  gamma = 0.946614  a = 0.344999  fitness = 1.852448
Generation = 14  gamma = 0.956325  a = 0.348342  fitness = 1.849663
Generation = 15  gamma = 0.983498  a = 0.333783  fitness = 1.855567
Generation = 16  gamma = 0.991755  a = 0.357524  fitness = 1.845486
Generation = 17  gamma = 0.965818  a = 0.340228  fitness = 1.855541
Generation = 18  gamma = 1.003618  a = 0.339014  fitness = 1.845934
Generation = 19  gamma = 1.016475  a = 0.338526  fitness = 1.850138


###############################################################################
Peregrine Cluster
Job 2101024 for user 'p274981'
Finished at: Wed Aug 29 23:37:42 CEST 2018

Job details:
============




Acknowledgements:
=================

Please see this page if you want to acknowledge Peregrine in your publications:

https://redmine.hpc.rug.nl/redmine/projects/peregrine/wiki/ScientificOutput

################################################################################
