try to find a completed true simulation with gamma = 0.5 and a = 0.001 ...
Generation = 0  gamma = 0.657417  a = 0.379033  fitness = 1.832562
Generation = 1  gamma = 0.813218  a = 0.337664  fitness = 1.840302
Generation = 2  gamma = 0.870693  a = 0.341942  fitness = 1.837112
Generation = 3  gamma = 0.865613  a = 0.334328  fitness = 1.837695
Generation = 4  gamma = 0.925263  a = 0.357236  fitness = 1.833421
Generation = 5  gamma = 0.916708  a = 0.362235  fitness = 1.841422
Generation = 6  gamma = 0.898975  a = 0.362084  fitness = 1.843864
Generation = 7  gamma = 0.895932  a = 0.358333  fitness = 1.831964
Generation = 8  gamma = 0.880807  a = 0.354253  fitness = 1.847407
Generation = 9  gamma = 0.889200  a = 0.347095  fitness = 1.842996
Generation = 10  gamma = 0.904077  a = 0.348360  fitness = 1.839772
Generation = 11  gamma = 0.917114  a = 0.367097  fitness = 1.840637
Generation = 12  gamma = 0.923416  a = 0.386797  fitness = 1.832541
Generation = 13  gamma = 0.913157  a = 0.376041  fitness = 1.836355
Generation = 14  gamma = 0.876452  a = 0.359308  fitness = 1.841868
Generation = 15  gamma = 0.884717  a = 0.353658  fitness = 1.833496
Generation = 16  gamma = 0.891537  a = 0.349365  fitness = 1.837467
Generation = 17  gamma = 0.906309  a = 0.368216  fitness = 1.841356
Generation = 18  gamma = 0.893803  a = 0.344317  fitness = 1.845258
Generation = 19  gamma = 0.912615  a = 0.346191  fitness = 1.838307


###############################################################################
Peregrine Cluster
Job 2101025 for user 'p274981'
Finished at: Wed Aug 29 23:37:52 CEST 2018

Job details:
============




Acknowledgements:
=================

Please see this page if you want to acknowledge Peregrine in your publications:

https://redmine.hpc.rug.nl/redmine/projects/peregrine/wiki/ScientificOutput

################################################################################
