try to find a completed true simulation with gamma = 1.0 and a = 0.01 ...
Generation = 0  gamma = 0.710527  a = 0.293080  fitness = 1.842632
Generation = 1  gamma = 0.866275  a = 0.273474  fitness = 1.853693
Generation = 2  gamma = 0.932858  a = 0.281526  fitness = 1.816833
Generation = 3  gamma = 1.007325  a = 0.303895  fitness = 1.857544
Generation = 4  gamma = 1.030233  a = 0.288733  fitness = 1.856198
Generation = 5  gamma = 1.064702  a = 0.309526  fitness = 1.853020
Generation = 6  gamma = 1.104590  a = 0.333449  fitness = 1.854104
Generation = 7  gamma = 1.120373  a = 0.346877  fitness = 1.851479
Generation = 8  gamma = 1.106272  a = 0.353280  fitness = 1.857508
Generation = 9  gamma = 1.106302  a = 0.343840  fitness = 1.860190
Generation = 10  gamma = 1.123112  a = 0.337406  fitness = 1.851794
Generation = 11  gamma = 1.085585  a = 0.336644  fitness = 1.842006
Generation = 12  gamma = 1.089143  a = 0.311745  fitness = 1.844671
Generation = 13  gamma = 1.065341  a = 0.317308  fitness = 1.858562
Generation = 14  gamma = 1.076532  a = 0.339502  fitness = 1.815233
Generation = 15  gamma = 1.092645  a = 0.333674  fitness = 1.818681
Generation = 16  gamma = 1.103558  a = 0.338482  fitness = 1.845531
Generation = 17  gamma = 1.149796  a = 0.349032  fitness = 1.853743
Generation = 18  gamma = 1.089138  a = 0.342039  fitness = 1.829758
Generation = 19  gamma = 1.099933  a = 0.341585  fitness = 1.826283


###############################################################################
Peregrine Cluster
Job 2101032 for user 'p274981'
Finished at: Wed Aug 29 23:50:13 CEST 2018

Job details:
============




Acknowledgements:
=================

Please see this page if you want to acknowledge Peregrine in your publications:

https://redmine.hpc.rug.nl/redmine/projects/peregrine/wiki/ScientificOutput

################################################################################
