try to find a completed true simulation with gamma = 1.0 and a = 0.1 ...
Generation = 0  gamma = 0.707503  a = 0.316548  fitness = 1.841380
Generation = 1  gamma = 0.877098  a = 0.298096  fitness = 1.834270
Generation = 2  gamma = 0.931694  a = 0.316592  fitness = 1.825187
Generation = 3  gamma = 0.990625  a = 0.314845  fitness = 1.851967
Generation = 4  gamma = 1.059289  a = 0.334006  fitness = 1.845262
Generation = 5  gamma = 1.059136  a = 0.345268  fitness = 1.855575
Generation = 6  gamma = 1.080491  a = 0.340777  fitness = 1.849754
Generation = 7  gamma = 1.065251  a = 0.350797  fitness = 1.838011
Generation = 8  gamma = 1.055278  a = 0.348221  fitness = 1.848664
Generation = 9  gamma = 1.066880  a = 0.334132  fitness = 1.844409
Generation = 10  gamma = 1.083236  a = 0.335465  fitness = 1.854657
Generation = 11  gamma = 1.083250  a = 0.317684  fitness = 1.838498
Generation = 12  gamma = 1.049528  a = 0.308480  fitness = 1.855142
Generation = 13  gamma = 1.057889  a = 0.309416  fitness = 1.820524
Generation = 14  gamma = 1.076314  a = 0.334222  fitness = 1.838717
Generation = 15  gamma = 1.090465  a = 0.329109  fitness = 1.848831
Generation = 16  gamma = 1.109421  a = 0.342206  fitness = 1.852340
Generation = 17  gamma = 1.060604  a = 0.331398  fitness = 1.853004
Generation = 18  gamma = 1.065010  a = 0.361899  fitness = 1.853138
Generation = 19  gamma = 1.087911  a = 0.361719  fitness = 1.844728


###############################################################################
Peregrine Cluster
Job 2101033 for user 'p274981'
Finished at: Wed Aug 29 23:50:31 CEST 2018

Job details:
============




Acknowledgements:
=================

Please see this page if you want to acknowledge Peregrine in your publications:

https://redmine.hpc.rug.nl/redmine/projects/peregrine/wiki/ScientificOutput

################################################################################
