try to find a completed true simulation with gamma = 1.0 and a = 0.0 ...
Generation = 0  gamma = 0.723988  a = 0.311297  fitness = 1.842603
Generation = 1  gamma = 0.884229  a = 0.279507  fitness = 1.843003
Generation = 2  gamma = 0.964581  a = 0.291227  fitness = 1.842812
Generation = 3  gamma = 0.988091  a = 0.299588  fitness = 1.850441
Generation = 4  gamma = 1.023081  a = 0.321896  fitness = 1.857312
Generation = 5  gamma = 1.056237  a = 0.326762  fitness = 1.810703
Generation = 6  gamma = 1.093307  a = 0.334652  fitness = 1.845832
Generation = 7  gamma = 1.090138  a = 0.339221  fitness = 1.837976
Generation = 8  gamma = 1.112085  a = 0.347678  fitness = 1.848454
Generation = 9  gamma = 1.120098  a = 0.353119  fitness = 1.842793
Generation = 10  gamma = 1.140626  a = 0.350957  fitness = 1.854603
Generation = 11  gamma = 1.108768  a = 0.341949  fitness = 1.856542
Generation = 12  gamma = 1.092071  a = 0.334975  fitness = 1.854433
Generation = 13  gamma = 1.077938  a = 0.333525  fitness = 1.836487
Generation = 14  gamma = 1.089345  a = 0.331568  fitness = 1.857602
Generation = 15  gamma = 1.116911  a = 0.320722  fitness = 1.850892
Generation = 16  gamma = 1.110303  a = 0.349875  fitness = 1.835092
Generation = 17  gamma = 1.073128  a = 0.328606  fitness = 1.853554
Generation = 18  gamma = 1.060596  a = 0.328825  fitness = 1.854916
Generation = 19  gamma = 1.103622  a = 0.341032  fitness = 1.846514


###############################################################################
Peregrine Cluster
Job 2101030 for user 'p274981'
Finished at: Wed Aug 29 23:39:37 CEST 2018

Job details:
============




Acknowledgements:
=================

Please see this page if you want to acknowledge Peregrine in your publications:

https://redmine.hpc.rug.nl/redmine/projects/peregrine/wiki/ScientificOutput

################################################################################
