Submitted batch job 2101042
Submitted batch job 2101043
Submitted batch job 2101044
Submitted batch job 2101045
Submitted batch job 2101046
Submitted batch job 2101047
Submitted batch job 2101048
Submitted batch job 2101049
Submitted batch job 2101050
Submitted batch job 2101051
Submitted batch job 2101052
Submitted batch job 2101053
Submitted batch job 2101054
Submitted batch job 2101055
Submitted batch job 2101056
Submitted batch job 2101057
Submitted batch job 2101058
Submitted batch job 2101059
Submitted batch job 2101060
Submitted batch job 2101061
Submitted batch job 2101062
Submitted batch job 2101063
Submitted batch job 2101064
Submitted batch job 2101065
Submitted batch job 2101066
Submitted batch job 2101067
Submitted batch job 2101068
Submitted batch job 2101069
Submitted batch job 2101070
Submitted batch job 2101071
Submitted batch job 2101072
Submitted batch job 2101073
Submitted batch job 2101074
Submitted batch job 2101075
Submitted batch job 2101076
Submitted batch job 2101077


###############################################################################
Peregrine Cluster
Job 2101041 for user 'p274981'
Finished at: Thu Aug 30 00:41:23 CEST 2018

Job details:
============




Acknowledgements:
=================

Please see this page if you want to acknowledge Peregrine in your publications:

https://redmine.hpc.rug.nl/redmine/projects/peregrine/wiki/ScientificOutput

################################################################################
