try to find a completed true simulation with gamma = 0.0 and a = 0.0 ...
Generation = 0  gamma = 0.593600  a = 0.648388  fitness = 1.814979
Generation = 1  gamma = 0.677674  a = 0.853558  fitness = 1.822065
Generation = 2  gamma = 0.780866  a = 0.949913  fitness = 1.818940
Generation = 3  gamma = 0.818612  a = 1.022708  fitness = 1.816132
Generation = 4  gamma = 0.852056  a = 1.075369  fitness = 1.811428
Generation = 5  gamma = 0.839206  a = 1.126492  fitness = 1.808853
Generation = 6  gamma = 0.847218  a = 1.110377  fitness = 1.819749
Generation = 7  gamma = 0.852889  a = 1.068599  fitness = 1.809305
Generation = 8  gamma = 0.857010  a = 1.115067  fitness = 1.814661
Generation = 9  gamma = 0.860078  a = 1.097168  fitness = 1.807852
Generation = 10  gamma = 0.872462  a = 1.083175  fitness = 1.819197
Generation = 11  gamma = 0.895249  a = 1.107636  fitness = 1.807089
Generation = 12  gamma = 0.903338  a = 1.120867  fitness = 1.812144
Generation = 13  gamma = 0.901490  a = 1.108723  fitness = 1.798474
Generation = 14  gamma = 0.916862  a = 1.110052  fitness = 1.809339
Generation = 15  gamma = 0.969888  a = 1.071568  fitness = 1.805178
Generation = 16  gamma = 0.892204  a = 1.155066  fitness = 1.805121
Generation = 17  gamma = 0.900540  a = 1.100563  fitness = 1.819395
Generation = 18  gamma = 0.919511  a = 1.081929  fitness = 1.811732
Generation = 19  gamma = 0.896962  a = 1.087195  fitness = 1.800289


###############################################################################
Peregrine Cluster
Job 2101042 for user 'p274981'
Finished at: Thu Aug 30 02:51:37 CEST 2018

Job details:
============




Acknowledgements:
=================

Please see this page if you want to acknowledge Peregrine in your publications:

https://redmine.hpc.rug.nl/redmine/projects/peregrine/wiki/ScientificOutput

################################################################################
