try to find a completed true simulation with gamma = 0.0 and a = 0.001 ...
Generation = 0  gamma = 0.512910  a = 0.684786  fitness = 1.830535
Generation = 1  gamma = 0.624645  a = 0.891398  fitness = 1.840361
Generation = 2  gamma = 0.682590  a = 0.980853  fitness = 1.839650
Generation = 3  gamma = 0.721634  a = 1.051002  fitness = 1.843430
Generation = 4  gamma = 0.750524  a = 1.094862  fitness = 1.841167
Generation = 5  gamma = 0.744955  a = 1.048402  fitness = 1.826551
Generation = 6  gamma = 0.760712  a = 1.102646  fitness = 1.838737
Generation = 7  gamma = 0.768751  a = 1.110261  fitness = 1.832730
Generation = 8  gamma = 0.791187  a = 1.115979  fitness = 1.838672
Generation = 9  gamma = 0.778239  a = 1.112952  fitness = 1.833506
Generation = 10  gamma = 0.811923  a = 1.117560  fitness = 1.830020
Generation = 11  gamma = 0.831543  a = 1.135497  fitness = 1.826688
Generation = 12  gamma = 0.806437  a = 1.117479  fitness = 1.842762
Generation = 13  gamma = 0.819329  a = 1.133291  fitness = 1.827454
Generation = 14  gamma = 0.848574  a = 1.177943  fitness = 1.839177
Generation = 15  gamma = 0.884902  a = 1.203082  fitness = 1.834638
Generation = 16  gamma = 0.806063  a = 1.159812  fitness = 1.842944
Generation = 17  gamma = 0.814882  a = 1.174256  fitness = 1.840096
Generation = 18  gamma = 0.819770  a = 1.156952  fitness = 1.839506
Generation = 19  gamma = 0.832233  a = 1.152835  fitness = 1.822233


###############################################################################
Peregrine Cluster
Job 2101043 for user 'p274981'
Finished at: Thu Aug 30 02:51:42 CEST 2018

Job details:
============




Acknowledgements:
=================

Please see this page if you want to acknowledge Peregrine in your publications:

https://redmine.hpc.rug.nl/redmine/projects/peregrine/wiki/ScientificOutput

################################################################################
