try to find a completed true simulation with gamma = 0.0 and a = 0.1 ...
Generation = 0  gamma = 0.057917  a = 0.714497  fitness = 0.336077
Generation = 1  gamma = 0.003636  a = 0.873485  fitness = 0.925472
Generation = 2  gamma = 0.000220  a = 0.723501  fitness = 1.348807
Generation = 3  gamma = 0.000066  a = 0.251392  fitness = 1.579850
Generation = 4  gamma = 0.000031  a = 0.163609  fitness = 1.726595
Generation = 5  gamma = 0.000018  a = 0.139171  fitness = 1.797767
Generation = 6  gamma = 0.000013  a = 0.129761  fitness = 1.831431
Generation = 7  gamma = 0.000011  a = 0.124578  fitness = 1.852490
Generation = 8  gamma = 0.000010  a = 0.120793  fitness = 1.858137
Generation = 9  gamma = 0.000010  a = 0.121796  fitness = 1.856943
Generation = 10  gamma = 0.000010  a = 0.120996  fitness = 1.862176
Generation = 11  gamma = 0.000009  a = 0.119319  fitness = 1.858894
Generation = 12  gamma = 0.000009  a = 0.120571  fitness = 1.861351
Generation = 13  gamma = 0.000009  a = 0.120142  fitness = 1.860732
Generation = 14  gamma = 0.000009  a = 0.118173  fitness = 1.862792
Generation = 15  gamma = 0.000009  a = 0.118308  fitness = 1.865529
Generation = 16  gamma = 0.000009  a = 0.118293  fitness = 1.865763
Generation = 17  gamma = 0.000009  a = 0.118642  fitness = 1.868213
Generation = 18  gamma = 0.000009  a = 0.117153  fitness = 1.867319
Generation = 19  gamma = 0.000009  a = 0.118796  fitness = 1.862935


###############################################################################
Peregrine Cluster
Job 2101045 for user 'p274981'
Finished at: Thu Aug 30 02:26:05 CEST 2018

Job details:
============




Acknowledgements:
=================

Please see this page if you want to acknowledge Peregrine in your publications:

https://redmine.hpc.rug.nl/redmine/projects/peregrine/wiki/ScientificOutput

################################################################################
