try to find a completed true simulation with gamma = 0.001 and a = 0.001 ...
Generation = 0  gamma = 0.494969  a = 0.669714  fitness = 1.864359
Generation = 1  gamma = 0.574736  a = 0.870174  fitness = 1.878254
Generation = 2  gamma = 0.629484  a = 0.969703  fitness = 1.868368
Generation = 3  gamma = 0.671679  a = 1.023699  fitness = 1.869964
Generation = 4  gamma = 0.695027  a = 1.061450  fitness = 1.871819
Generation = 5  gamma = 0.703811  a = 1.070347  fitness = 1.881063
Generation = 6  gamma = 0.715328  a = 1.069527  fitness = 1.883644
Generation = 7  gamma = 0.714798  a = 1.067334  fitness = 1.859216
Generation = 8  gamma = 0.727159  a = 1.065942  fitness = 1.876438
Generation = 9  gamma = 0.723318  a = 1.082003  fitness = 1.873975
Generation = 10  gamma = 0.753467  a = 1.109315  fitness = 1.850713
Generation = 11  gamma = 0.774908  a = 1.111342  fitness = 1.866285
Generation = 12  gamma = 0.752433  a = 1.118233  fitness = 1.876017
Generation = 13  gamma = 0.752079  a = 1.123270  fitness = 1.882922
Generation = 14  gamma = 0.757973  a = 1.131112  fitness = 1.881018
Generation = 15  gamma = 0.760539  a = 1.103319  fitness = 1.867138
Generation = 16  gamma = 0.762396  a = 1.097920  fitness = 1.878445
Generation = 17  gamma = 0.768228  a = 1.125641  fitness = 1.881483
Generation = 18  gamma = 0.778916  a = 1.133406  fitness = 1.860554
Generation = 19  gamma = 0.765919  a = 1.127156  fitness = 1.865339


###############################################################################
Peregrine Cluster
Job 2101049 for user 'p274981'
Finished at: Thu Aug 30 02:52:10 CEST 2018

Job details:
============




Acknowledgements:
=================

Please see this page if you want to acknowledge Peregrine in your publications:

https://redmine.hpc.rug.nl/redmine/projects/peregrine/wiki/ScientificOutput

################################################################################
