try to find a completed true simulation with gamma = 0.001 and a = 0.1 ...
Generation = 0  gamma = 0.067420  a = 0.703602  fitness = 0.498883
Generation = 1  gamma = 0.006579  a = 0.829728  fitness = 0.946929
Generation = 2  gamma = 0.004527  a = 0.562905  fitness = 1.240925
Generation = 3  gamma = 0.002730  a = 0.409750  fitness = 1.257942
Generation = 4  gamma = 0.002015  a = 0.334888  fitness = 1.316411
Generation = 5  gamma = 0.001630  a = 0.285246  fitness = 1.324389
Generation = 6  gamma = 0.001597  a = 0.268520  fitness = 1.393248
Generation = 7  gamma = 0.001490  a = 0.256989  fitness = 1.373168
Generation = 8  gamma = 0.001476  a = 0.249551  fitness = 1.392146
Generation = 9  gamma = 0.001433  a = 0.245329  fitness = 1.401505
Generation = 10  gamma = 0.001401  a = 0.240782  fitness = 1.395582
Generation = 11  gamma = 0.001355  a = 0.238378  fitness = 1.394285
Generation = 12  gamma = 0.001352  a = 0.233086  fitness = 1.412601
Generation = 13  gamma = 0.001376  a = 0.240125  fitness = 1.419488
Generation = 14  gamma = 0.001381  a = 0.241047  fitness = 1.403839
Generation = 15  gamma = 0.001335  a = 0.232922  fitness = 1.395126
Generation = 16  gamma = 0.001302  a = 0.234197  fitness = 1.388630
Generation = 17  gamma = 0.001322  a = 0.231966  fitness = 1.415102
Generation = 18  gamma = 0.001281  a = 0.229795  fitness = 1.379825
Generation = 19  gamma = 0.001298  a = 0.227095  fitness = 1.404660


###############################################################################
Peregrine Cluster
Job 2101051 for user 'p274981'
Finished at: Thu Aug 30 02:39:28 CEST 2018

Job details:
============




Acknowledgements:
=================

Please see this page if you want to acknowledge Peregrine in your publications:

https://redmine.hpc.rug.nl/redmine/projects/peregrine/wiki/ScientificOutput

################################################################################
