try to find a completed true simulation with gamma = 0.01 and a = 0.0 ...
Generation = 0  gamma = 0.673246  a = 0.325475  fitness = 1.867282
Generation = 1  gamma = 0.819312  a = 0.288666  fitness = 1.873651
Generation = 2  gamma = 0.904227  a = 0.304982  fitness = 1.860979
Generation = 3  gamma = 0.939317  a = 0.324499  fitness = 1.870861
Generation = 4  gamma = 0.946850  a = 0.346076  fitness = 1.844628
Generation = 5  gamma = 0.948076  a = 0.332127  fitness = 1.863329
Generation = 6  gamma = 0.957794  a = 0.329237  fitness = 1.867157
Generation = 7  gamma = 0.993857  a = 0.322125  fitness = 1.870883
Generation = 8  gamma = 0.987296  a = 0.352782  fitness = 1.858588
Generation = 9  gamma = 1.012330  a = 0.341756  fitness = 1.872221
Generation = 10  gamma = 1.017265  a = 0.326887  fitness = 1.868332
Generation = 11  gamma = 0.993205  a = 0.344513  fitness = 1.866411
Generation = 12  gamma = 0.964041  a = 0.328831  fitness = 1.872782
Generation = 13  gamma = 0.974020  a = 0.332305  fitness = 1.871093
Generation = 14  gamma = 0.967076  a = 0.327797  fitness = 1.871111
Generation = 15  gamma = 0.960580  a = 0.334521  fitness = 1.870859
Generation = 16  gamma = 0.958823  a = 0.344449  fitness = 1.861320
Generation = 17  gamma = 0.986335  a = 0.331085  fitness = 1.863758
Generation = 18  gamma = 0.985848  a = 0.327317  fitness = 1.862306
Generation = 19  gamma = 0.946435  a = 0.318893  fitness = 1.868342


###############################################################################
Peregrine Cluster
Job 2101054 for user 'p274981'
Finished at: Thu Aug 30 02:45:59 CEST 2018

Job details:
============




Acknowledgements:
=================

Please see this page if you want to acknowledge Peregrine in your publications:

https://redmine.hpc.rug.nl/redmine/projects/peregrine/wiki/ScientificOutput

################################################################################
