try to find a completed true simulation with gamma = 0.01 and a = 0.01 ...
Generation = 0  gamma = 0.514466  a = 0.685507  fitness = 1.846980
Generation = 1  gamma = 0.582492  a = 0.859532  fitness = 1.862752
Generation = 2  gamma = 0.629041  a = 0.927405  fitness = 1.860258
Generation = 3  gamma = 0.670347  a = 0.987316  fitness = 1.854430
Generation = 4  gamma = 0.685793  a = 1.006920  fitness = 1.860725
Generation = 5  gamma = 0.722026  a = 1.042220  fitness = 1.852222
Generation = 6  gamma = 0.720009  a = 1.062399  fitness = 1.862883
Generation = 7  gamma = 0.745030  a = 1.095044  fitness = 1.866114
Generation = 8  gamma = 0.777655  a = 1.116773  fitness = 1.865026
Generation = 9  gamma = 0.791471  a = 1.138194  fitness = 1.864175
Generation = 10  gamma = 0.776464  a = 1.118397  fitness = 1.869425
Generation = 11  gamma = 0.784213  a = 1.111427  fitness = 1.853114
Generation = 12  gamma = 0.769781  a = 1.105012  fitness = 1.872494
Generation = 13  gamma = 0.758589  a = 1.092675  fitness = 1.860383
Generation = 14  gamma = 0.748952  a = 1.115231  fitness = 1.856946
Generation = 15  gamma = 0.771334  a = 1.095696  fitness = 1.863278
Generation = 16  gamma = 0.751429  a = 1.085904  fitness = 1.867897
Generation = 17  gamma = 0.753235  a = 1.082117  fitness = 1.868545
Generation = 18  gamma = 0.742325  a = 1.062795  fitness = 1.868632
Generation = 19  gamma = 0.742111  a = 1.111945  fitness = 1.867798


###############################################################################
Peregrine Cluster
Job 2101056 for user 'p274981'
Finished at: Thu Aug 30 02:53:52 CEST 2018

Job details:
============




Acknowledgements:
=================

Please see this page if you want to acknowledge Peregrine in your publications:

https://redmine.hpc.rug.nl/redmine/projects/peregrine/wiki/ScientificOutput

################################################################################
