try to find a completed true simulation with gamma = 0.01 and a = 0.001 ...
Generation = 0  gamma = 0.648085  a = 0.340068  fitness = 1.839605
Generation = 1  gamma = 0.811894  a = 0.314006  fitness = 1.826857
Generation = 2  gamma = 0.896835  a = 0.338755  fitness = 1.846053
Generation = 3  gamma = 0.920002  a = 0.320905  fitness = 1.841270
Generation = 4  gamma = 0.912854  a = 0.326455  fitness = 1.846749
Generation = 5  gamma = 0.969014  a = 0.359903  fitness = 1.843414
Generation = 6  gamma = 0.966712  a = 0.330528  fitness = 1.846980
Generation = 7  gamma = 0.967138  a = 0.333355  fitness = 1.839583
Generation = 8  gamma = 0.957614  a = 0.335933  fitness = 1.847894
Generation = 9  gamma = 0.937895  a = 0.328239  fitness = 1.844695
Generation = 10  gamma = 0.941799  a = 0.340123  fitness = 1.842114
Generation = 11  gamma = 0.983342  a = 0.335750  fitness = 1.843168
Generation = 12  gamma = 0.943314  a = 0.355771  fitness = 1.838190
Generation = 13  gamma = 0.972952  a = 0.335624  fitness = 1.843384
Generation = 14  gamma = 0.955196  a = 0.329224  fitness = 1.848694
Generation = 15  gamma = 0.944029  a = 0.312922  fitness = 1.842194
Generation = 16  gamma = 0.926897  a = 0.323465  fitness = 1.837783
Generation = 17  gamma = 0.985256  a = 0.348235  fitness = 1.837498
Generation = 18  gamma = 0.941382  a = 0.342996  fitness = 1.825213
Generation = 19  gamma = 0.946822  a = 0.344173  fitness = 1.826948


###############################################################################
Peregrine Cluster
Job 2101055 for user 'p274981'
Finished at: Thu Aug 30 02:45:39 CEST 2018

Job details:
============




Acknowledgements:
=================

Please see this page if you want to acknowledge Peregrine in your publications:

https://redmine.hpc.rug.nl/redmine/projects/peregrine/wiki/ScientificOutput

################################################################################
