try to find a completed true simulation with gamma = 0.1 and a = 0.1 ...
Generation = 0  gamma = 0.491434  a = 0.677676  fitness = 1.883183
Generation = 1  gamma = 0.567579  a = 0.865033  fitness = 1.890243
Generation = 2  gamma = 0.607677  a = 0.929533  fitness = 1.885568
Generation = 3  gamma = 0.630572  a = 0.961431  fitness = 1.896708
Generation = 4  gamma = 0.660944  a = 1.028607  fitness = 1.878565
Generation = 5  gamma = 0.704426  a = 1.075929  fitness = 1.890400
Generation = 6  gamma = 0.699089  a = 1.075816  fitness = 1.898957
Generation = 7  gamma = 0.714478  a = 1.083208  fitness = 1.884327
Generation = 8  gamma = 0.714778  a = 1.063188  fitness = 1.896624
Generation = 9  gamma = 0.711617  a = 1.089293  fitness = 1.894938
Generation = 10  gamma = 0.717845  a = 1.083257  fitness = 1.890641
Generation = 11  gamma = 0.710006  a = 1.071406  fitness = 1.891239
Generation = 12  gamma = 0.713129  a = 1.074225  fitness = 1.897193
Generation = 13  gamma = 0.739109  a = 1.117656  fitness = 1.890763
Generation = 14  gamma = 0.747144  a = 1.115461  fitness = 1.894420
Generation = 15  gamma = 0.719146  a = 1.084247  fitness = 1.885173
Generation = 16  gamma = 0.721774  a = 1.089350  fitness = 1.893119
Generation = 17  gamma = 0.734374  a = 1.112929  fitness = 1.886222
Generation = 18  gamma = 0.741647  a = 1.134398  fitness = 1.876231
Generation = 19  gamma = 0.743391  a = 1.123516  fitness = 1.889485


###############################################################################
Peregrine Cluster
Job 2101063 for user 'p274981'
Finished at: Thu Aug 30 02:51:11 CEST 2018

Job details:
============




Acknowledgements:
=================

Please see this page if you want to acknowledge Peregrine in your publications:

https://redmine.hpc.rug.nl/redmine/projects/peregrine/wiki/ScientificOutput

################################################################################
