try to find a completed true simulation with gamma = 0.1 and a = 0.0 ...
Generation = 0  gamma = 0.661575  a = 0.348532  fitness = 1.838743
Generation = 1  gamma = 0.809534  a = 0.331213  fitness = 1.859005
Generation = 2  gamma = 0.948282  a = 0.355275  fitness = 1.851618
Generation = 3  gamma = 1.004610  a = 0.361164  fitness = 1.842104
Generation = 4  gamma = 0.988814  a = 0.381791  fitness = 1.848793
Generation = 5  gamma = 0.975422  a = 0.378454  fitness = 1.859097
Generation = 6  gamma = 0.991608  a = 0.377976  fitness = 1.849835
Generation = 7  gamma = 0.961400  a = 0.380163  fitness = 1.854077
Generation = 8  gamma = 0.957092  a = 0.375375  fitness = 1.852423
Generation = 9  gamma = 0.976504  a = 0.392405  fitness = 1.856199
Generation = 10  gamma = 0.972700  a = 0.379227  fitness = 1.859612
Generation = 11  gamma = 0.973854  a = 0.365043  fitness = 1.819339
Generation = 12  gamma = 0.934396  a = 0.363526  fitness = 1.847617
Generation = 13  gamma = 1.018868  a = 0.395687  fitness = 1.857496
Generation = 14  gamma = 0.977054  a = 0.378532  fitness = 1.847074
Generation = 15  gamma = 1.013790  a = 0.383459  fitness = 1.853146
Generation = 16  gamma = 1.001646  a = 0.375059  fitness = 1.851492
Generation = 17  gamma = 0.986947  a = 0.380191  fitness = 1.854635
Generation = 18  gamma = 0.988683  a = 0.390243  fitness = 1.860014
Generation = 19  gamma = 0.981202  a = 0.373862  fitness = 1.853740


###############################################################################
Peregrine Cluster
Job 2101060 for user 'p274981'
Finished at: Thu Aug 30 02:44:57 CEST 2018

Job details:
============




Acknowledgements:
=================

Please see this page if you want to acknowledge Peregrine in your publications:

https://redmine.hpc.rug.nl/redmine/projects/peregrine/wiki/ScientificOutput

################################################################################
