try to find a completed true simulation with gamma = 0.1 and a = 0.5 ...
Generation = 0  gamma = 0.383205  a = 0.685202  fitness = 1.743181
Generation = 1  gamma = 0.367230  a = 0.849430  fitness = 1.759910
Generation = 2  gamma = 0.376757  a = 0.898046  fitness = 1.763737
Generation = 3  gamma = 0.372782  a = 0.989836  fitness = 1.757533
Generation = 4  gamma = 0.358680  a = 1.012643  fitness = 1.758756
Generation = 5  gamma = 0.355082  a = 1.055069  fitness = 1.744961
Generation = 6  gamma = 0.391152  a = 1.043447  fitness = 1.766863
Generation = 7  gamma = 0.375476  a = 1.070490  fitness = 1.754553
Generation = 8  gamma = 0.372947  a = 1.054646  fitness = 1.767201
Generation = 9  gamma = 0.391581  a = 1.052974  fitness = 1.772702
Generation = 10  gamma = 0.382420  a = 1.048338  fitness = 1.752391
Generation = 11  gamma = 0.402256  a = 1.081049  fitness = 1.764601
Generation = 12  gamma = 0.389612  a = 1.042787  fitness = 1.755845
Generation = 13  gamma = 0.380113  a = 1.044744  fitness = 1.768922
Generation = 14  gamma = 0.394931  a = 1.032676  fitness = 1.757444
Generation = 15  gamma = 0.387523  a = 1.058701  fitness = 1.767497
Generation = 16  gamma = 0.407545  a = 1.062158  fitness = 1.765099
Generation = 17  gamma = 0.394230  a = 1.041574  fitness = 1.759533
Generation = 18  gamma = 0.400599  a = 1.033533  fitness = 1.757732
Generation = 19  gamma = 0.386714  a = 1.069990  fitness = 1.765518


###############################################################################
Peregrine Cluster
Job 2101064 for user 'p274981'
Finished at: Thu Aug 30 02:47:54 CEST 2018

Job details:
============




Acknowledgements:
=================

Please see this page if you want to acknowledge Peregrine in your publications:

https://redmine.hpc.rug.nl/redmine/projects/peregrine/wiki/ScientificOutput

################################################################################
