try to find a completed true simulation with gamma = 0.5 and a = 0.01 ...
Generation = 0  gamma = 0.673469  a = 0.315923  fitness = 1.873109
Generation = 1  gamma = 0.831373  a = 0.299197  fitness = 1.860625
Generation = 2  gamma = 0.894487  a = 0.324615  fitness = 1.884705
Generation = 3  gamma = 0.934565  a = 0.304260  fitness = 1.883259
Generation = 4  gamma = 1.010311  a = 0.335719  fitness = 1.883440
Generation = 5  gamma = 1.021659  a = 0.335852  fitness = 1.877313
Generation = 6  gamma = 0.980746  a = 0.324696  fitness = 1.883778
Generation = 7  gamma = 0.983643  a = 0.346693  fitness = 1.885586
Generation = 8  gamma = 0.951590  a = 0.334015  fitness = 1.874496
Generation = 9  gamma = 1.001108  a = 0.335196  fitness = 1.885660
Generation = 10  gamma = 0.990061  a = 0.329944  fitness = 1.886918
Generation = 11  gamma = 1.000679  a = 0.315412  fitness = 1.860848
Generation = 12  gamma = 1.015400  a = 0.303595  fitness = 1.886759
Generation = 13  gamma = 0.978957  a = 0.321910  fitness = 1.880393
Generation = 14  gamma = 0.985920  a = 0.308507  fitness = 1.885465
Generation = 15  gamma = 0.978809  a = 0.326776  fitness = 1.885209
Generation = 16  gamma = 0.967697  a = 0.323878  fitness = 1.876790
Generation = 17  gamma = 0.977892  a = 0.321374  fitness = 1.881065
Generation = 18  gamma = 0.987840  a = 0.316624  fitness = 1.857610
Generation = 19  gamma = 0.974714  a = 0.338228  fitness = 1.877541


###############################################################################
Peregrine Cluster
Job 2101068 for user 'p274981'
Finished at: Thu Aug 30 02:44:57 CEST 2018

Job details:
============




Acknowledgements:
=================

Please see this page if you want to acknowledge Peregrine in your publications:

https://redmine.hpc.rug.nl/redmine/projects/peregrine/wiki/ScientificOutput

################################################################################
