try to find a completed true simulation with gamma = 0.5 and a = 0.5 ...
Generation = 0  gamma = 0.495084  a = 0.661615  fitness = 1.872040
Generation = 1  gamma = 0.557336  a = 0.847594  fitness = 1.886124
Generation = 2  gamma = 0.605265  a = 0.911807  fitness = 1.893110
Generation = 3  gamma = 0.622786  a = 0.956672  fitness = 1.892569
Generation = 4  gamma = 0.644727  a = 0.995128  fitness = 1.893367
Generation = 5  gamma = 0.667404  a = 1.033924  fitness = 1.899356
Generation = 6  gamma = 0.711847  a = 1.066070  fitness = 1.896915
Generation = 7  gamma = 0.716346  a = 1.079490  fitness = 1.897768
Generation = 8  gamma = 0.716502  a = 1.080441  fitness = 1.899180
Generation = 9  gamma = 0.724959  a = 1.062952  fitness = 1.886261
Generation = 10  gamma = 0.721776  a = 1.071650  fitness = 1.902177
Generation = 11  gamma = 0.713210  a = 1.086064  fitness = 1.899439
Generation = 12  gamma = 0.737371  a = 1.095823  fitness = 1.896216
Generation = 13  gamma = 0.735105  a = 1.077273  fitness = 1.893479
Generation = 14  gamma = 0.723485  a = 1.100050  fitness = 1.894616
Generation = 15  gamma = 0.746711  a = 1.112027  fitness = 1.893387
Generation = 16  gamma = 0.738617  a = 1.097064  fitness = 1.890513
Generation = 17  gamma = 0.745747  a = 1.099532  fitness = 1.893062
Generation = 18  gamma = 0.743098  a = 1.112093  fitness = 1.899856
Generation = 19  gamma = 0.740561  a = 1.107113  fitness = 1.877468


###############################################################################
Peregrine Cluster
Job 2101070 for user 'p274981'
Finished at: Thu Aug 30 03:00:04 CEST 2018

Job details:
============




Acknowledgements:
=================

Please see this page if you want to acknowledge Peregrine in your publications:

https://redmine.hpc.rug.nl/redmine/projects/peregrine/wiki/ScientificOutput

################################################################################
