try to find a completed true simulation with gamma = 0.5 and a = 1.0 ...
Generation = 0  gamma = 0.469636  a = 0.686146  fitness = 1.888113
Generation = 1  gamma = 0.514449  a = 0.814164  fitness = 1.902407
Generation = 2  gamma = 0.546908  a = 0.872656  fitness = 1.905841
Generation = 3  gamma = 0.577031  a = 0.919683  fitness = 1.906836
Generation = 4  gamma = 0.587983  a = 0.950569  fitness = 1.903784
Generation = 5  gamma = 0.591365  a = 0.971512  fitness = 1.907326
Generation = 6  gamma = 0.617497  a = 0.980589  fitness = 1.901781
Generation = 7  gamma = 0.614858  a = 0.977874  fitness = 1.902483
Generation = 8  gamma = 0.620224  a = 0.993123  fitness = 1.896253
Generation = 9  gamma = 0.635581  a = 1.000481  fitness = 1.909680
Generation = 10  gamma = 0.630477  a = 0.998757  fitness = 1.905029
Generation = 11  gamma = 0.625581  a = 0.994782  fitness = 1.904669
Generation = 12  gamma = 0.643501  a = 1.042323  fitness = 1.902320
Generation = 13  gamma = 0.640443  a = 1.043688  fitness = 1.907776
Generation = 14  gamma = 0.636900  a = 1.014664  fitness = 1.902359
Generation = 15  gamma = 0.626477  a = 1.007002  fitness = 1.910019
Generation = 16  gamma = 0.623431  a = 1.020707  fitness = 1.905800
Generation = 17  gamma = 0.636683  a = 1.041638  fitness = 1.905781
Generation = 18  gamma = 0.628196  a = 1.005740  fitness = 1.906299
Generation = 19  gamma = 0.638884  a = 1.022250  fitness = 1.905928


###############################################################################
Peregrine Cluster
Job 2101071 for user 'p274981'
Finished at: Thu Aug 30 02:58:21 CEST 2018

Job details:
============




Acknowledgements:
=================

Please see this page if you want to acknowledge Peregrine in your publications:

https://redmine.hpc.rug.nl/redmine/projects/peregrine/wiki/ScientificOutput

################################################################################
