try to find a completed true simulation with gamma = 0.5 and a = 0.1 ...
Generation = 0  gamma = 0.668937  a = 0.322254  fitness = 1.870750
Generation = 1  gamma = 0.816892  a = 0.307471  fitness = 1.876792
Generation = 2  gamma = 0.897692  a = 0.302982  fitness = 1.879771
Generation = 3  gamma = 0.964240  a = 0.338669  fitness = 1.847936
Generation = 4  gamma = 0.991297  a = 0.334143  fitness = 1.879026
Generation = 5  gamma = 1.004019  a = 0.341583  fitness = 1.879360
Generation = 6  gamma = 1.017768  a = 0.342832  fitness = 1.869892
Generation = 7  gamma = 1.017846  a = 0.352171  fitness = 1.868617
Generation = 8  gamma = 0.998559  a = 0.346602  fitness = 1.879528
Generation = 9  gamma = 0.970682  a = 0.333042  fitness = 1.874632
Generation = 10  gamma = 0.972454  a = 0.340839  fitness = 1.880221
Generation = 11  gamma = 0.972395  a = 0.345011  fitness = 1.878911
Generation = 12  gamma = 0.984191  a = 0.330053  fitness = 1.881909
Generation = 13  gamma = 1.018906  a = 0.331128  fitness = 1.876301
Generation = 14  gamma = 1.019533  a = 0.351002  fitness = 1.873064
Generation = 15  gamma = 1.034436  a = 0.364577  fitness = 1.863303
Generation = 16  gamma = 1.022712  a = 0.363322  fitness = 1.876814
Generation = 17  gamma = 0.997856  a = 0.343189  fitness = 1.845524
Generation = 18  gamma = 0.999457  a = 0.345956  fitness = 1.867527
Generation = 19  gamma = 1.011534  a = 0.366922  fitness = 1.857710


###############################################################################
Peregrine Cluster
Job 2101069 for user 'p274981'
Finished at: Thu Aug 30 02:45:49 CEST 2018

Job details:
============




Acknowledgements:
=================

Please see this page if you want to acknowledge Peregrine in your publications:

https://redmine.hpc.rug.nl/redmine/projects/peregrine/wiki/ScientificOutput

################################################################################
