try to find a completed true simulation with gamma = 0.5 and a = 0.0 ...
Generation = 0  gamma = 0.692105  a = 0.310515  fitness = 1.875778
Generation = 1  gamma = 0.838694  a = 0.287308  fitness = 1.875878
Generation = 2  gamma = 0.913546  a = 0.319973  fitness = 1.882636
Generation = 3  gamma = 0.989453  a = 0.328177  fitness = 1.873970
Generation = 4  gamma = 0.993558  a = 0.320293  fitness = 1.836669
Generation = 5  gamma = 1.025010  a = 0.338344  fitness = 1.871215
Generation = 6  gamma = 0.995956  a = 0.342667  fitness = 1.881049
Generation = 7  gamma = 0.999273  a = 0.332927  fitness = 1.876164
Generation = 8  gamma = 0.986696  a = 0.356874  fitness = 1.880815
Generation = 9  gamma = 1.026416  a = 0.372886  fitness = 1.879251
Generation = 10  gamma = 0.989863  a = 0.350001  fitness = 1.861484
Generation = 11  gamma = 1.006936  a = 0.355394  fitness = 1.877678
Generation = 12  gamma = 1.028106  a = 0.330258  fitness = 1.881637
Generation = 13  gamma = 0.990735  a = 0.348437  fitness = 1.881141
Generation = 14  gamma = 0.970844  a = 0.357512  fitness = 1.876855
Generation = 15  gamma = 0.982071  a = 0.349194  fitness = 1.875337
Generation = 16  gamma = 0.953759  a = 0.342891  fitness = 1.881997
Generation = 17  gamma = 0.978397  a = 0.345991  fitness = 1.880252
Generation = 18  gamma = 1.004754  a = 0.343579  fitness = 1.861590
Generation = 19  gamma = 1.007887  a = 0.355804  fitness = 1.880179


###############################################################################
Peregrine Cluster
Job 2101066 for user 'p274981'
Finished at: Thu Aug 30 02:46:27 CEST 2018

Job details:
============




Acknowledgements:
=================

Please see this page if you want to acknowledge Peregrine in your publications:

https://redmine.hpc.rug.nl/redmine/projects/peregrine/wiki/ScientificOutput

################################################################################
