try to find a completed true simulation with gamma = 0.5 and a = 0.001 ...
Generation = 0  gamma = 0.661735  a = 0.357743  fitness = 1.836634
Generation = 1  gamma = 0.819951  a = 0.350949  fitness = 1.836320
Generation = 2  gamma = 0.903353  a = 0.375699  fitness = 1.832599
Generation = 3  gamma = 0.944505  a = 0.389342  fitness = 1.845498
Generation = 4  gamma = 0.968268  a = 0.352229  fitness = 1.841878
Generation = 5  gamma = 0.987390  a = 0.372827  fitness = 1.836235
Generation = 6  gamma = 0.926652  a = 0.370350  fitness = 1.843981
Generation = 7  gamma = 0.966113  a = 0.381299  fitness = 1.818884
Generation = 8  gamma = 0.949534  a = 0.376548  fitness = 1.837272
Generation = 9  gamma = 0.985264  a = 0.391518  fitness = 1.823830
Generation = 10  gamma = 1.009350  a = 0.389931  fitness = 1.838927
Generation = 11  gamma = 0.972815  a = 0.400492  fitness = 1.844123
Generation = 12  gamma = 0.965738  a = 0.407268  fitness = 1.843472
Generation = 13  gamma = 0.996770  a = 0.378965  fitness = 1.836826
Generation = 14  gamma = 0.979661  a = 0.373562  fitness = 1.836666
Generation = 15  gamma = 0.961645  a = 0.368567  fitness = 1.832301
Generation = 16  gamma = 0.941744  a = 0.384659  fitness = 1.843707
Generation = 17  gamma = 0.943744  a = 0.361623  fitness = 1.814133
Generation = 18  gamma = 0.960163  a = 0.374532  fitness = 1.831787
Generation = 19  gamma = 0.999472  a = 0.374730  fitness = 1.843119


###############################################################################
Peregrine Cluster
Job 2101067 for user 'p274981'
Finished at: Thu Aug 30 02:45:49 CEST 2018

Job details:
============




Acknowledgements:
=================

Please see this page if you want to acknowledge Peregrine in your publications:

https://redmine.hpc.rug.nl/redmine/projects/peregrine/wiki/ScientificOutput

################################################################################
