try to find a completed true simulation with gamma = 1.0 and a = 1.0 ...
Generation = 0  gamma = 0.484622  a = 0.673840  fitness = 1.845155
Generation = 1  gamma = 0.564949  a = 0.826765  fitness = 1.842724
Generation = 2  gamma = 0.642258  a = 0.906445  fitness = 1.842387
Generation = 3  gamma = 0.692632  a = 0.966742  fitness = 1.847595
Generation = 4  gamma = 0.734349  a = 1.039008  fitness = 1.809590
Generation = 5  gamma = 0.756472  a = 1.076114  fitness = 1.850667
Generation = 6  gamma = 0.767783  a = 1.071321  fitness = 1.819246
Generation = 7  gamma = 0.797622  a = 1.112916  fitness = 1.839395
Generation = 8  gamma = 0.795312  a = 1.106798  fitness = 1.848737
Generation = 9  gamma = 0.823212  a = 1.148267  fitness = 1.848310
Generation = 10  gamma = 0.820845  a = 1.153223  fitness = 1.843553
Generation = 11  gamma = 0.814778  a = 1.132497  fitness = 1.839521
Generation = 12  gamma = 0.812397  a = 1.120842  fitness = 1.847991
Generation = 13  gamma = 0.810568  a = 1.116099  fitness = 1.848736
Generation = 14  gamma = 0.813600  a = 1.101894  fitness = 1.842984
Generation = 15  gamma = 0.820846  a = 1.111112  fitness = 1.845914
Generation = 16  gamma = 0.823192  a = 1.110057  fitness = 1.841783
Generation = 17  gamma = 0.825835  a = 1.122164  fitness = 1.816282
Generation = 18  gamma = 0.836678  a = 1.152063  fitness = 1.828854
Generation = 19  gamma = 0.822309  a = 1.116469  fitness = 1.818712


###############################################################################
Peregrine Cluster
Job 2101077 for user 'p274981'
Finished at: Thu Aug 30 04:55:31 CEST 2018

Job details:
============




Acknowledgements:
=================

Please see this page if you want to acknowledge Peregrine in your publications:

https://redmine.hpc.rug.nl/redmine/projects/peregrine/wiki/ScientificOutput

################################################################################
