try to find a completed true simulation with gamma = 1.0 and a = 0.0 ...
Generation = 0  gamma = 0.681848  a = 0.339013  fitness = 1.859671
Generation = 1  gamma = 0.860756  a = 0.333280  fitness = 1.863276
Generation = 2  gamma = 0.926013  a = 0.346536  fitness = 1.868560
Generation = 3  gamma = 0.966844  a = 0.346501  fitness = 1.874888
Generation = 4  gamma = 0.974749  a = 0.351403  fitness = 1.877160
Generation = 5  gamma = 1.002456  a = 0.352009  fitness = 1.866986
Generation = 6  gamma = 0.975833  a = 0.368045  fitness = 1.874828
Generation = 7  gamma = 1.021279  a = 0.366377  fitness = 1.849342
Generation = 8  gamma = 1.018263  a = 0.359443  fitness = 1.867123
Generation = 9  gamma = 0.984371  a = 0.355038  fitness = 1.861505
Generation = 10  gamma = 1.009360  a = 0.334742  fitness = 1.876635
Generation = 11  gamma = 1.014702  a = 0.362532  fitness = 1.864603
Generation = 12  gamma = 0.978913  a = 0.322942  fitness = 1.868449
Generation = 13  gamma = 0.967789  a = 0.323948  fitness = 1.871151
Generation = 14  gamma = 0.984164  a = 0.328091  fitness = 1.871071
Generation = 15  gamma = 0.988896  a = 0.327669  fitness = 1.852951
Generation = 16  gamma = 0.949133  a = 0.336063  fitness = 1.845196
Generation = 17  gamma = 0.970892  a = 0.341409  fitness = 1.860076
Generation = 18  gamma = 0.981337  a = 0.342770  fitness = 1.874851
Generation = 19  gamma = 0.983375  a = 0.350039  fitness = 1.869660


###############################################################################
Peregrine Cluster
Job 2101072 for user 'p274981'
Finished at: Thu Aug 30 02:53:52 CEST 2018

Job details:
============




Acknowledgements:
=================

Please see this page if you want to acknowledge Peregrine in your publications:

https://redmine.hpc.rug.nl/redmine/projects/peregrine/wiki/ScientificOutput

################################################################################
