try to find a completed true simulation with gamma = 1.0 and a = 0.01 ...
Generation = 0  gamma = 0.686103  a = 0.315923  fitness = 1.882576
Generation = 1  gamma = 0.865732  a = 0.325918  fitness = 1.885399
Generation = 2  gamma = 0.927333  a = 0.295053  fitness = 1.886978
Generation = 3  gamma = 0.968053  a = 0.317547  fitness = 1.878680
Generation = 4  gamma = 1.008814  a = 0.334686  fitness = 1.890289
Generation = 5  gamma = 0.983902  a = 0.344780  fitness = 1.888942
Generation = 6  gamma = 1.025061  a = 0.333821  fitness = 1.878382
Generation = 7  gamma = 1.027048  a = 0.335027  fitness = 1.872591
Generation = 8  gamma = 1.017674  a = 0.353528  fitness = 1.887638
Generation = 9  gamma = 1.030398  a = 0.358386  fitness = 1.867095
Generation = 10  gamma = 1.043798  a = 0.348000  fitness = 1.885591
Generation = 11  gamma = 1.051208  a = 0.339867  fitness = 1.888840
Generation = 12  gamma = 1.042323  a = 0.357736  fitness = 1.886289
Generation = 13  gamma = 1.041664  a = 0.371445  fitness = 1.858411
Generation = 14  gamma = 1.048235  a = 0.346971  fitness = 1.879584
Generation = 15  gamma = 1.052622  a = 0.344254  fitness = 1.873548
Generation = 16  gamma = 1.079140  a = 0.346032  fitness = 1.884658
Generation = 17  gamma = 1.096014  a = 0.351575  fitness = 1.882908
Generation = 18  gamma = 1.063884  a = 0.343597  fitness = 1.890146
Generation = 19  gamma = 1.025557  a = 0.344316  fitness = 1.884984


###############################################################################
Peregrine Cluster
Job 2101074 for user 'p274981'
Finished at: Thu Aug 30 04:42:59 CEST 2018

Job details:
============




Acknowledgements:
=================

Please see this page if you want to acknowledge Peregrine in your publications:

https://redmine.hpc.rug.nl/redmine/projects/peregrine/wiki/ScientificOutput

################################################################################
