try to find a completed true simulation with gamma = 1.0 and a = 0.1 ...
Generation = 0  gamma = 0.688151  a = 0.342264  fitness = 1.860273
Generation = 1  gamma = 0.864532  a = 0.313179  fitness = 1.850131
Generation = 2  gamma = 0.915330  a = 0.318687  fitness = 1.860096
Generation = 3  gamma = 0.974781  a = 0.342727  fitness = 1.867226
Generation = 4  gamma = 0.994585  a = 0.364204  fitness = 1.861968
Generation = 5  gamma = 0.997561  a = 0.379062  fitness = 1.860996
Generation = 6  gamma = 0.978679  a = 0.332720  fitness = 1.836320
Generation = 7  gamma = 0.966109  a = 0.340603  fitness = 1.862114
Generation = 8  gamma = 0.954318  a = 0.334906  fitness = 1.848362
Generation = 9  gamma = 1.033427  a = 0.362947  fitness = 1.854307
Generation = 10  gamma = 1.012004  a = 0.356300  fitness = 1.868560
Generation = 11  gamma = 1.022334  a = 0.356920  fitness = 1.867450
Generation = 12  gamma = 1.035155  a = 0.362591  fitness = 1.864503
Generation = 13  gamma = 1.053069  a = 0.357690  fitness = 1.868638
Generation = 14  gamma = 1.002318  a = 0.356460  fitness = 1.842704
Generation = 15  gamma = 1.027702  a = 0.355779  fitness = 1.846836
Generation = 16  gamma = 1.060237  a = 0.353364  fitness = 1.868993
Generation = 17  gamma = 1.015685  a = 0.352798  fitness = 1.867439
Generation = 18  gamma = 1.018205  a = 0.350094  fitness = 1.869968
Generation = 19  gamma = 0.989102  a = 0.350226  fitness = 1.855717


###############################################################################
Peregrine Cluster
Job 2101075 for user 'p274981'
Finished at: Thu Aug 30 04:47:59 CEST 2018

Job details:
============




Acknowledgements:
=================

Please see this page if you want to acknowledge Peregrine in your publications:

https://redmine.hpc.rug.nl/redmine/projects/peregrine/wiki/ScientificOutput

################################################################################
