try to find a completed true simulation with gamma = 1.0 and a = 0.001 ...
Generation = 0  gamma = 0.690059  a = 0.357124  fitness = 1.872573
Generation = 1  gamma = 0.810780  a = 0.307593  fitness = 1.867860
Generation = 2  gamma = 0.918881  a = 0.326033  fitness = 1.863350
Generation = 3  gamma = 0.961317  a = 0.344572  fitness = 1.877654
Generation = 4  gamma = 0.963975  a = 0.342120  fitness = 1.873882
Generation = 5  gamma = 0.991574  a = 0.327988  fitness = 1.878552
Generation = 6  gamma = 0.962732  a = 0.319084  fitness = 1.876824
Generation = 7  gamma = 0.938591  a = 0.319145  fitness = 1.877476
Generation = 8  gamma = 0.934464  a = 0.343100  fitness = 1.844301
Generation = 9  gamma = 0.947321  a = 0.339059  fitness = 1.866018
Generation = 10  gamma = 0.982345  a = 0.349086  fitness = 1.871635
Generation = 11  gamma = 1.003715  a = 0.348450  fitness = 1.858645
Generation = 12  gamma = 0.989687  a = 0.363908  fitness = 1.866489
Generation = 13  gamma = 0.977034  a = 0.352214  fitness = 1.862583
Generation = 14  gamma = 0.970934  a = 0.338739  fitness = 1.877239
Generation = 15  gamma = 1.012501  a = 0.347155  fitness = 1.876156
Generation = 16  gamma = 1.008515  a = 0.362450  fitness = 1.863474
Generation = 17  gamma = 1.011166  a = 0.356314  fitness = 1.871999
Generation = 18  gamma = 0.967555  a = 0.365445  fitness = 1.868657
Generation = 19  gamma = 0.979333  a = 0.364453  fitness = 1.874236


###############################################################################
Peregrine Cluster
Job 2101073 for user 'p274981'
Finished at: Thu Aug 30 04:29:42 CEST 2018

Job details:
============




Acknowledgements:
=================

Please see this page if you want to acknowledge Peregrine in your publications:

https://redmine.hpc.rug.nl/redmine/projects/peregrine/wiki/ScientificOutput

################################################################################
