Submitted batch job 2103035
Submitted batch job 2103036
Submitted batch job 2103037
Submitted batch job 2103038
Submitted batch job 2103039
Submitted batch job 2103040
Submitted batch job 2103041
Submitted batch job 2103042
Submitted batch job 2103043
Submitted batch job 2103044
Submitted batch job 2103045
Submitted batch job 2103046
Submitted batch job 2103047
Submitted batch job 2103048
Submitted batch job 2103049
Submitted batch job 2103050
Submitted batch job 2103051
Submitted batch job 2103052
Submitted batch job 2103053
Submitted batch job 2103054
Submitted batch job 2103055
Submitted batch job 2103056
Submitted batch job 2103057
Submitted batch job 2103058
Submitted batch job 2103059
Submitted batch job 2103060
Submitted batch job 2103061
Submitted batch job 2103062
Submitted batch job 2103063
Submitted batch job 2103064
Submitted batch job 2103065
Submitted batch job 2103066
Submitted batch job 2103067
Submitted batch job 2103068
Submitted batch job 2103069
Submitted batch job 2103070


###############################################################################
Peregrine Cluster
Job 2103034 for user 'p274981'
Finished at: Thu Aug 30 09:28:01 CEST 2018

Job details:
============




Acknowledgements:
=================

Please see this page if you want to acknowledge Peregrine in your publications:

https://redmine.hpc.rug.nl/redmine/projects/peregrine/wiki/ScientificOutput

################################################################################
