try to find a completed true simulation with gamma = 0.0 and a = 1.0 ...
Generation = 0  gamma = 0.059565  a = 0.717349  fitness = 0.420417
Generation = 1  gamma = 0.003907  a = 0.864097  fitness = 1.222002
Generation = 2  gamma = 0.000368  a = 0.821954  fitness = 1.779806
Generation = 3  gamma = 0.000128  a = 0.895934  fitness = 1.911931
Generation = 4  gamma = 0.000043  a = 0.977619  fitness = 1.902302
Generation = 5  gamma = 0.000015  a = 1.010619  fitness = 1.864742
Generation = 6  gamma = 0.000007  a = 1.023140  fitness = 1.837356
Generation = 7  gamma = 0.000004  a = 1.015690  fitness = 1.780297
Generation = 8  gamma = 0.000004  a = 1.006909  fitness = 1.802468
Generation = 9  gamma = 0.000004  a = 1.010982  fitness = 1.783184
Generation = 10  gamma = 0.000003  a = 1.012872  fitness = 1.781504
Generation = 11  gamma = 0.000003  a = 1.005305  fitness = 1.819102
Generation = 12  gamma = 0.000003  a = 1.008215  fitness = 1.807754
Generation = 13  gamma = 0.000003  a = 1.009625  fitness = 1.771951
Generation = 14  gamma = 0.000003  a = 1.010406  fitness = 1.779805
Generation = 15  gamma = 0.000003  a = 1.007723  fitness = 1.787933
Generation = 16  gamma = 0.000003  a = 1.014892  fitness = 1.795889
Generation = 17  gamma = 0.000003  a = 1.007965  fitness = 1.821203
Generation = 18  gamma = 0.000003  a = 1.006819  fitness = 1.793813
Generation = 19  gamma = 0.000003  a = 1.010327  fitness = 1.789862


###############################################################################
Peregrine Cluster
Job 2103040 for user 'p274981'
Finished at: Thu Aug 30 10:40:04 CEST 2018

Job details:
============




Acknowledgements:
=================

Please see this page if you want to acknowledge Peregrine in your publications:

https://redmine.hpc.rug.nl/redmine/projects/peregrine/wiki/ScientificOutput

################################################################################
