try to find a completed true simulation with gamma = 0.0 and a = 0.0 ...
Generation = 0  gamma = 0.569020  a = 0.672842  fitness = 1.818971
Generation = 1  gamma = 0.662589  a = 0.874942  fitness = 1.809855
Generation = 2  gamma = 0.707596  a = 0.948386  fitness = 1.825314
Generation = 3  gamma = 0.780769  a = 0.964541  fitness = 1.800172
Generation = 4  gamma = 0.779442  a = 1.023681  fitness = 1.813992
Generation = 5  gamma = 0.780055  a = 1.058383  fitness = 1.824679
Generation = 6  gamma = 0.808405  a = 1.028239  fitness = 1.821259
Generation = 7  gamma = 0.827249  a = 1.078108  fitness = 1.817773
Generation = 8  gamma = 0.813436  a = 1.086245  fitness = 1.818852
Generation = 9  gamma = 0.811826  a = 1.078742  fitness = 1.804817
Generation = 10  gamma = 0.857381  a = 1.063338  fitness = 1.821204
Generation = 11  gamma = 0.833812  a = 1.095804  fitness = 1.815341
Generation = 12  gamma = 0.837715  a = 1.102516  fitness = 1.806249
Generation = 13  gamma = 0.841726  a = 1.097474  fitness = 1.803796
Generation = 14  gamma = 0.810061  a = 1.069693  fitness = 1.823167
Generation = 15  gamma = 0.814666  a = 1.064205  fitness = 1.825520
Generation = 16  gamma = 0.804216  a = 1.048025  fitness = 1.826002
Generation = 17  gamma = 0.841297  a = 1.035265  fitness = 1.814890
Generation = 18  gamma = 0.839668  a = 1.083426  fitness = 1.809333
Generation = 19  gamma = 0.859838  a = 1.098078  fitness = 1.808383


###############################################################################
Peregrine Cluster
Job 2103035 for user 'p274981'
Finished at: Thu Aug 30 10:34:31 CEST 2018

Job details:
============




Acknowledgements:
=================

Please see this page if you want to acknowledge Peregrine in your publications:

https://redmine.hpc.rug.nl/redmine/projects/peregrine/wiki/ScientificOutput

################################################################################
