try to find a completed true simulation with gamma = 0.0 and a = 0.5 ...
Generation = 0  gamma = 0.051983  a = 0.728114  fitness = 0.449241
Generation = 1  gamma = 0.003256  a = 0.845208  fitness = 1.179044
Generation = 2  gamma = 0.000232  a = 0.665264  fitness = 1.738218
Generation = 3  gamma = 0.000082  a = 0.491658  fitness = 1.900727
Generation = 4  gamma = 0.000043  a = 0.498432  fitness = 1.946358
Generation = 5  gamma = 0.000016  a = 0.513662  fitness = 1.858245
Generation = 6  gamma = 0.000008  a = 0.513159  fitness = 1.843380
Generation = 7  gamma = 0.000005  a = 0.511457  fitness = 1.812635
Generation = 8  gamma = 0.000004  a = 0.507464  fitness = 1.798653
Generation = 9  gamma = 0.000004  a = 0.508946  fitness = 1.778511
Generation = 10  gamma = 0.000004  a = 0.509768  fitness = 1.779449
Generation = 11  gamma = 0.000003  a = 0.508391  fitness = 1.789883
Generation = 12  gamma = 0.000003  a = 0.505660  fitness = 1.791509
Generation = 13  gamma = 0.000003  a = 0.505574  fitness = 1.806911
Generation = 14  gamma = 0.000003  a = 0.504739  fitness = 1.808492
Generation = 15  gamma = 0.000004  a = 0.507493  fitness = 1.784572
Generation = 16  gamma = 0.000003  a = 0.508619  fitness = 1.800904
Generation = 17  gamma = 0.000003  a = 0.506536  fitness = 1.796618
Generation = 18  gamma = 0.000003  a = 0.506045  fitness = 1.799329
Generation = 19  gamma = 0.000003  a = 0.505466  fitness = 1.786425


###############################################################################
Peregrine Cluster
Job 2103039 for user 'p274981'
Finished at: Thu Aug 30 10:39:52 CEST 2018

Job details:
============




Acknowledgements:
=================

Please see this page if you want to acknowledge Peregrine in your publications:

https://redmine.hpc.rug.nl/redmine/projects/peregrine/wiki/ScientificOutput

################################################################################
