try to find a completed true simulation with gamma = 0.001 and a = 0.001 ...
Generation = 0  gamma = 0.509691  a = 0.687318  fitness = 1.884786
Generation = 1  gamma = 0.565699  a = 0.847995  fitness = 1.886488
Generation = 2  gamma = 0.637889  a = 0.930926  fitness = 1.890612
Generation = 3  gamma = 0.638696  a = 0.958002  fitness = 1.898149
Generation = 4  gamma = 0.649412  a = 0.979058  fitness = 1.895610
Generation = 5  gamma = 0.683495  a = 1.024310  fitness = 1.900974
Generation = 6  gamma = 0.699434  a = 1.033113  fitness = 1.902242
Generation = 7  gamma = 0.696661  a = 1.031043  fitness = 1.904041
Generation = 8  gamma = 0.708185  a = 1.036777  fitness = 1.894754
Generation = 9  gamma = 0.712361  a = 1.060515  fitness = 1.904354
Generation = 10  gamma = 0.705941  a = 1.058329  fitness = 1.895170
Generation = 11  gamma = 0.721031  a = 1.064902  fitness = 1.885483
Generation = 12  gamma = 0.727779  a = 1.083404  fitness = 1.901337
Generation = 13  gamma = 0.728794  a = 1.066200  fitness = 1.906884
Generation = 14  gamma = 0.739190  a = 1.089591  fitness = 1.889678
Generation = 15  gamma = 0.739098  a = 1.089856  fitness = 1.900666
Generation = 16  gamma = 0.753132  a = 1.108824  fitness = 1.904929
Generation = 17  gamma = 0.745010  a = 1.096846  fitness = 1.897550
Generation = 18  gamma = 0.732165  a = 1.073277  fitness = 1.890880
Generation = 19  gamma = 0.716509  a = 1.062852  fitness = 1.904572


###############################################################################
Peregrine Cluster
Job 2103042 for user 'p274981'
Finished at: Thu Aug 30 10:33:11 CEST 2018

Job details:
============




Acknowledgements:
=================

Please see this page if you want to acknowledge Peregrine in your publications:

https://redmine.hpc.rug.nl/redmine/projects/peregrine/wiki/ScientificOutput

################################################################################
