try to find a completed true simulation with gamma = 0.001 and a = 0.0 ...
Generation = 0  gamma = 0.639611  a = 0.395673  fitness = 1.861203
Generation = 1  gamma = 0.783923  a = 0.387273  fitness = 1.862306
Generation = 2  gamma = 0.886446  a = 0.388529  fitness = 1.855318
Generation = 3  gamma = 0.885890  a = 0.389623  fitness = 1.867175
Generation = 4  gamma = 0.930957  a = 0.395015  fitness = 1.865018
Generation = 5  gamma = 0.918208  a = 0.386922  fitness = 1.860422
Generation = 6  gamma = 0.940198  a = 0.411516  fitness = 1.853219
Generation = 7  gamma = 0.922955  a = 0.436680  fitness = 1.861049
Generation = 8  gamma = 0.914305  a = 0.417500  fitness = 1.864434
Generation = 9  gamma = 0.946794  a = 0.429813  fitness = 1.850971
Generation = 10  gamma = 0.938156  a = 0.420292  fitness = 1.864276
Generation = 11  gamma = 0.894704  a = 0.406750  fitness = 1.852679
Generation = 12  gamma = 0.929335  a = 0.414490  fitness = 1.861304
Generation = 13  gamma = 0.906873  a = 0.422791  fitness = 1.861832
Generation = 14  gamma = 0.906606  a = 0.423341  fitness = 1.844880
Generation = 15  gamma = 0.922676  a = 0.414341  fitness = 1.865645
Generation = 16  gamma = 0.891473  a = 0.407287  fitness = 1.860419
Generation = 17  gamma = 0.892068  a = 0.414667  fitness = 1.858656
Generation = 18  gamma = 0.927214  a = 0.439424  fitness = 1.860568
Generation = 19  gamma = 0.899781  a = 0.427276  fitness = 1.866052


###############################################################################
Peregrine Cluster
Job 2103041 for user 'p274981'
Finished at: Thu Aug 30 10:30:45 CEST 2018

Job details:
============




Acknowledgements:
=================

Please see this page if you want to acknowledge Peregrine in your publications:

https://redmine.hpc.rug.nl/redmine/projects/peregrine/wiki/ScientificOutput

################################################################################
