try to find a completed true simulation with gamma = 0.001 and a = 0.01 ...
Generation = 0  gamma = 0.544086  a = 0.700907  fitness = 1.793475
Generation = 1  gamma = 0.612357  a = 0.852570  fitness = 1.784726
Generation = 2  gamma = 0.645242  a = 0.928852  fitness = 1.792888
Generation = 3  gamma = 0.651496  a = 0.946770  fitness = 1.782982
Generation = 4  gamma = 0.700187  a = 1.015368  fitness = 1.783847
Generation = 5  gamma = 0.710710  a = 1.039110  fitness = 1.787428
Generation = 6  gamma = 0.692694  a = 1.042115  fitness = 1.798239
Generation = 7  gamma = 0.692034  a = 1.043437  fitness = 1.798746
Generation = 8  gamma = 0.700676  a = 1.057458  fitness = 1.798959
Generation = 9  gamma = 0.710969  a = 1.078689  fitness = 1.797904
Generation = 10  gamma = 0.703808  a = 1.045243  fitness = 1.795294
Generation = 11  gamma = 0.703782  a = 1.036331  fitness = 1.788676
Generation = 12  gamma = 0.725646  a = 1.044655  fitness = 1.796751
Generation = 13  gamma = 0.739519  a = 1.112763  fitness = 1.796121
Generation = 14  gamma = 0.720324  a = 1.088341  fitness = 1.785536
Generation = 15  gamma = 0.712326  a = 1.072374  fitness = 1.802206
Generation = 16  gamma = 0.694850  a = 1.063861  fitness = 1.795332
Generation = 17  gamma = 0.720931  a = 1.080295  fitness = 1.795153
Generation = 18  gamma = 0.713675  a = 1.050574  fitness = 1.794835
Generation = 19  gamma = 0.700153  a = 1.055092  fitness = 1.799559


###############################################################################
Peregrine Cluster
Job 2103043 for user 'p274981'
Finished at: Thu Aug 30 10:36:33 CEST 2018

Job details:
============




Acknowledgements:
=================

Please see this page if you want to acknowledge Peregrine in your publications:

https://redmine.hpc.rug.nl/redmine/projects/peregrine/wiki/ScientificOutput

################################################################################
