slurmstepd: error: Unable to create TMPDIR [/local/2103034]: Permission denied
slurmstepd: error: Setting TMPDIR to /tmp
try to find a completed true simulation with gamma = 0.01 and a = 1.0 ...
Generation = 0  gamma = 0.069113  a = 0.717848  fitness = 1.199815
Generation = 1  gamma = 0.011848  a = 0.968313  fitness = 1.486596
Generation = 2  gamma = 0.010510  a = 1.187876  fitness = 1.625681
Generation = 3  gamma = 0.010687  a = 1.267013  fitness = 1.646381
Generation = 4  gamma = 0.010705  a = 1.260052  fitness = 1.630938
Generation = 5  gamma = 0.010564  a = 1.279936  fitness = 1.636823
Generation = 6  gamma = 0.010491  a = 1.268022  fitness = 1.630734
Generation = 7  gamma = 0.010402  a = 1.237990  fitness = 1.592863
Generation = 8  gamma = 0.010491  a = 1.244908  fitness = 1.553680
Generation = 9  gamma = 0.010342  a = 1.243924  fitness = 1.540507
Generation = 10  gamma = 0.010251  a = 1.238531  fitness = 1.480930
Generation = 11  gamma = 0.010180  a = 1.232339  fitness = 1.471771
Generation = 12  gamma = 0.010177  a = 1.230628  fitness = 1.534953
Generation = 13  gamma = 0.010172  a = 1.236652  fitness = 1.492174
Generation = 14  gamma = 0.010219  a = 1.239212  fitness = 1.514559
Generation = 15  gamma = 0.010152  a = 1.235521  fitness = 1.476974
Generation = 16  gamma = 0.010134  a = 1.230809  fitness = 1.504631
Generation = 17  gamma = 0.010154  a = 1.234298  fitness = 1.582442
Generation = 18  gamma = 0.010183  a = 1.236190  fitness = 1.486311
Generation = 19  gamma = 0.010170  a = 1.236879  fitness = 1.514300


###############################################################################
Peregrine Cluster
Job 2103052 for user 'p274981'
Finished at: Thu Aug 30 10:38:43 CEST 2018

Job details:
============




Acknowledgements:
=================

Please see this page if you want to acknowledge Peregrine in your publications:

https://redmine.hpc.rug.nl/redmine/projects/peregrine/wiki/ScientificOutput

################################################################################
