slurmstepd: error: Unable to create TMPDIR [/local/2103034]: Permission denied
slurmstepd: error: Setting TMPDIR to /tmp
try to find a completed true simulation with gamma = 0.01 and a = 0.5 ...
Generation = 0  gamma = 0.092458  a = 0.704257  fitness = 1.139078
Generation = 1  gamma = 0.020111  a = 0.922267  fitness = 1.451846
Generation = 2  gamma = 0.016205  a = 0.965093  fitness = 1.585838
Generation = 3  gamma = 0.015527  a = 0.961692  fitness = 1.593434
Generation = 4  gamma = 0.014935  a = 0.943112  fitness = 1.596264
Generation = 5  gamma = 0.015358  a = 0.935466  fitness = 1.611232
Generation = 6  gamma = 0.015766  a = 0.929359  fitness = 1.621508
Generation = 7  gamma = 0.015710  a = 0.933051  fitness = 1.622411
Generation = 8  gamma = 0.015120  a = 0.919665  fitness = 1.603462
Generation = 9  gamma = 0.015198  a = 0.912258  fitness = 1.612856
Generation = 10  gamma = 0.014550  a = 0.909674  fitness = 1.594302
Generation = 11  gamma = 0.015001  a = 0.904160  fitness = 1.606600
Generation = 12  gamma = 0.015312  a = 0.903484  fitness = 1.621381
Generation = 13  gamma = 0.014773  a = 0.882964  fitness = 1.609205
Generation = 14  gamma = 0.014652  a = 0.889927  fitness = 1.610397
Generation = 15  gamma = 0.014312  a = 0.919206  fitness = 1.600027
Generation = 16  gamma = 0.014280  a = 0.901967  fitness = 1.602589
Generation = 17  gamma = 0.013932  a = 0.875663  fitness = 1.594452
Generation = 18  gamma = 0.014425  a = 0.884272  fitness = 1.622080
Generation = 19  gamma = 0.014689  a = 0.901958  fitness = 1.609164


###############################################################################
Peregrine Cluster
Job 2103051 for user 'p274981'
Finished at: Thu Aug 30 10:32:29 CEST 2018

Job details:
============




Acknowledgements:
=================

Please see this page if you want to acknowledge Peregrine in your publications:

https://redmine.hpc.rug.nl/redmine/projects/peregrine/wiki/ScientificOutput

################################################################################
