try to find a completed true simulation with gamma = 0.01 and a = 0.001 ...
Generation = 0  gamma = 0.560204  a = 0.623334  fitness = 1.848637
Generation = 1  gamma = 0.689704  a = 0.822692  fitness = 1.857565
Generation = 2  gamma = 0.705824  a = 0.903749  fitness = 1.862743
Generation = 3  gamma = 0.721917  a = 0.949506  fitness = 1.860859
Generation = 4  gamma = 0.747312  a = 0.975283  fitness = 1.864027
Generation = 5  gamma = 0.725265  a = 0.990369  fitness = 1.859885
Generation = 6  gamma = 0.795129  a = 0.973310  fitness = 1.849514
Generation = 7  gamma = 0.776074  a = 0.987056  fitness = 1.862641
Generation = 8  gamma = 0.799091  a = 1.014646  fitness = 1.858737
Generation = 9  gamma = 0.826718  a = 1.027684  fitness = 1.844428
Generation = 10  gamma = 0.826564  a = 1.010309  fitness = 1.859148
Generation = 11  gamma = 0.797279  a = 1.004769  fitness = 1.860654
Generation = 12  gamma = 0.804353  a = 0.987092  fitness = 1.854062
Generation = 13  gamma = 0.810498  a = 1.002439  fitness = 1.859098
Generation = 14  gamma = 0.794260  a = 1.022292  fitness = 1.854210
Generation = 15  gamma = 0.822408  a = 0.967755  fitness = 1.841269
Generation = 16  gamma = 0.831258  a = 0.975643  fitness = 1.854376
Generation = 17  gamma = 0.795831  a = 1.008903  fitness = 1.856100
Generation = 18  gamma = 0.777293  a = 0.994986  fitness = 1.862635
Generation = 19  gamma = 0.826749  a = 0.929515  fitness = 1.845221


###############################################################################
Peregrine Cluster
Job 2103048 for user 'p274981'
Finished at: Thu Aug 30 10:32:19 CEST 2018

Job details:
============




Acknowledgements:
=================

Please see this page if you want to acknowledge Peregrine in your publications:

https://redmine.hpc.rug.nl/redmine/projects/peregrine/wiki/ScientificOutput

################################################################################
