try to find a completed true simulation with gamma = 0.1 and a = 0.1 ...
Generation = 0  gamma = 0.537465  a = 0.606463  fitness = 1.832434
Generation = 1  gamma = 0.635070  a = 0.753069  fitness = 1.831127
Generation = 2  gamma = 0.699307  a = 0.863890  fitness = 1.819755
Generation = 3  gamma = 0.757481  a = 0.962821  fitness = 1.834115
Generation = 4  gamma = 0.770203  a = 1.024063  fitness = 1.835238
Generation = 5  gamma = 0.775455  a = 1.053520  fitness = 1.837728
Generation = 6  gamma = 0.753601  a = 1.033955  fitness = 1.838209
Generation = 7  gamma = 0.785215  a = 1.074481  fitness = 1.830205
Generation = 8  gamma = 0.827992  a = 1.056586  fitness = 1.826859
Generation = 9  gamma = 0.866249  a = 1.070726  fitness = 1.831967
Generation = 10  gamma = 0.859844  a = 1.044107  fitness = 1.826737
Generation = 11  gamma = 0.806249  a = 1.128455  fitness = 1.840433
Generation = 12  gamma = 0.820526  a = 1.058200  fitness = 1.836570
Generation = 13  gamma = 0.811652  a = 1.079376  fitness = 1.824851
Generation = 14  gamma = 0.827228  a = 1.089453  fitness = 1.828887
Generation = 15  gamma = 0.799250  a = 1.056051  fitness = 1.836970
Generation = 16  gamma = 0.813174  a = 1.042592  fitness = 1.826107
Generation = 17  gamma = 0.798559  a = 1.037137  fitness = 1.828481
Generation = 18  gamma = 0.810311  a = 1.028740  fitness = 1.814013
Generation = 19  gamma = 0.789616  a = 1.019301  fitness = 1.823856


###############################################################################
Peregrine Cluster
Job 2103056 for user 'p274981'
Finished at: Thu Aug 30 10:32:18 CEST 2018

Job details:
============




Acknowledgements:
=================

Please see this page if you want to acknowledge Peregrine in your publications:

https://redmine.hpc.rug.nl/redmine/projects/peregrine/wiki/ScientificOutput

################################################################################
