try to find a completed true simulation with gamma = 0.1 and a = 1.0 ...
Generation = 0  gamma = 0.326040  a = 0.688328  fitness = 1.702805
Generation = 1  gamma = 0.262428  a = 0.886298  fitness = 1.714047
Generation = 2  gamma = 0.235982  a = 1.014327  fitness = 1.719985
Generation = 3  gamma = 0.216521  a = 1.120590  fitness = 1.730470
Generation = 4  gamma = 0.182022  a = 1.182590  fitness = 1.729976
Generation = 5  gamma = 0.186973  a = 1.117188  fitness = 1.746896
Generation = 6  gamma = 0.183038  a = 1.125553  fitness = 1.744594
Generation = 7  gamma = 0.177949  a = 1.099801  fitness = 1.745083
Generation = 8  gamma = 0.171096  a = 1.116284  fitness = 1.739528
Generation = 9  gamma = 0.168793  a = 1.137978  fitness = 1.744667
Generation = 10  gamma = 0.162383  a = 1.106435  fitness = 1.741758
Generation = 11  gamma = 0.166900  a = 1.121968  fitness = 1.749638
Generation = 12  gamma = 0.165849  a = 1.131395  fitness = 1.744350
Generation = 13  gamma = 0.162239  a = 1.117491  fitness = 1.749394
Generation = 14  gamma = 0.154629  a = 1.102547  fitness = 1.747217
Generation = 15  gamma = 0.160538  a = 1.118767  fitness = 1.748982
Generation = 16  gamma = 0.167510  a = 1.125540  fitness = 1.763283
Generation = 17  gamma = 0.164513  a = 1.156511  fitness = 1.744136
Generation = 18  gamma = 0.164215  a = 1.163612  fitness = 1.745005
Generation = 19  gamma = 0.165221  a = 1.139101  fitness = 1.756776


###############################################################################
Peregrine Cluster
Job 2103058 for user 'p274981'
Finished at: Thu Aug 30 10:29:18 CEST 2018

Job details:
============




Acknowledgements:
=================

Please see this page if you want to acknowledge Peregrine in your publications:

https://redmine.hpc.rug.nl/redmine/projects/peregrine/wiki/ScientificOutput

################################################################################
