try to find a completed true simulation with gamma = 0.5 and a = 0.0 ...
Generation = 0  gamma = 0.668422  a = 0.306787  fitness = 1.850775
Generation = 1  gamma = 0.819078  a = 0.308397  fitness = 1.846005
Generation = 2  gamma = 0.917755  a = 0.316403  fitness = 1.834568
Generation = 3  gamma = 0.975062  a = 0.330521  fitness = 1.855058
Generation = 4  gamma = 0.969793  a = 0.338829  fitness = 1.857742
Generation = 5  gamma = 1.006528  a = 0.354750  fitness = 1.849803
Generation = 6  gamma = 0.960741  a = 0.334094  fitness = 1.849602
Generation = 7  gamma = 0.944603  a = 0.339874  fitness = 1.858956
Generation = 8  gamma = 0.939913  a = 0.369318  fitness = 1.848777
Generation = 9  gamma = 0.986835  a = 0.375092  fitness = 1.858940
Generation = 10  gamma = 0.977651  a = 0.330352  fitness = 1.841166
Generation = 11  gamma = 0.957637  a = 0.337093  fitness = 1.846688
Generation = 12  gamma = 1.021763  a = 0.336083  fitness = 1.849063
Generation = 13  gamma = 0.972452  a = 0.349717  fitness = 1.845694
Generation = 14  gamma = 0.965517  a = 0.349756  fitness = 1.857846
Generation = 15  gamma = 0.987704  a = 0.350915  fitness = 1.857262
Generation = 16  gamma = 1.003003  a = 0.361669  fitness = 1.845273
Generation = 17  gamma = 1.015620  a = 0.361967  fitness = 1.854900
Generation = 18  gamma = 1.018406  a = 0.349887  fitness = 1.851338
Generation = 19  gamma = 0.985982  a = 0.354471  fitness = 1.851821


###############################################################################
Peregrine Cluster
Job 2103059 for user 'p274981'
Finished at: Thu Aug 30 10:30:25 CEST 2018

Job details:
============




Acknowledgements:
=================

Please see this page if you want to acknowledge Peregrine in your publications:

https://redmine.hpc.rug.nl/redmine/projects/peregrine/wiki/ScientificOutput

################################################################################
