try to find a completed true simulation with gamma = 0.5 and a = 0.01 ...
Generation = 0  gamma = 0.679580  a = 0.320795  fitness = 1.879356
Generation = 1  gamma = 0.837604  a = 0.304609  fitness = 1.867654
Generation = 2  gamma = 0.928052  a = 0.305878  fitness = 1.882017
Generation = 3  gamma = 0.979579  a = 0.309454  fitness = 1.870092
Generation = 4  gamma = 1.015900  a = 0.335155  fitness = 1.857577
Generation = 5  gamma = 1.017333  a = 0.333413  fitness = 1.881766
Generation = 6  gamma = 1.005235  a = 0.347702  fitness = 1.863846
Generation = 7  gamma = 1.018806  a = 0.359690  fitness = 1.880411
Generation = 8  gamma = 0.996602  a = 0.327467  fitness = 1.881893
Generation = 9  gamma = 1.041634  a = 0.343683  fitness = 1.871584
Generation = 10  gamma = 1.043484  a = 0.350738  fitness = 1.885539
Generation = 11  gamma = 1.053622  a = 0.339711  fitness = 1.870198
Generation = 12  gamma = 1.059662  a = 0.344693  fitness = 1.884858
Generation = 13  gamma = 1.044835  a = 0.341640  fitness = 1.884232
Generation = 14  gamma = 1.011668  a = 0.333981  fitness = 1.886224
Generation = 15  gamma = 1.004245  a = 0.340912  fitness = 1.880949
Generation = 16  gamma = 1.041836  a = 0.352403  fitness = 1.870275
Generation = 17  gamma = 1.048421  a = 0.352372  fitness = 1.867599
Generation = 18  gamma = 1.089830  a = 0.352763  fitness = 1.878843
Generation = 19  gamma = 1.060828  a = 0.354536  fitness = 1.868930


###############################################################################
Peregrine Cluster
Job 2103061 for user 'p274981'
Finished at: Thu Aug 30 10:29:49 CEST 2018

Job details:
============




Acknowledgements:
=================

Please see this page if you want to acknowledge Peregrine in your publications:

https://redmine.hpc.rug.nl/redmine/projects/peregrine/wiki/ScientificOutput

################################################################################
