try to find a completed true simulation with gamma = 1.0 and a = 0.1 ...
Generation = 0  gamma = 0.675720  a = 0.390748  fitness = 1.852518
Generation = 1  gamma = 0.803973  a = 0.358909  fitness = 1.817026
Generation = 2  gamma = 0.870156  a = 0.382839  fitness = 1.857921
Generation = 3  gamma = 0.926580  a = 0.375441  fitness = 1.861992
Generation = 4  gamma = 0.903915  a = 0.366386  fitness = 1.859617
Generation = 5  gamma = 0.890226  a = 0.381629  fitness = 1.852600
Generation = 6  gamma = 0.930169  a = 0.381435  fitness = 1.857353
Generation = 7  gamma = 0.934966  a = 0.368575  fitness = 1.846238
Generation = 8  gamma = 0.933368  a = 0.386868  fitness = 1.856027
Generation = 9  gamma = 0.945343  a = 0.393104  fitness = 1.851036
Generation = 10  gamma = 0.922805  a = 0.394558  fitness = 1.854784
Generation = 11  gamma = 0.939127  a = 0.386988  fitness = 1.857276
Generation = 12  gamma = 0.955322  a = 0.383693  fitness = 1.844584
Generation = 13  gamma = 0.937843  a = 0.391094  fitness = 1.849552
Generation = 14  gamma = 0.925916  a = 0.389228  fitness = 1.836872
Generation = 15  gamma = 0.925463  a = 0.392245  fitness = 1.851982
Generation = 16  gamma = 0.910288  a = 0.367661  fitness = 1.851390
Generation = 17  gamma = 0.896059  a = 0.377615  fitness = 1.861534
Generation = 18  gamma = 0.941719  a = 0.377781  fitness = 1.858064
Generation = 19  gamma = 0.913461  a = 0.387063  fitness = 1.843714


###############################################################################
Peregrine Cluster
Job 2103068 for user 'p274981'
Finished at: Thu Aug 30 11:32:41 CEST 2018

Job details:
============




Acknowledgements:
=================

Please see this page if you want to acknowledge Peregrine in your publications:

https://redmine.hpc.rug.nl/redmine/projects/peregrine/wiki/ScientificOutput

################################################################################
