Submitted batch job 2100641
Submitted batch job 2100642
Submitted batch job 2100643
Submitted batch job 2100644
Submitted batch job 2100645
Submitted batch job 2100646
Submitted batch job 2100647
Submitted batch job 2100648
Submitted batch job 2100649
Submitted batch job 2100650
Submitted batch job 2100651
Submitted batch job 2100652
Submitted batch job 2100653
Submitted batch job 2100654
Submitted batch job 2100655
Submitted batch job 2100656
Submitted batch job 2100657
Submitted batch job 2100658
Submitted batch job 2100659
Submitted batch job 2100660
Submitted batch job 2100661
Submitted batch job 2100662
Submitted batch job 2100663
Submitted batch job 2100664
Submitted batch job 2100665
Submitted batch job 2100666
Submitted batch job 2100667
Submitted batch job 2100668
Submitted batch job 2100669
Submitted batch job 2100670
Submitted batch job 2100671
Submitted batch job 2100672
Submitted batch job 2100673
Submitted batch job 2100674
Submitted batch job 2100675
Submitted batch job 2100676


###############################################################################
Peregrine Cluster
Job 2100640 for user 'p274981'
Finished at: Wed Aug 29 15:49:07 CEST 2018

Job details:
============




Acknowledgements:
=================

Please see this page if you want to acknowledge Peregrine in your publications:

https://redmine.hpc.rug.nl/redmine/projects/peregrine/wiki/ScientificOutput

################################################################################
