
libgomp: Invalid value for environment variable OMP_NUM_THREADS
try to find a completed true simulation with gamma = 0.0 and a = 0.001 ...
Generation = 0  gamma = 0.512188  a = 0.705161  fitness = 1.883243
Generation = 1  gamma = 0.609135  a = 0.850895  fitness = 1.878013
Generation = 2  gamma = 0.671802  a = 0.945741  fitness = 1.881167
Generation = 3  gamma = 0.728332  a = 1.000399  fitness = 1.877984
Generation = 4  gamma = 0.763865  a = 1.045165  fitness = 1.871053
Generation = 5  gamma = 0.772350  a = 1.081082  fitness = 1.885395
Generation = 6  gamma = 0.790081  a = 1.075632  fitness = 1.875705
Generation = 7  gamma = 0.802026  a = 1.067291  fitness = 1.880518
Generation = 8  gamma = 0.819933  a = 1.119168  fitness = 1.871916
Generation = 9  gamma = 0.848026  a = 1.139454  fitness = 1.871319
Generation = 10  gamma = 0.828192  a = 1.125532  fitness = 1.879712
Generation = 11  gamma = 0.823989  a = 1.133431  fitness = 1.864720
Generation = 12  gamma = 0.847070  a = 1.139162  fitness = 1.871692
Generation = 13  gamma = 0.854869  a = 1.117058  fitness = 1.873728
Generation = 14  gamma = 0.872956  a = 1.133014  fitness = 1.869319
Generation = 15  gamma = 0.852220  a = 1.144694  fitness = 1.875335
Generation = 16  gamma = 0.860571  a = 1.158875  fitness = 1.877281
Generation = 17  gamma = 0.840595  a = 1.122751  fitness = 1.880239
Generation = 18  gamma = 0.847796  a = 1.135583  fitness = 1.869568
Generation = 19  gamma = 0.827177  a = 1.125429  fitness = 1.887206


###############################################################################
Peregrine Cluster
Job 2100642 for user 'p274981'
Finished at: Wed Aug 29 16:56:09 CEST 2018

Job details:
============




Acknowledgements:
=================

Please see this page if you want to acknowledge Peregrine in your publications:

https://redmine.hpc.rug.nl/redmine/projects/peregrine/wiki/ScientificOutput

################################################################################
