
libgomp: Invalid value for environment variable OMP_NUM_THREADS
try to find a completed true simulation with gamma = 0.0 and a = 0.5 ...
Generation = 0  gamma = 0.038113  a = 0.694396  fitness = 0.759689
Generation = 1  gamma = 0.001994  a = 0.763933  fitness = 1.580247
Generation = 2  gamma = 0.000288  a = 0.500128  fitness = 1.771637
Generation = 3  gamma = 0.000083  a = 0.440707  fitness = 1.917000
Generation = 4  gamma = 0.000046  a = 0.430882  fitness = 1.956143
Generation = 5  gamma = 0.000035  a = 0.430464  fitness = 1.963322
Generation = 6  gamma = 0.000010  a = 0.464198  fitness = 1.883214
Generation = 7  gamma = 0.000004  a = 0.484729  fitness = 1.882958
Generation = 8  gamma = 0.000002  a = 0.508649  fitness = 1.852280
Generation = 9  gamma = 0.000001  a = 0.530274  fitness = 1.851405
Generation = 10  gamma = 0.000001  a = 0.524958  fitness = 1.893054
Generation = 11  gamma = 0.000001  a = 0.518559  fitness = 1.900554
Generation = 12  gamma = 0.000001  a = 0.509678  fitness = 1.937195
Generation = 13  gamma = 0.000001  a = 0.531213  fitness = 1.855809
Generation = 14  gamma = 0.000001  a = 0.531372  fitness = 1.891125
Generation = 15  gamma = 0.000001  a = 0.533621  fitness = 1.878912
Generation = 16  gamma = 0.000001  a = 0.529844  fitness = 1.896392
Generation = 17  gamma = 0.000001  a = 0.533813  fitness = 1.894100
Generation = 18  gamma = 0.000001  a = 0.511971  fitness = 1.916917
Generation = 19  gamma = 0.000001  a = 0.525787  fitness = 1.886775


###############################################################################
Peregrine Cluster
Job 2100645 for user 'p274981'
Finished at: Wed Aug 29 16:57:02 CEST 2018

Job details:
============




Acknowledgements:
=================

Please see this page if you want to acknowledge Peregrine in your publications:

https://redmine.hpc.rug.nl/redmine/projects/peregrine/wiki/ScientificOutput

################################################################################
