
libgomp: Invalid value for environment variable OMP_NUM_THREADS
try to find a completed true simulation with gamma = 0.0 and a = 1.0 ...
Generation = 0  gamma = 0.039275  a = 0.697394  fitness = 0.945547
Generation = 1  gamma = 0.002025  a = 0.783442  fitness = 1.649405
Generation = 2  gamma = 0.000285  a = 0.757024  fitness = 1.862898
Generation = 3  gamma = 0.000069  a = 0.816393  fitness = 1.946346
Generation = 4  gamma = 0.000043  a = 0.850360  fitness = 1.969721
Generation = 5  gamma = 0.000012  a = 0.912393  fitness = 1.878028
Generation = 6  gamma = 0.000004  a = 0.962602  fitness = 1.866711
Generation = 7  gamma = 0.000002  a = 0.992699  fitness = 1.843430
Generation = 8  gamma = 0.000001  a = 1.004585  fitness = 1.878995
Generation = 9  gamma = 0.000001  a = 1.016121  fitness = 1.908172
Generation = 10  gamma = 0.000001  a = 1.042214  fitness = 1.877459
Generation = 11  gamma = 0.000001  a = 1.024876  fitness = 1.914157
Generation = 12  gamma = 0.000001  a = 1.031370  fitness = 1.883400
Generation = 13  gamma = 0.000001  a = 1.047960  fitness = 1.881387
Generation = 14  gamma = 0.000001  a = 1.065383  fitness = 1.894786
Generation = 15  gamma = 0.000001  a = 1.056808  fitness = 1.911190
Generation = 16  gamma = 0.000001  a = 1.033049  fitness = 1.940509
Generation = 17  gamma = 0.000001  a = 1.038628  fitness = 1.893847
Generation = 18  gamma = 0.000001  a = 1.043842  fitness = 1.929106
Generation = 19  gamma = 0.000001  a = 1.047489  fitness = 1.882194


###############################################################################
Peregrine Cluster
Job 2100646 for user 'p274981'
Finished at: Wed Aug 29 16:56:45 CEST 2018

Job details:
============




Acknowledgements:
=================

Please see this page if you want to acknowledge Peregrine in your publications:

https://redmine.hpc.rug.nl/redmine/projects/peregrine/wiki/ScientificOutput

################################################################################
