
libgomp: Invalid value for environment variable OMP_NUM_THREADS
try to find a completed true simulation with gamma = 0.0 and a = 0.1 ...
Generation = 0  gamma = 0.040806  a = 0.693453  fitness = 0.629735
Generation = 1  gamma = 0.002242  a = 0.776837  fitness = 1.172239
Generation = 2  gamma = 0.000305  a = 0.337198  fitness = 1.419086
Generation = 3  gamma = 0.000110  a = 0.130979  fitness = 1.671663
Generation = 4  gamma = 0.000049  a = 0.090424  fitness = 1.865592
Generation = 5  gamma = 0.000035  a = 0.083796  fitness = 1.911813
Generation = 6  gamma = 0.000024  a = 0.085204  fitness = 1.937871
Generation = 7  gamma = 0.000006  a = 0.092792  fitness = 1.870260
Generation = 8  gamma = 0.000002  a = 0.101567  fitness = 1.845924
Generation = 9  gamma = 0.000002  a = 0.105633  fitness = 1.859787
Generation = 10  gamma = 0.000001  a = 0.107960  fitness = 1.858886
Generation = 11  gamma = 0.000001  a = 0.105450  fitness = 1.877962
Generation = 12  gamma = 0.000001  a = 0.107830  fitness = 1.858044
Generation = 13  gamma = 0.000001  a = 0.108734  fitness = 1.872531
Generation = 14  gamma = 0.000001  a = 0.107438  fitness = 1.872096
Generation = 15  gamma = 0.000001  a = 0.107063  fitness = 1.876503
Generation = 16  gamma = 0.000001  a = 0.109099  fitness = 1.866078
Generation = 17  gamma = 0.000001  a = 0.108254  fitness = 1.877465
Generation = 18  gamma = 0.000001  a = 0.108185  fitness = 1.872535
Generation = 19  gamma = 0.000001  a = 0.106937  fitness = 1.894976


###############################################################################
Peregrine Cluster
Job 2100644 for user 'p274981'
Finished at: Wed Aug 29 16:56:40 CEST 2018

Job details:
============




Acknowledgements:
=================

Please see this page if you want to acknowledge Peregrine in your publications:

https://redmine.hpc.rug.nl/redmine/projects/peregrine/wiki/ScientificOutput

################################################################################
