
libgomp: Invalid value for environment variable OMP_NUM_THREADS
try to find a completed true simulation with gamma = 0.001 and a = 0.5 ...
Generation = 0  gamma = 0.040887  a = 0.686807  fitness = 1.010572
Generation = 1  gamma = 0.002264  a = 0.779888  fitness = 1.825745
Generation = 2  gamma = 0.001019  a = 0.544756  fitness = 1.962954
Generation = 3  gamma = 0.001014  a = 0.511674  fitness = 1.954526
Generation = 4  gamma = 0.001012  a = 0.500578  fitness = 1.935487
Generation = 5  gamma = 0.001005  a = 0.500130  fitness = 1.941368
Generation = 6  gamma = 0.001002  a = 0.501396  fitness = 1.874191
Generation = 7  gamma = 0.001004  a = 0.500351  fitness = 1.963572
Generation = 8  gamma = 0.001002  a = 0.500446  fitness = 1.862633
Generation = 9  gamma = 0.001000  a = 0.500478  fitness = 1.970012
Generation = 10  gamma = 0.001003  a = 0.500628  fitness = 1.846493
Generation = 11  gamma = 0.001003  a = 0.500180  fitness = 1.970434
Generation = 12  gamma = 0.001001  a = 0.500079  fitness = 1.971700
Generation = 13  gamma = 0.001004  a = 0.499813  fitness = 1.965872
Generation = 14  gamma = 0.001003  a = 0.499687  fitness = 1.964771
Generation = 15  gamma = 0.001007  a = 0.499098  fitness = 1.957005
Generation = 16  gamma = 0.001000  a = 0.500590  fitness = 1.852022
Generation = 17  gamma = 0.001002  a = 0.500629  fitness = 1.858188
Generation = 18  gamma = 0.001000  a = 0.500804  fitness = 1.933795
Generation = 19  gamma = 0.000998  a = 0.500675  fitness = 1.973849


###############################################################################
Peregrine Cluster
Job 2100651 for user 'p274981'
Finished at: Wed Aug 29 16:57:27 CEST 2018

Job details:
============




Acknowledgements:
=================

Please see this page if you want to acknowledge Peregrine in your publications:

https://redmine.hpc.rug.nl/redmine/projects/peregrine/wiki/ScientificOutput

################################################################################
