
libgomp: Invalid value for environment variable OMP_NUM_THREADS
try to find a completed true simulation with gamma = 0.001 and a = 0.0 ...
Generation = 0  gamma = 0.541466  a = 0.707991  fitness = 1.872218
Generation = 1  gamma = 0.622031  a = 0.873974  fitness = 1.882276
Generation = 2  gamma = 0.656733  a = 0.939207  fitness = 1.902275
Generation = 3  gamma = 0.702421  a = 0.982891  fitness = 1.883478
Generation = 4  gamma = 0.729452  a = 1.024076  fitness = 1.893629
Generation = 5  gamma = 0.760715  a = 1.065273  fitness = 1.882748
Generation = 6  gamma = 0.813888  a = 1.110537  fitness = 1.868816
Generation = 7  gamma = 0.802535  a = 1.104203  fitness = 1.884111
Generation = 8  gamma = 0.821131  a = 1.112973  fitness = 1.881235
Generation = 9  gamma = 0.801103  a = 1.112449  fitness = 1.883500
Generation = 10  gamma = 0.830068  a = 1.117003  fitness = 1.875875
Generation = 11  gamma = 0.823728  a = 1.143729  fitness = 1.883771
Generation = 12  gamma = 0.789430  a = 1.122099  fitness = 1.898688
Generation = 13  gamma = 0.810668  a = 1.108574  fitness = 1.877472
Generation = 14  gamma = 0.810662  a = 1.122106  fitness = 1.861768
Generation = 15  gamma = 0.812292  a = 1.120631  fitness = 1.876971
Generation = 16  gamma = 0.811395  a = 1.145923  fitness = 1.890863
Generation = 17  gamma = 0.825050  a = 1.156161  fitness = 1.883532
Generation = 18  gamma = 0.856575  a = 1.170610  fitness = 1.883495
Generation = 19  gamma = 0.867044  a = 1.154163  fitness = 1.873457


###############################################################################
Peregrine Cluster
Job 2100647 for user 'p274981'
Finished at: Wed Aug 29 16:55:31 CEST 2018

Job details:
============




Acknowledgements:
=================

Please see this page if you want to acknowledge Peregrine in your publications:

https://redmine.hpc.rug.nl/redmine/projects/peregrine/wiki/ScientificOutput

################################################################################
