slurmstepd: error: Unable to create TMPDIR [/local/2100640]: Permission denied
slurmstepd: error: Setting TMPDIR to /tmp

libgomp: Invalid value for environment variable OMP_NUM_THREADS
try to find a completed true simulation with gamma = 0.01 and a = 0.5 ...
Generation = 0  gamma = 0.042925  a = 0.699190  fitness = 1.380276
Generation = 1  gamma = 0.013871  a = 0.797138  fitness = 1.876659
Generation = 2  gamma = 0.012184  a = 0.658924  fitness = 1.916681
Generation = 3  gamma = 0.011201  a = 0.584458  fitness = 1.910862
Generation = 4  gamma = 0.010401  a = 0.539763  fitness = 1.899436
Generation = 5  gamma = 0.010141  a = 0.516350  fitness = 1.910110
Generation = 6  gamma = 0.010106  a = 0.509681  fitness = 1.909930
Generation = 7  gamma = 0.010096  a = 0.506056  fitness = 1.932400
Generation = 8  gamma = 0.010085  a = 0.502821  fitness = 1.940557
Generation = 9  gamma = 0.010083  a = 0.500502  fitness = 1.944863
Generation = 10  gamma = 0.010071  a = 0.499794  fitness = 1.947072
Generation = 11  gamma = 0.010073  a = 0.499447  fitness = 1.950389
Generation = 12  gamma = 0.010070  a = 0.498155  fitness = 1.947631
Generation = 13  gamma = 0.010072  a = 0.498960  fitness = 1.949352
Generation = 14  gamma = 0.010055  a = 0.498022  fitness = 1.950498
Generation = 15  gamma = 0.010062  a = 0.497554  fitness = 1.952010
Generation = 16  gamma = 0.010054  a = 0.497098  fitness = 1.962234
Generation = 17  gamma = 0.010071  a = 0.496599  fitness = 1.950760
Generation = 18  gamma = 0.010066  a = 0.497269  fitness = 1.953125
Generation = 19  gamma = 0.010067  a = 0.498028  fitness = 1.952827


###############################################################################
Peregrine Cluster
Job 2100657 for user 'p274981'
Finished at: Wed Aug 29 16:58:57 CEST 2018

Job details:
============




Acknowledgements:
=================

Please see this page if you want to acknowledge Peregrine in your publications:

https://redmine.hpc.rug.nl/redmine/projects/peregrine/wiki/ScientificOutput

################################################################################
