
libgomp: Invalid value for environment variable OMP_NUM_THREADS
try to find a completed true simulation with gamma = 0.01 and a = 1.0 ...
Generation = 0  gamma = 0.037472  a = 0.703168  fitness = 1.434385
Generation = 1  gamma = 0.010341  a = 1.002771  fitness = 1.935204
Generation = 2  gamma = 0.010075  a = 1.009824  fitness = 1.977429
Generation = 3  gamma = 0.009988  a = 1.000706  fitness = 1.960070
Generation = 4  gamma = 0.010000  a = 1.000484  fitness = 1.982258
Generation = 5  gamma = 0.010002  a = 0.999735  fitness = 1.989873
Generation = 6  gamma = 0.009999  a = 1.000286  fitness = 1.994188
Generation = 7  gamma = 0.009998  a = 1.000222  fitness = 1.996257
Generation = 8  gamma = 0.009999  a = 1.000032  fitness = 1.997163
Generation = 9  gamma = 0.009999  a = 1.000027  fitness = 1.997769
Generation = 10  gamma = 0.010000  a = 0.999965  fitness = 1.998274
Generation = 11  gamma = 0.010000  a = 1.000014  fitness = 1.998565
Generation = 12  gamma = 0.010000  a = 1.000052  fitness = 1.998743
Generation = 13  gamma = 0.010000  a = 0.999966  fitness = 1.998905
Generation = 14  gamma = 0.010000  a = 0.999993  fitness = 1.998990
Generation = 15  gamma = 0.010000  a = 0.999986  fitness = 1.999054
Generation = 16  gamma = 0.010000  a = 0.999968  fitness = 1.999147
Generation = 17  gamma = 0.010000  a = 0.999982  fitness = 1.999211
Generation = 18  gamma = 0.010000  a = 0.999976  fitness = 1.999253
Generation = 19  gamma = 0.010000  a = 0.999991  fitness = 1.999306


###############################################################################
Peregrine Cluster
Job 2100658 for user 'p274981'
Finished at: Wed Aug 29 16:59:05 CEST 2018

Job details:
============




Acknowledgements:
=================

Please see this page if you want to acknowledge Peregrine in your publications:

https://redmine.hpc.rug.nl/redmine/projects/peregrine/wiki/ScientificOutput

################################################################################
