
libgomp: Invalid value for environment variable OMP_NUM_THREADS
try to find a completed true simulation with gamma = 0.1 and a = 0.0 ...
Generation = 0  gamma = 0.675785  a = 0.333673  fitness = 1.878615
Generation = 1  gamma = 0.835888  a = 0.338777  fitness = 1.885835
Generation = 2  gamma = 0.894544  a = 0.313223  fitness = 1.883057
Generation = 3  gamma = 0.888134  a = 0.307038  fitness = 1.890792
Generation = 4  gamma = 0.902621  a = 0.320451  fitness = 1.884835
Generation = 5  gamma = 0.923328  a = 0.347336  fitness = 1.886782
Generation = 6  gamma = 0.938629  a = 0.336506  fitness = 1.877874
Generation = 7  gamma = 0.952038  a = 0.366401  fitness = 1.886971
Generation = 8  gamma = 0.984356  a = 0.366450  fitness = 1.885884
Generation = 9  gamma = 0.952972  a = 0.345138  fitness = 1.890115
Generation = 10  gamma = 0.957756  a = 0.343687  fitness = 1.887881
Generation = 11  gamma = 0.962533  a = 0.336318  fitness = 1.886655
Generation = 12  gamma = 0.955724  a = 0.345115  fitness = 1.889392
Generation = 13  gamma = 0.946030  a = 0.332249  fitness = 1.888616
Generation = 14  gamma = 0.965962  a = 0.340311  fitness = 1.885817
Generation = 15  gamma = 0.978101  a = 0.331088  fitness = 1.886989
Generation = 16  gamma = 1.009990  a = 0.349693  fitness = 1.887628
Generation = 17  gamma = 0.951199  a = 0.352913  fitness = 1.888440
Generation = 18  gamma = 0.945521  a = 0.342929  fitness = 1.886984
Generation = 19  gamma = 0.977314  a = 0.348271  fitness = 1.884313


###############################################################################
Peregrine Cluster
Job 2100659 for user 'p274981'
Finished at: Wed Aug 29 16:52:59 CEST 2018

Job details:
============




Acknowledgements:
=================

Please see this page if you want to acknowledge Peregrine in your publications:

https://redmine.hpc.rug.nl/redmine/projects/peregrine/wiki/ScientificOutput

################################################################################
