
libgomp: Invalid value for environment variable OMP_NUM_THREADS
try to find a completed true simulation with gamma = 0.1 and a = 0.1 ...
Generation = 0  gamma = 0.519581  a = 0.690076  fitness = 1.874764
Generation = 1  gamma = 0.619062  a = 0.870172  fitness = 1.879677
Generation = 2  gamma = 0.694212  a = 0.945851  fitness = 1.863972
Generation = 3  gamma = 0.727331  a = 1.018526  fitness = 1.864617
Generation = 4  gamma = 0.784062  a = 1.056346  fitness = 1.873671
Generation = 5  gamma = 0.814362  a = 1.086395  fitness = 1.862814
Generation = 6  gamma = 0.849975  a = 1.121248  fitness = 1.857730
Generation = 7  gamma = 0.818452  a = 1.141719  fitness = 1.877746
Generation = 8  gamma = 0.845605  a = 1.159562  fitness = 1.875810
Generation = 9  gamma = 0.794811  a = 1.114451  fitness = 1.884953
Generation = 10  gamma = 0.819621  a = 1.119999  fitness = 1.872392
Generation = 11  gamma = 0.841230  a = 1.117023  fitness = 1.872138
Generation = 12  gamma = 0.824352  a = 1.123992  fitness = 1.873085
Generation = 13  gamma = 0.823720  a = 1.120173  fitness = 1.869343
Generation = 14  gamma = 0.844813  a = 1.141189  fitness = 1.877064
Generation = 15  gamma = 0.870336  a = 1.147888  fitness = 1.869096
Generation = 16  gamma = 0.892224  a = 1.179775  fitness = 1.853185
Generation = 17  gamma = 0.866575  a = 1.138863  fitness = 1.875302
Generation = 18  gamma = 0.834430  a = 1.117452  fitness = 1.866920
Generation = 19  gamma = 0.824400  a = 1.131652  fitness = 1.867507


###############################################################################
Peregrine Cluster
Job 2100662 for user 'p274981'
Finished at: Wed Aug 29 16:55:16 CEST 2018

Job details:
============




Acknowledgements:
=================

Please see this page if you want to acknowledge Peregrine in your publications:

https://redmine.hpc.rug.nl/redmine/projects/peregrine/wiki/ScientificOutput

################################################################################
