
libgomp: Invalid value for environment variable OMP_NUM_THREADS
try to find a completed true simulation with gamma = 0.5 and a = 0.1 ...
Generation = 0  gamma = 0.665148  a = 0.320425  fitness = 1.826010
Generation = 1  gamma = 0.821638  a = 0.316471  fitness = 1.827193
Generation = 2  gamma = 0.912829  a = 0.330745  fitness = 1.836157
Generation = 3  gamma = 0.911312  a = 0.342899  fitness = 1.840531
Generation = 4  gamma = 0.960391  a = 0.332698  fitness = 1.831302
Generation = 5  gamma = 0.951448  a = 0.340720  fitness = 1.834338
Generation = 6  gamma = 0.928895  a = 0.347085  fitness = 1.843899
Generation = 7  gamma = 0.973382  a = 0.361896  fitness = 1.837865
Generation = 8  gamma = 0.950538  a = 0.349930  fitness = 1.828248
Generation = 9  gamma = 0.988413  a = 0.357766  fitness = 1.837064
Generation = 10  gamma = 0.959081  a = 0.353996  fitness = 1.833451
Generation = 11  gamma = 0.921824  a = 0.340920  fitness = 1.836245
Generation = 12  gamma = 0.918476  a = 0.343421  fitness = 1.834992
Generation = 13  gamma = 0.930263  a = 0.335429  fitness = 1.836446
Generation = 14  gamma = 0.933577  a = 0.351323  fitness = 1.833799
Generation = 15  gamma = 0.945883  a = 0.348361  fitness = 1.833748
Generation = 16  gamma = 0.990660  a = 0.354027  fitness = 1.831996
Generation = 17  gamma = 1.004985  a = 0.353635  fitness = 1.837552
Generation = 18  gamma = 0.991903  a = 0.359410  fitness = 1.835941
Generation = 19  gamma = 0.949810  a = 0.327041  fitness = 1.838747


###############################################################################
Peregrine Cluster
Job 2100668 for user 'p274981'
Finished at: Wed Aug 29 16:59:20 CEST 2018

Job details:
============




Acknowledgements:
=================

Please see this page if you want to acknowledge Peregrine in your publications:

https://redmine.hpc.rug.nl/redmine/projects/peregrine/wiki/ScientificOutput

################################################################################
