
libgomp: Invalid value for environment variable OMP_NUM_THREADS
try to find a completed true simulation with gamma = 0.5 and a = 0.0 ...
Generation = 0  gamma = 0.527009  a = 0.685250  fitness = 1.856370
Generation = 1  gamma = 0.608436  a = 0.844931  fitness = 1.861756
Generation = 2  gamma = 0.670266  a = 0.935764  fitness = 1.866303
Generation = 3  gamma = 0.728668  a = 1.009974  fitness = 1.857898
Generation = 4  gamma = 0.792721  a = 1.058253  fitness = 1.859548
Generation = 5  gamma = 0.819829  a = 1.087635  fitness = 1.851720
Generation = 6  gamma = 0.818240  a = 1.082093  fitness = 1.861539
Generation = 7  gamma = 0.842176  a = 1.104726  fitness = 1.857144
Generation = 8  gamma = 0.849626  a = 1.125184  fitness = 1.862314
Generation = 9  gamma = 0.873387  a = 1.156065  fitness = 1.855379
Generation = 10  gamma = 0.846781  a = 1.174831  fitness = 1.864244
Generation = 11  gamma = 0.833858  a = 1.135305  fitness = 1.866286
Generation = 12  gamma = 0.821685  a = 1.112642  fitness = 1.858237
Generation = 13  gamma = 0.801785  a = 1.123924  fitness = 1.873794
Generation = 14  gamma = 0.854578  a = 1.143615  fitness = 1.855607
Generation = 15  gamma = 0.815133  a = 1.120212  fitness = 1.868877
Generation = 16  gamma = 0.860588  a = 1.123681  fitness = 1.851071
Generation = 17  gamma = 0.879125  a = 1.156241  fitness = 1.849126
Generation = 18  gamma = 0.837117  a = 1.146616  fitness = 1.877547
Generation = 19  gamma = 0.858693  a = 1.157883  fitness = 1.864670


###############################################################################
Peregrine Cluster
Job 2100665 for user 'p274981'
Finished at: Wed Aug 29 16:56:11 CEST 2018

Job details:
============




Acknowledgements:
=================

Please see this page if you want to acknowledge Peregrine in your publications:

https://redmine.hpc.rug.nl/redmine/projects/peregrine/wiki/ScientificOutput

################################################################################
