
libgomp: Invalid value for environment variable OMP_NUM_THREADS
try to find a completed true simulation with gamma = 0.5 and a = 0.01 ...
Generation = 0  gamma = 0.667551  a = 0.342187  fitness = 1.865852
Generation = 1  gamma = 0.830774  a = 0.308350  fitness = 1.876036
Generation = 2  gamma = 0.901595  a = 0.329334  fitness = 1.878424
Generation = 3  gamma = 0.940836  a = 0.342649  fitness = 1.871629
Generation = 4  gamma = 0.945130  a = 0.331958  fitness = 1.857725
Generation = 5  gamma = 0.958302  a = 0.331783  fitness = 1.872875
Generation = 6  gamma = 0.946464  a = 0.332962  fitness = 1.874167
Generation = 7  gamma = 0.965138  a = 0.343673  fitness = 1.875042
Generation = 8  gamma = 0.927056  a = 0.319071  fitness = 1.872402
Generation = 9  gamma = 0.950014  a = 0.317320  fitness = 1.872760
Generation = 10  gamma = 1.004408  a = 0.325645  fitness = 1.870176
Generation = 11  gamma = 0.944037  a = 0.326789  fitness = 1.866906
Generation = 12  gamma = 0.975429  a = 0.354492  fitness = 1.874841
Generation = 13  gamma = 0.967032  a = 0.351653  fitness = 1.875822
Generation = 14  gamma = 0.973967  a = 0.334736  fitness = 1.869521
Generation = 15  gamma = 0.983637  a = 0.345414  fitness = 1.869328
Generation = 16  gamma = 0.993668  a = 0.331713  fitness = 1.873755
Generation = 17  gamma = 0.970689  a = 0.338045  fitness = 1.873102
Generation = 18  gamma = 0.956770  a = 0.339497  fitness = 1.873367
Generation = 19  gamma = 0.950799  a = 0.356982  fitness = 1.872789


###############################################################################
Peregrine Cluster
Job 2100667 for user 'p274981'
Finished at: Wed Aug 29 16:52:57 CEST 2018

Job details:
============




Acknowledgements:
=================

Please see this page if you want to acknowledge Peregrine in your publications:

https://redmine.hpc.rug.nl/redmine/projects/peregrine/wiki/ScientificOutput

################################################################################
