
libgomp: Invalid value for environment variable OMP_NUM_THREADS
try to find a completed true simulation with gamma = 1.0 and a = 0.0 ...
Generation = 0  gamma = 0.662170  a = 0.337423  fitness = 1.828402
Generation = 1  gamma = 0.820106  a = 0.319389  fitness = 1.837031
Generation = 2  gamma = 0.918533  a = 0.319868  fitness = 1.840436
Generation = 3  gamma = 0.920929  a = 0.327711  fitness = 1.835952
Generation = 4  gamma = 0.923168  a = 0.325859  fitness = 1.840215
Generation = 5  gamma = 0.975641  a = 0.345868  fitness = 1.838335
Generation = 6  gamma = 1.002884  a = 0.344708  fitness = 1.840053
Generation = 7  gamma = 1.028696  a = 0.351194  fitness = 1.836085
Generation = 8  gamma = 0.947543  a = 0.329166  fitness = 1.839285
Generation = 9  gamma = 0.898634  a = 0.346964  fitness = 1.840116
Generation = 10  gamma = 0.921790  a = 0.361555  fitness = 1.839122
Generation = 11  gamma = 0.965574  a = 0.356094  fitness = 1.837434
Generation = 12  gamma = 0.967231  a = 0.351600  fitness = 1.837489
Generation = 13  gamma = 0.951477  a = 0.333672  fitness = 1.837220
Generation = 14  gamma = 0.962194  a = 0.341942  fitness = 1.838580
Generation = 15  gamma = 0.945998  a = 0.345915  fitness = 1.836361
Generation = 16  gamma = 0.977435  a = 0.334446  fitness = 1.837083
Generation = 17  gamma = 0.973492  a = 0.330363  fitness = 1.835318
Generation = 18  gamma = 0.955806  a = 0.331685  fitness = 1.838306
Generation = 19  gamma = 0.904596  a = 0.326259  fitness = 1.840384


###############################################################################
Peregrine Cluster
Job 2100671 for user 'p274981'
Finished at: Wed Aug 29 17:58:11 CEST 2018

Job details:
============




Acknowledgements:
=================

Please see this page if you want to acknowledge Peregrine in your publications:

https://redmine.hpc.rug.nl/redmine/projects/peregrine/wiki/ScientificOutput

################################################################################
