
libgomp: Invalid value for environment variable OMP_NUM_THREADS
try to find a completed true simulation with gamma = 1.0 and a = 0.01 ...
Generation = 0  gamma = 0.665259  a = 0.313719  fitness = 1.869613
Generation = 1  gamma = 0.813711  a = 0.308308  fitness = 1.880024
Generation = 2  gamma = 0.925228  a = 0.318749  fitness = 1.879918
Generation = 3  gamma = 0.911243  a = 0.333231  fitness = 1.881444
Generation = 4  gamma = 0.935783  a = 0.346820  fitness = 1.876479
Generation = 5  gamma = 0.931546  a = 0.334188  fitness = 1.883037
Generation = 6  gamma = 0.955426  a = 0.347258  fitness = 1.879822
Generation = 7  gamma = 0.946219  a = 0.341160  fitness = 1.881626
Generation = 8  gamma = 0.977792  a = 0.348724  fitness = 1.877837
Generation = 9  gamma = 1.022779  a = 0.353593  fitness = 1.883446
Generation = 10  gamma = 0.941399  a = 0.325125  fitness = 1.879659
Generation = 11  gamma = 0.967190  a = 0.325925  fitness = 1.881598
Generation = 12  gamma = 0.939125  a = 0.336099  fitness = 1.879419
Generation = 13  gamma = 0.960910  a = 0.323419  fitness = 1.880331
Generation = 14  gamma = 0.992089  a = 0.358481  fitness = 1.879541
Generation = 15  gamma = 0.990806  a = 0.352936  fitness = 1.883820
Generation = 16  gamma = 0.951843  a = 0.338715  fitness = 1.877325
Generation = 17  gamma = 0.934561  a = 0.329377  fitness = 1.877241
Generation = 18  gamma = 0.939806  a = 0.344928  fitness = 1.876589
Generation = 19  gamma = 0.981194  a = 0.352599  fitness = 1.875555


###############################################################################
Peregrine Cluster
Job 2100673 for user 'p274981'
Finished at: Wed Aug 29 17:56:57 CEST 2018

Job details:
============




Acknowledgements:
=================

Please see this page if you want to acknowledge Peregrine in your publications:

https://redmine.hpc.rug.nl/redmine/projects/peregrine/wiki/ScientificOutput

################################################################################
