
libgomp: Invalid value for environment variable OMP_NUM_THREADS
try to find a completed true simulation with gamma = 1.0 and a = 0.5 ...
Generation = 0  gamma = 0.648577  a = 0.321612  fitness = 1.839413
Generation = 1  gamma = 0.761234  a = 0.304732  fitness = 1.847071
Generation = 2  gamma = 0.857943  a = 0.314078  fitness = 1.849451
Generation = 3  gamma = 0.882043  a = 0.316092  fitness = 1.853285
Generation = 4  gamma = 0.883438  a = 0.312494  fitness = 1.845982
Generation = 5  gamma = 0.940476  a = 0.317486  fitness = 1.850248
Generation = 6  gamma = 0.944493  a = 0.327115  fitness = 1.846201
Generation = 7  gamma = 0.909524  a = 0.331403  fitness = 1.849270
Generation = 8  gamma = 0.948997  a = 0.337863  fitness = 1.842978
Generation = 9  gamma = 0.971483  a = 0.338784  fitness = 1.851887
Generation = 10  gamma = 0.984323  a = 0.340560  fitness = 1.851693
Generation = 11  gamma = 0.964307  a = 0.351836  fitness = 1.842218
Generation = 12  gamma = 0.957516  a = 0.370145  fitness = 1.845711
Generation = 13  gamma = 0.974790  a = 0.350405  fitness = 1.849645
Generation = 14  gamma = 0.958241  a = 0.358021  fitness = 1.843393
Generation = 15  gamma = 0.992012  a = 0.364428  fitness = 1.852413
Generation = 16  gamma = 1.001263  a = 0.346204  fitness = 1.850942
Generation = 17  gamma = 0.948227  a = 0.354938  fitness = 1.849991
Generation = 18  gamma = 0.940439  a = 0.353945  fitness = 1.849376
Generation = 19  gamma = 0.969827  a = 0.360658  fitness = 1.845728


###############################################################################
Peregrine Cluster
Job 2100675 for user 'p274981'
Finished at: Wed Aug 29 17:57:27 CEST 2018

Job details:
============




Acknowledgements:
=================

Please see this page if you want to acknowledge Peregrine in your publications:

https://redmine.hpc.rug.nl/redmine/projects/peregrine/wiki/ScientificOutput

################################################################################
