Submitted batch job 2107053
Submitted batch job 2107054
Submitted batch job 2107055
Submitted batch job 2107056
Submitted batch job 2107057
Submitted batch job 2107058
Submitted batch job 2107059
Submitted batch job 2107060
Submitted batch job 2107061
Submitted batch job 2107062
Submitted batch job 2107063
Submitted batch job 2107064
Submitted batch job 2107065
Submitted batch job 2107066
Submitted batch job 2107067
Submitted batch job 2107068
Submitted batch job 2107069
Submitted batch job 2107070
Submitted batch job 2107071
Submitted batch job 2107072
Submitted batch job 2107073
Submitted batch job 2107074
Submitted batch job 2107075
Submitted batch job 2107076
Submitted batch job 2107077
Submitted batch job 2107078
Submitted batch job 2107079
Submitted batch job 2107080
Submitted batch job 2107081
Submitted batch job 2107082
Submitted batch job 2107083
Submitted batch job 2107084
Submitted batch job 2107085
Submitted batch job 2107086
Submitted batch job 2107087
Submitted batch job 2107088


###############################################################################
Peregrine Cluster
Job 2107052 for user 'p274981'
Finished at: Thu Aug 30 11:40:38 CEST 2018

Job details:
============




Acknowledgements:
=================

Please see this page if you want to acknowledge Peregrine in your publications:

https://redmine.hpc.rug.nl/redmine/projects/peregrine/wiki/ScientificOutput

################################################################################
