try to find a completed true simulation with gamma = 0.0 and a = 0.0 ...
Generation = 0  gamma = 0.545013  a = 0.513048  fitness = 1.795212
Generation = 1  gamma = 0.620702  a = 0.561405  fitness = 1.809023
Generation = 2  gamma = 0.616703  a = 0.550059  fitness = 1.810085
Generation = 3  gamma = 0.637742  a = 0.567255  fitness = 1.801605
Generation = 4  gamma = 0.647048  a = 0.588512  fitness = 1.798293
Generation = 5  gamma = 0.653894  a = 0.618690  fitness = 1.791713
Generation = 6  gamma = 0.691570  a = 0.671794  fitness = 1.784826
Generation = 7  gamma = 0.690751  a = 0.633859  fitness = 1.808132
Generation = 8  gamma = 0.681781  a = 0.614396  fitness = 1.790182
Generation = 9  gamma = 0.661671  a = 0.589047  fitness = 1.813966
Generation = 10  gamma = 0.678530  a = 0.600726  fitness = 1.804951
Generation = 11  gamma = 0.665116  a = 0.578554  fitness = 1.813514
Generation = 12  gamma = 0.674534  a = 0.581520  fitness = 1.819421
Generation = 13  gamma = 0.665782  a = 0.608276  fitness = 1.785726
Generation = 14  gamma = 0.670462  a = 0.581551  fitness = 1.820230
Generation = 15  gamma = 0.657475  a = 0.598487  fitness = 1.793039
Generation = 16  gamma = 0.656168  a = 0.580928  fitness = 1.816012
Generation = 17  gamma = 0.657724  a = 0.598639  fitness = 1.801442
Generation = 18  gamma = 0.624732  a = 0.564383  fitness = 1.792983
Generation = 19  gamma = 0.637184  a = 0.568444  fitness = 1.786122


###############################################################################
Peregrine Cluster
Job 2107053 for user 'p274981'
Finished at: Thu Aug 30 12:11:14 CEST 2018

Job details:
============




Acknowledgements:
=================

Please see this page if you want to acknowledge Peregrine in your publications:

https://redmine.hpc.rug.nl/redmine/projects/peregrine/wiki/ScientificOutput

################################################################################
