try to find a completed true simulation with gamma = 0.001 and a = 0.5 ...
Generation = 0  gamma = 0.049887  a = 0.734095  fitness = 0.489291
Generation = 1  gamma = 0.003567  a = 0.857407  fitness = 0.997479
Generation = 2  gamma = 0.001708  a = 0.893053  fitness = 1.225002
Generation = 3  gamma = 0.001497  a = 0.891606  fitness = 1.290926
Generation = 4  gamma = 0.001501  a = 0.848295  fitness = 1.237364
Generation = 5  gamma = 0.001510  a = 0.855447  fitness = 1.298636
Generation = 6  gamma = 0.001495  a = 0.843413  fitness = 1.287744
Generation = 7  gamma = 0.001497  a = 0.840330  fitness = 1.301043
Generation = 8  gamma = 0.001490  a = 0.849568  fitness = 1.297654
Generation = 9  gamma = 0.001451  a = 0.845916  fitness = 1.290564
Generation = 10  gamma = 0.001446  a = 0.848060  fitness = 1.265902
Generation = 11  gamma = 0.001422  a = 0.849004  fitness = 1.294766
Generation = 12  gamma = 0.001463  a = 0.852181  fitness = 1.301174
Generation = 13  gamma = 0.001517  a = 0.862009  fitness = 1.277114
Generation = 14  gamma = 0.001487  a = 0.847728  fitness = 1.288090
Generation = 15  gamma = 0.001485  a = 0.854000  fitness = 1.292891
Generation = 16  gamma = 0.001471  a = 0.867688  fitness = 1.237942
Generation = 17  gamma = 0.001498  a = 0.851163  fitness = 1.292934
Generation = 18  gamma = 0.001444  a = 0.863426  fitness = 1.275330
Generation = 19  gamma = 0.001457  a = 0.840534  fitness = 1.278897


###############################################################################
Peregrine Cluster
Job 2107063 for user 'p274981'
Finished at: Thu Aug 30 12:12:56 CEST 2018

Job details:
============




Acknowledgements:
=================

Please see this page if you want to acknowledge Peregrine in your publications:

https://redmine.hpc.rug.nl/redmine/projects/peregrine/wiki/ScientificOutput

################################################################################
