try to find a completed true simulation with gamma = 0.001 and a = 0.0 ...
Generation = 0  gamma = 0.521097  a = 0.589241  fitness = 1.798517
Generation = 1  gamma = 0.633848  a = 0.787205  fitness = 1.824239
Generation = 2  gamma = 0.658833  a = 0.853903  fitness = 1.826630
Generation = 3  gamma = 0.677418  a = 0.905884  fitness = 1.826563
Generation = 4  gamma = 0.702095  a = 0.931615  fitness = 1.821807
Generation = 5  gamma = 0.736744  a = 0.958728  fitness = 1.825815
Generation = 6  gamma = 0.742238  a = 0.942563  fitness = 1.831375
Generation = 7  gamma = 0.768119  a = 1.048380  fitness = 1.824454
Generation = 8  gamma = 0.763542  a = 1.024071  fitness = 1.843580
Generation = 9  gamma = 0.773881  a = 1.032501  fitness = 1.832034
Generation = 10  gamma = 0.789962  a = 1.066050  fitness = 1.819128
Generation = 11  gamma = 0.764765  a = 1.054957  fitness = 1.837815
Generation = 12  gamma = 0.752814  a = 1.052394  fitness = 1.833506
Generation = 13  gamma = 0.766775  a = 1.067834  fitness = 1.780866
Generation = 14  gamma = 0.760875  a = 1.067288  fitness = 1.797039
Generation = 15  gamma = 0.804292  a = 1.074209  fitness = 1.833616
Generation = 16  gamma = 0.806762  a = 1.054246  fitness = 1.823857
Generation = 17  gamma = 0.789860  a = 1.035195  fitness = 1.839458
Generation = 18  gamma = 0.782464  a = 1.059275  fitness = 1.805831
Generation = 19  gamma = 0.770900  a = 1.053708  fitness = 1.821474


###############################################################################
Peregrine Cluster
Job 2107059 for user 'p274981'
Finished at: Thu Aug 30 12:11:16 CEST 2018

Job details:
============




Acknowledgements:
=================

Please see this page if you want to acknowledge Peregrine in your publications:

https://redmine.hpc.rug.nl/redmine/projects/peregrine/wiki/ScientificOutput

################################################################################
