try to find a completed true simulation with gamma = 0.001 and a = 0.001 ...
Generation = 0  gamma = 0.562621  a = 0.655182  fitness = 1.821320
Generation = 1  gamma = 0.654459  a = 0.836682  fitness = 1.835554
Generation = 2  gamma = 0.736825  a = 0.946674  fitness = 1.832675
Generation = 3  gamma = 0.776092  a = 1.021329  fitness = 1.831770
Generation = 4  gamma = 0.818050  a = 1.096945  fitness = 1.828123
Generation = 5  gamma = 0.872751  a = 1.114670  fitness = 1.831725
Generation = 6  gamma = 0.859608  a = 1.155212  fitness = 1.849349
Generation = 7  gamma = 0.879428  a = 1.153345  fitness = 1.850884
Generation = 8  gamma = 0.889507  a = 1.171788  fitness = 1.837051
Generation = 9  gamma = 0.904306  a = 1.196491  fitness = 1.818733
Generation = 10  gamma = 0.893589  a = 1.185698  fitness = 1.820742
Generation = 11  gamma = 0.890716  a = 1.190528  fitness = 1.838561
Generation = 12  gamma = 0.906737  a = 1.213895  fitness = 1.835032
Generation = 13  gamma = 0.906222  a = 1.197589  fitness = 1.838805
Generation = 14  gamma = 0.905870  a = 1.213500  fitness = 1.858080
Generation = 15  gamma = 0.897070  a = 1.210788  fitness = 1.842937
Generation = 16  gamma = 0.920936  a = 1.221286  fitness = 1.833039
Generation = 17  gamma = 0.895134  a = 1.199355  fitness = 1.851086
Generation = 18  gamma = 0.913560  a = 1.206415  fitness = 1.815563
Generation = 19  gamma = 0.887310  a = 1.200457  fitness = 1.859247


###############################################################################
Peregrine Cluster
Job 2107060 for user 'p274981'
Finished at: Thu Aug 30 12:11:21 CEST 2018

Job details:
============




Acknowledgements:
=================

Please see this page if you want to acknowledge Peregrine in your publications:

https://redmine.hpc.rug.nl/redmine/projects/peregrine/wiki/ScientificOutput

################################################################################
