try to find a completed true simulation with gamma = 0.01 and a = 0.5 ...
Generation = 0  gamma = 0.062308  a = 0.734891  fitness = 1.202159
Generation = 1  gamma = 0.022152  a = 0.896688  fitness = 1.458932
Generation = 2  gamma = 0.017744  a = 0.904518  fitness = 1.520192
Generation = 3  gamma = 0.017245  a = 0.896511  fitness = 1.512448
Generation = 4  gamma = 0.016825  a = 0.886086  fitness = 1.509658
Generation = 5  gamma = 0.016910  a = 0.867862  fitness = 1.520935
Generation = 6  gamma = 0.016768  a = 0.870139  fitness = 1.519313
Generation = 7  gamma = 0.016732  a = 0.865071  fitness = 1.499845
Generation = 8  gamma = 0.016338  a = 0.850934  fitness = 1.513069
Generation = 9  gamma = 0.016149  a = 0.854011  fitness = 1.505572
Generation = 10  gamma = 0.016045  a = 0.844797  fitness = 1.516425
Generation = 11  gamma = 0.016138  a = 0.841521  fitness = 1.497594
Generation = 12  gamma = 0.016300  a = 0.832152  fitness = 1.514186
Generation = 13  gamma = 0.016145  a = 0.832862  fitness = 1.514852
Generation = 14  gamma = 0.016106  a = 0.829870  fitness = 1.519619
Generation = 15  gamma = 0.016155  a = 0.821021  fitness = 1.515346
Generation = 16  gamma = 0.016131  a = 0.834609  fitness = 1.498978
Generation = 17  gamma = 0.016266  a = 0.842803  fitness = 1.504858
Generation = 18  gamma = 0.016110  a = 0.835459  fitness = 1.535070
Generation = 19  gamma = 0.016012  a = 0.841806  fitness = 1.503107


###############################################################################
Peregrine Cluster
Job 2107069 for user 'p274981'
Finished at: Thu Aug 30 12:11:19 CEST 2018

Job details:
============




Acknowledgements:
=================

Please see this page if you want to acknowledge Peregrine in your publications:

https://redmine.hpc.rug.nl/redmine/projects/peregrine/wiki/ScientificOutput

################################################################################
