try to find a completed true simulation with gamma = 0.1 and a = 0.1 ...
Generation = 0  gamma = 0.594857  a = 0.542429  fitness = 1.823944
Generation = 1  gamma = 0.707933  a = 0.635222  fitness = 1.812177
Generation = 2  gamma = 0.794050  a = 0.695357  fitness = 1.830568
Generation = 3  gamma = 0.800619  a = 0.728717  fitness = 1.814328
Generation = 4  gamma = 0.788056  a = 0.754402  fitness = 1.828495
Generation = 5  gamma = 0.760838  a = 0.732029  fitness = 1.821160
Generation = 6  gamma = 0.767342  a = 0.718870  fitness = 1.834252
Generation = 7  gamma = 0.762740  a = 0.647911  fitness = 1.815880
Generation = 8  gamma = 0.786818  a = 0.677753  fitness = 1.810598
Generation = 9  gamma = 0.770265  a = 0.700597  fitness = 1.820662
Generation = 10  gamma = 0.801877  a = 0.718526  fitness = 1.799563
Generation = 11  gamma = 0.841306  a = 0.724209  fitness = 1.827953
Generation = 12  gamma = 0.822307  a = 0.704484  fitness = 1.801940
Generation = 13  gamma = 0.775494  a = 0.736765  fitness = 1.805529
Generation = 14  gamma = 0.804081  a = 0.712552  fitness = 1.833954
Generation = 15  gamma = 0.832230  a = 0.720854  fitness = 1.835797
Generation = 16  gamma = 0.793180  a = 0.698011  fitness = 1.823212
Generation = 17  gamma = 0.761173  a = 0.719277  fitness = 1.826383
Generation = 18  gamma = 0.771177  a = 0.744121  fitness = 1.819902
Generation = 19  gamma = 0.772488  a = 0.702614  fitness = 1.836122


###############################################################################
Peregrine Cluster
Job 2107074 for user 'p274981'
Finished at: Thu Aug 30 12:09:57 CEST 2018

Job details:
============




Acknowledgements:
=================

Please see this page if you want to acknowledge Peregrine in your publications:

https://redmine.hpc.rug.nl/redmine/projects/peregrine/wiki/ScientificOutput

################################################################################
