try to find a completed true simulation with gamma = 0.5 and a = 0.0 ...
Generation = 0  gamma = 0.703253  a = 0.290335  fitness = 1.845678
Generation = 1  gamma = 0.872361  a = 0.266808  fitness = 1.848542
Generation = 2  gamma = 0.992633  a = 0.267200  fitness = 1.817799
Generation = 3  gamma = 1.076660  a = 0.291870  fitness = 1.828657
Generation = 4  gamma = 1.089186  a = 0.301473  fitness = 1.834044
Generation = 5  gamma = 1.117847  a = 0.315088  fitness = 1.826194
Generation = 6  gamma = 1.155577  a = 0.321710  fitness = 1.824878
Generation = 7  gamma = 1.124311  a = 0.333666  fitness = 1.821733
Generation = 8  gamma = 1.119513  a = 0.331763  fitness = 1.809247
Generation = 9  gamma = 1.114809  a = 0.321906  fitness = 1.838667
Generation = 10  gamma = 1.151352  a = 0.319668  fitness = 1.822097
Generation = 11  gamma = 1.167096  a = 0.317432  fitness = 1.824491
Generation = 12  gamma = 1.164474  a = 0.328578  fitness = 1.801451
Generation = 13  gamma = 1.135108  a = 0.322896  fitness = 1.826730
Generation = 14  gamma = 1.150496  a = 0.321599  fitness = 1.836555
Generation = 15  gamma = 1.118798  a = 0.306335  fitness = 1.839999
Generation = 16  gamma = 1.128760  a = 0.333246  fitness = 1.802518
Generation = 17  gamma = 1.127549  a = 0.316357  fitness = 1.827663
Generation = 18  gamma = 1.111476  a = 0.321878  fitness = 1.847519
Generation = 19  gamma = 1.143192  a = 0.329976  fitness = 1.837855


###############################################################################
Peregrine Cluster
Job 2107077 for user 'p274981'
Finished at: Thu Aug 30 12:08:18 CEST 2018

Job details:
============




Acknowledgements:
=================

Please see this page if you want to acknowledge Peregrine in your publications:

https://redmine.hpc.rug.nl/redmine/projects/peregrine/wiki/ScientificOutput

################################################################################
