try to find a completed true simulation with gamma = 0.5 and a = 1.0 ...
Generation = 0  gamma = 0.459780  a = 0.682160  fitness = 1.795346
Generation = 1  gamma = 0.533951  a = 0.903506  fitness = 1.813621
Generation = 2  gamma = 0.571660  a = 0.962494  fitness = 1.815354
Generation = 3  gamma = 0.586006  a = 0.995689  fitness = 1.806475
Generation = 4  gamma = 0.601269  a = 1.008910  fitness = 1.806681
Generation = 5  gamma = 0.585633  a = 1.025984  fitness = 1.801197
Generation = 6  gamma = 0.594886  a = 1.032338  fitness = 1.812465
Generation = 7  gamma = 0.591307  a = 1.035149  fitness = 1.787924
Generation = 8  gamma = 0.580807  a = 1.046776  fitness = 1.818108
Generation = 9  gamma = 0.611248  a = 1.063711  fitness = 1.804225
Generation = 10  gamma = 0.602959  a = 1.060691  fitness = 1.815866
Generation = 11  gamma = 0.611777  a = 1.056452  fitness = 1.824952
Generation = 12  gamma = 0.597317  a = 1.042914  fitness = 1.809712
Generation = 13  gamma = 0.608021  a = 1.054488  fitness = 1.804400
Generation = 14  gamma = 0.599954  a = 1.062063  fitness = 1.815574
Generation = 15  gamma = 0.599988  a = 1.023066  fitness = 1.807355
Generation = 16  gamma = 0.601182  a = 1.038142  fitness = 1.795477
Generation = 17  gamma = 0.614477  a = 1.040096  fitness = 1.794066
Generation = 18  gamma = 0.607312  a = 1.044242  fitness = 1.771634
Generation = 19  gamma = 0.611634  a = 1.046161  fitness = 1.793539


###############################################################################
Peregrine Cluster
Job 2107082 for user 'p274981'
Finished at: Thu Aug 30 12:38:52 CEST 2018

Job details:
============




Acknowledgements:
=================

Please see this page if you want to acknowledge Peregrine in your publications:

https://redmine.hpc.rug.nl/redmine/projects/peregrine/wiki/ScientificOutput

################################################################################
