try to find a completed true simulation with gamma = 1.0 and a = 0.5 ...
Generation = 0  gamma = 0.683231  a = 0.309174  fitness = 1.835780
Generation = 1  gamma = 0.843403  a = 0.277411  fitness = 1.819428
Generation = 2  gamma = 0.956142  a = 0.288698  fitness = 1.833189
Generation = 3  gamma = 1.000878  a = 0.298898  fitness = 1.723699
Generation = 4  gamma = 1.039300  a = 0.307284  fitness = 1.815077
Generation = 5  gamma = 1.041625  a = 0.317357  fitness = 1.803274
Generation = 6  gamma = 1.051462  a = 0.315007  fitness = 1.801269
Generation = 7  gamma = 1.052509  a = 0.345715  fitness = 1.825357
Generation = 8  gamma = 1.090523  a = 0.348517  fitness = 1.821209
Generation = 9  gamma = 1.081548  a = 0.337189  fitness = 1.824666
Generation = 10  gamma = 1.075762  a = 0.325851  fitness = 1.822093
Generation = 11  gamma = 1.071366  a = 0.325049  fitness = 1.805494
Generation = 12  gamma = 1.021742  a = 0.312536  fitness = 1.817056
Generation = 13  gamma = 1.059452  a = 0.329240  fitness = 1.840960
Generation = 14  gamma = 1.077583  a = 0.349800  fitness = 1.805073
Generation = 15  gamma = 1.084060  a = 0.361517  fitness = 1.811324
Generation = 16  gamma = 1.099232  a = 0.367163  fitness = 1.840908
Generation = 17  gamma = 1.073288  a = 0.341477  fitness = 1.817901
Generation = 18  gamma = 1.073302  a = 0.351421  fitness = 1.814958
Generation = 19  gamma = 1.080063  a = 0.334657  fitness = 1.829285


###############################################################################
Peregrine Cluster
Job 2107087 for user 'p274981'
Finished at: Thu Aug 30 12:36:19 CEST 2018

Job details:
============




Acknowledgements:
=================

Please see this page if you want to acknowledge Peregrine in your publications:

https://redmine.hpc.rug.nl/redmine/projects/peregrine/wiki/ScientificOutput

################################################################################
