try to find a completed true simulation with gamma = 1.0 and a = 0.1 ...
Generation = 0  gamma = 0.721650  a = 0.295275  fitness = 1.847248
Generation = 1  gamma = 0.899641  a = 0.248284  fitness = 1.813645
Generation = 2  gamma = 1.012870  a = 0.256020  fitness = 1.832974
Generation = 3  gamma = 1.090030  a = 0.281284  fitness = 1.854289
Generation = 4  gamma = 1.110512  a = 0.310658  fitness = 1.836558
Generation = 5  gamma = 1.128494  a = 0.293221  fitness = 1.838991
Generation = 6  gamma = 1.136059  a = 0.309692  fitness = 1.832593
Generation = 7  gamma = 1.144552  a = 0.313529  fitness = 1.856068
Generation = 8  gamma = 1.200892  a = 0.320655  fitness = 1.839681
Generation = 9  gamma = 1.187326  a = 0.324842  fitness = 1.835394
Generation = 10  gamma = 1.161362  a = 0.328074  fitness = 1.850203
Generation = 11  gamma = 1.153350  a = 0.347401  fitness = 1.803532
Generation = 12  gamma = 1.151778  a = 0.341868  fitness = 1.848507
Generation = 13  gamma = 1.164158  a = 0.324788  fitness = 1.847350
Generation = 14  gamma = 1.202896  a = 0.321196  fitness = 1.824238
Generation = 15  gamma = 1.150939  a = 0.312421  fitness = 1.832693
Generation = 16  gamma = 1.141924  a = 0.320871  fitness = 1.854049
Generation = 17  gamma = 1.177985  a = 0.315016  fitness = 1.804059
Generation = 18  gamma = 1.188186  a = 0.314633  fitness = 1.834175
Generation = 19  gamma = 1.195739  a = 0.303716  fitness = 1.842097


###############################################################################
Peregrine Cluster
Job 2107086 for user 'p274981'
Finished at: Thu Aug 30 12:38:20 CEST 2018

Job details:
============




Acknowledgements:
=================

Please see this page if you want to acknowledge Peregrine in your publications:

https://redmine.hpc.rug.nl/redmine/projects/peregrine/wiki/ScientificOutput

################################################################################
