try to find a completed true simulation with gamma = 1.0 and a = 0.0 ...
Generation = 0  gamma = 0.713946  a = 0.308977  fitness = 1.822035
Generation = 1  gamma = 0.847536  a = 0.282512  fitness = 1.840013
Generation = 2  gamma = 0.958153  a = 0.290325  fitness = 1.827071
Generation = 3  gamma = 1.010740  a = 0.323029  fitness = 1.824000
Generation = 4  gamma = 1.066258  a = 0.308575  fitness = 1.796605
Generation = 5  gamma = 1.117129  a = 0.344242  fitness = 1.831037
Generation = 6  gamma = 1.108331  a = 0.344435  fitness = 1.830361
Generation = 7  gamma = 1.077451  a = 0.322757  fitness = 1.788421
Generation = 8  gamma = 1.075158  a = 0.316422  fitness = 1.825684
Generation = 9  gamma = 1.107172  a = 0.352037  fitness = 1.826229
Generation = 10  gamma = 1.095001  a = 0.326637  fitness = 1.827272
Generation = 11  gamma = 1.081090  a = 0.337671  fitness = 1.833852
Generation = 12  gamma = 1.107758  a = 0.335322  fitness = 1.846078
Generation = 13  gamma = 1.085372  a = 0.337902  fitness = 1.851428
Generation = 14  gamma = 1.128722  a = 0.347038  fitness = 1.814001
Generation = 15  gamma = 1.112658  a = 0.338949  fitness = 1.844513
Generation = 16  gamma = 1.091448  a = 0.347180  fitness = 1.804369
Generation = 17  gamma = 1.085619  a = 0.351025  fitness = 1.818256
Generation = 18  gamma = 1.092437  a = 0.334732  fitness = 1.826789
Generation = 19  gamma = 1.072237  a = 0.314099  fitness = 1.822131


###############################################################################
Peregrine Cluster
Job 2107083 for user 'p274981'
Finished at: Thu Aug 30 12:35:52 CEST 2018

Job details:
============




Acknowledgements:
=================

Please see this page if you want to acknowledge Peregrine in your publications:

https://redmine.hpc.rug.nl/redmine/projects/peregrine/wiki/ScientificOutput

################################################################################
