try to find a completed true simulation with gamma = 1.0 and a = 0.01 ...
Generation = 0  gamma = 0.714606  a = 0.303871  fitness = 1.844568
Generation = 1  gamma = 0.884095  a = 0.275574  fitness = 1.819941
Generation = 2  gamma = 1.005134  a = 0.282587  fitness = 1.841240
Generation = 3  gamma = 1.064853  a = 0.298163  fitness = 1.800163
Generation = 4  gamma = 1.131956  a = 0.319884  fitness = 1.836968
Generation = 5  gamma = 1.152653  a = 0.310491  fitness = 1.834646
Generation = 6  gamma = 1.121829  a = 0.329416  fitness = 1.824748
Generation = 7  gamma = 1.133496  a = 0.318927  fitness = 1.838658
Generation = 8  gamma = 1.119239  a = 0.327382  fitness = 1.830383
Generation = 9  gamma = 1.121186  a = 0.325415  fitness = 1.823515
Generation = 10  gamma = 1.150882  a = 0.340679  fitness = 1.828141
Generation = 11  gamma = 1.139585  a = 0.340497  fitness = 1.817412
Generation = 12  gamma = 1.128006  a = 0.329004  fitness = 1.825850
Generation = 13  gamma = 1.147072  a = 0.338381  fitness = 1.836377
Generation = 14  gamma = 1.161082  a = 0.343890  fitness = 1.840961
Generation = 15  gamma = 1.151202  a = 0.329810  fitness = 1.787649
Generation = 16  gamma = 1.141840  a = 0.354086  fitness = 1.817061
Generation = 17  gamma = 1.176138  a = 0.336100  fitness = 1.836199
Generation = 18  gamma = 1.164071  a = 0.332297  fitness = 1.783479
Generation = 19  gamma = 1.155649  a = 0.336419  fitness = 1.844515


###############################################################################
Peregrine Cluster
Job 2107085 for user 'p274981'
Finished at: Thu Aug 30 12:35:57 CEST 2018

Job details:
============




Acknowledgements:
=================

Please see this page if you want to acknowledge Peregrine in your publications:

https://redmine.hpc.rug.nl/redmine/projects/peregrine/wiki/ScientificOutput

################################################################################
