try to find a completed true simulation with gamma = 1.0 and a = 1.0 ...
Generation = 0  gamma = 0.510468  a = 0.567787  fitness = 1.834559
Generation = 1  gamma = 0.589460  a = 0.765155  fitness = 1.843728
Generation = 2  gamma = 0.625091  a = 0.814871  fitness = 1.848236
Generation = 3  gamma = 0.658474  a = 0.864369  fitness = 1.826310
Generation = 4  gamma = 0.667756  a = 0.918350  fitness = 1.832530
Generation = 5  gamma = 0.680439  a = 0.956568  fitness = 1.844143
Generation = 6  gamma = 0.704481  a = 0.985227  fitness = 1.836934
Generation = 7  gamma = 0.678360  a = 0.984722  fitness = 1.825827
Generation = 8  gamma = 0.711551  a = 0.982763  fitness = 1.842460
Generation = 9  gamma = 0.760407  a = 0.999940  fitness = 1.843857
Generation = 10  gamma = 0.722371  a = 0.973495  fitness = 1.838480
Generation = 11  gamma = 0.712299  a = 0.951367  fitness = 1.807979
Generation = 12  gamma = 0.709667  a = 0.955060  fitness = 1.834489
Generation = 13  gamma = 0.694761  a = 0.899549  fitness = 1.839416
Generation = 14  gamma = 0.696449  a = 0.959373  fitness = 1.834075
Generation = 15  gamma = 0.701451  a = 0.975457  fitness = 1.846142
Generation = 16  gamma = 0.729084  a = 1.041355  fitness = 1.841534
Generation = 17  gamma = 0.718020  a = 1.012338  fitness = 1.838252
Generation = 18  gamma = 0.739278  a = 1.042677  fitness = 1.841558
Generation = 19  gamma = 0.717404  a = 0.997051  fitness = 1.843950


###############################################################################
Peregrine Cluster
Job 2107088 for user 'p274981'
Finished at: Thu Aug 30 12:38:38 CEST 2018

Job details:
============




Acknowledgements:
=================

Please see this page if you want to acknowledge Peregrine in your publications:

https://redmine.hpc.rug.nl/redmine/projects/peregrine/wiki/ScientificOutput

################################################################################
