Submitted batch job 2100810
Submitted batch job 2100811
Submitted batch job 2100812
Submitted batch job 2100813
Submitted batch job 2100814
Submitted batch job 2100815
Submitted batch job 2100816
Submitted batch job 2100817
Submitted batch job 2100818
Submitted batch job 2100819
Submitted batch job 2100820
Submitted batch job 2100821
Submitted batch job 2100822
Submitted batch job 2100823
Submitted batch job 2100824
Submitted batch job 2100825
Submitted batch job 2100826
Submitted batch job 2100827
Submitted batch job 2100828
Submitted batch job 2100829
Submitted batch job 2100830
Submitted batch job 2100831
Submitted batch job 2100832
Submitted batch job 2100833
Submitted batch job 2100834
Submitted batch job 2100835
Submitted batch job 2100836
Submitted batch job 2100837
Submitted batch job 2100838
Submitted batch job 2100839
Submitted batch job 2100840
Submitted batch job 2100841
Submitted batch job 2100842
Submitted batch job 2100843
Submitted batch job 2100844
Submitted batch job 2100845


###############################################################################
Peregrine Cluster
Job 2100809 for user 'p274981'
Finished at: Wed Aug 29 20:30:37 CEST 2018

Job details:
============




Acknowledgements:
=================

Please see this page if you want to acknowledge Peregrine in your publications:

https://redmine.hpc.rug.nl/redmine/projects/peregrine/wiki/ScientificOutput

################################################################################
