try to find a completed true simulation with gamma = 0.0 and a = 1.0 ...
Generation = 0  gamma = 0.045581  a = 0.729157  fitness = 0.798543
Generation = 1  gamma = 0.002946  a = 0.802666  fitness = 1.576345
Generation = 2  gamma = 0.000705  a = 0.846513  fitness = 1.873939
Generation = 3  gamma = 0.000421  a = 0.871047  fitness = 1.925667
Generation = 4  gamma = 0.000129  a = 0.943425  fitness = 1.881875
Generation = 5  gamma = 0.000049  a = 0.999527  fitness = 1.905803
Generation = 6  gamma = 0.000023  a = 1.048973  fitness = 1.831004
Generation = 7  gamma = 0.000014  a = 1.066826  fitness = 1.878029
Generation = 8  gamma = 0.000013  a = 1.064895  fitness = 1.872650
Generation = 9  gamma = 0.000012  a = 1.051364  fitness = 1.885693
Generation = 10  gamma = 0.000012  a = 1.053079  fitness = 1.877857
Generation = 11  gamma = 0.000011  a = 1.040655  fitness = 1.875851
Generation = 12  gamma = 0.000010  a = 1.049361  fitness = 1.867323
Generation = 13  gamma = 0.000011  a = 1.051116  fitness = 1.870531
Generation = 14  gamma = 0.000010  a = 1.037954  fitness = 1.875599
Generation = 15  gamma = 0.000010  a = 1.014183  fitness = 1.920233
Generation = 16  gamma = 0.000009  a = 1.031869  fitness = 1.864440
Generation = 17  gamma = 0.000009  a = 1.044518  fitness = 1.869624
Generation = 18  gamma = 0.000009  a = 1.035992  fitness = 1.868865
Generation = 19  gamma = 0.000009  a = 1.043493  fitness = 1.857454


###############################################################################
Peregrine Cluster
Job 2100815 for user 'p274981'
Finished at: Wed Aug 29 20:37:42 CEST 2018

Job details:
============




Acknowledgements:
=================

Please see this page if you want to acknowledge Peregrine in your publications:

https://redmine.hpc.rug.nl/redmine/projects/peregrine/wiki/ScientificOutput

################################################################################
