try to find a completed true simulation with gamma = 0.0 and a = 0.01 ...
Generation = 0  gamma = 0.551060  a = 0.711019  fitness = 1.873059
Generation = 1  gamma = 0.650205  a = 0.897314  fitness = 1.877175
Generation = 2  gamma = 0.724308  a = 1.005274  fitness = 1.885079
Generation = 3  gamma = 0.792460  a = 1.051446  fitness = 1.881987
Generation = 4  gamma = 0.817423  a = 1.097788  fitness = 1.875346
Generation = 5  gamma = 0.846025  a = 1.149407  fitness = 1.880990
Generation = 6  gamma = 0.856619  a = 1.164027  fitness = 1.885573
Generation = 7  gamma = 0.825165  a = 1.146432  fitness = 1.891974
Generation = 8  gamma = 0.842246  a = 1.113279  fitness = 1.882824
Generation = 9  gamma = 0.857917  a = 1.148549  fitness = 1.878909
Generation = 10  gamma = 0.861903  a = 1.168154  fitness = 1.887804
Generation = 11  gamma = 0.867135  a = 1.165907  fitness = 1.886097
Generation = 12  gamma = 0.863727  a = 1.146603  fitness = 1.880862
Generation = 13  gamma = 0.860013  a = 1.147621  fitness = 1.880629
Generation = 14  gamma = 0.870779  a = 1.163103  fitness = 1.877241
Generation = 15  gamma = 0.886097  a = 1.176204  fitness = 1.873294
Generation = 16  gamma = 0.902761  a = 1.197816  fitness = 1.887411
Generation = 17  gamma = 0.890916  a = 1.177046  fitness = 1.885942
Generation = 18  gamma = 0.905810  a = 1.188929  fitness = 1.865750
Generation = 19  gamma = 0.926543  a = 1.181689  fitness = 1.888504


###############################################################################
Peregrine Cluster
Job 2100812 for user 'p274981'
Finished at: Wed Aug 29 20:37:22 CEST 2018

Job details:
============




Acknowledgements:
=================

Please see this page if you want to acknowledge Peregrine in your publications:

https://redmine.hpc.rug.nl/redmine/projects/peregrine/wiki/ScientificOutput

################################################################################
