try to find a completed true simulation with gamma = 0.0 and a = 0.0 ...
Generation = 0  gamma = 0.529742  a = 0.696970  fitness = 1.869580
Generation = 1  gamma = 0.647006  a = 0.881587  fitness = 1.879362
Generation = 2  gamma = 0.692530  a = 0.958188  fitness = 1.884286
Generation = 3  gamma = 0.755984  a = 0.971538  fitness = 1.885575
Generation = 4  gamma = 0.797214  a = 1.048519  fitness = 1.879787
Generation = 5  gamma = 0.813890  a = 1.077162  fitness = 1.878589
Generation = 6  gamma = 0.838208  a = 1.088052  fitness = 1.881079
Generation = 7  gamma = 0.849313  a = 1.096292  fitness = 1.876886
Generation = 8  gamma = 0.850904  a = 1.137888  fitness = 1.888106
Generation = 9  gamma = 0.867525  a = 1.155637  fitness = 1.874665
Generation = 10  gamma = 0.889577  a = 1.155892  fitness = 1.881137
Generation = 11  gamma = 0.903820  a = 1.160740  fitness = 1.867991
Generation = 12  gamma = 0.874261  a = 1.127043  fitness = 1.883618
Generation = 13  gamma = 0.866135  a = 1.109420  fitness = 1.882757
Generation = 14  gamma = 0.853843  a = 1.089063  fitness = 1.874148
Generation = 15  gamma = 0.847136  a = 1.104012  fitness = 1.870535
Generation = 16  gamma = 0.873917  a = 1.144801  fitness = 1.867811
Generation = 17  gamma = 0.862092  a = 1.110612  fitness = 1.878778
Generation = 18  gamma = 0.866966  a = 1.099908  fitness = 1.867765
Generation = 19  gamma = 0.885714  a = 1.117826  fitness = 1.873495


###############################################################################
Peregrine Cluster
Job 2100810 for user 'p274981'
Finished at: Wed Aug 29 20:37:22 CEST 2018

Job details:
============




Acknowledgements:
=================

Please see this page if you want to acknowledge Peregrine in your publications:

https://redmine.hpc.rug.nl/redmine/projects/peregrine/wiki/ScientificOutput

################################################################################
