try to find a completed true simulation with gamma = 0.0 and a = 0.001 ...
Generation = 0  gamma = 0.546313  a = 0.719805  fitness = 1.885427
Generation = 1  gamma = 0.653844  a = 0.897269  fitness = 1.899065
Generation = 2  gamma = 0.715823  a = 0.991101  fitness = 1.904861
Generation = 3  gamma = 0.764137  a = 1.044741  fitness = 1.902648
Generation = 4  gamma = 0.817329  a = 1.106154  fitness = 1.902054
Generation = 5  gamma = 0.860792  a = 1.147157  fitness = 1.892667
Generation = 6  gamma = 0.874176  a = 1.150978  fitness = 1.898269
Generation = 7  gamma = 0.878340  a = 1.185457  fitness = 1.896390
Generation = 8  gamma = 0.869784  a = 1.179078  fitness = 1.905281
Generation = 9  gamma = 0.836698  a = 1.131227  fitness = 1.907851
Generation = 10  gamma = 0.845951  a = 1.121115  fitness = 1.901140
Generation = 11  gamma = 0.870917  a = 1.126831  fitness = 1.902454
Generation = 12  gamma = 0.856891  a = 1.153825  fitness = 1.907907
Generation = 13  gamma = 0.855367  a = 1.146034  fitness = 1.905703
Generation = 14  gamma = 0.871286  a = 1.195177  fitness = 1.907071
Generation = 15  gamma = 0.855862  a = 1.196943  fitness = 1.902999
Generation = 16  gamma = 0.857226  a = 1.158704  fitness = 1.896455
Generation = 17  gamma = 0.868937  a = 1.176472  fitness = 1.895778
Generation = 18  gamma = 0.858580  a = 1.170239  fitness = 1.904371
Generation = 19  gamma = 0.864247  a = 1.148653  fitness = 1.897796


###############################################################################
Peregrine Cluster
Job 2100811 for user 'p274981'
Finished at: Wed Aug 29 20:37:24 CEST 2018

Job details:
============




Acknowledgements:
=================

Please see this page if you want to acknowledge Peregrine in your publications:

https://redmine.hpc.rug.nl/redmine/projects/peregrine/wiki/ScientificOutput

################################################################################
