try to find a completed true simulation with gamma = 0.0 and a = 0.5 ...
Generation = 0  gamma = 0.043729  a = 0.721980  fitness = 0.749472
Generation = 1  gamma = 0.002447  a = 0.778573  fitness = 1.508786
Generation = 2  gamma = 0.000570  a = 0.525362  fitness = 1.795804
Generation = 3  gamma = 0.000319  a = 0.431960  fitness = 1.898027
Generation = 4  gamma = 0.000217  a = 0.435156  fitness = 1.933217
Generation = 5  gamma = 0.000141  a = 0.441293  fitness = 1.946826
Generation = 6  gamma = 0.000053  a = 0.472891  fitness = 1.872545
Generation = 7  gamma = 0.000045  a = 0.470008  fitness = 1.944366
Generation = 8  gamma = 0.000025  a = 0.493318  fitness = 1.873397
Generation = 9  gamma = 0.000020  a = 0.511637  fitness = 1.889659
Generation = 10  gamma = 0.000018  a = 0.527914  fitness = 1.867048
Generation = 11  gamma = 0.000018  a = 0.519100  fitness = 1.903164
Generation = 12  gamma = 0.000017  a = 0.526228  fitness = 1.888800
Generation = 13  gamma = 0.000017  a = 0.532050  fitness = 1.874989
Generation = 14  gamma = 0.000017  a = 0.508183  fitness = 1.920908
Generation = 15  gamma = 0.000016  a = 0.525200  fitness = 1.879537
Generation = 16  gamma = 0.000017  a = 0.522798  fitness = 1.902266
Generation = 17  gamma = 0.000015  a = 0.526990  fitness = 1.895717
Generation = 18  gamma = 0.000017  a = 0.525312  fitness = 1.898919
Generation = 19  gamma = 0.000016  a = 0.532250  fitness = 1.884235


###############################################################################
Peregrine Cluster
Job 2100814 for user 'p274981'
Finished at: Wed Aug 29 20:37:37 CEST 2018

Job details:
============




Acknowledgements:
=================

Please see this page if you want to acknowledge Peregrine in your publications:

https://redmine.hpc.rug.nl/redmine/projects/peregrine/wiki/ScientificOutput

################################################################################
