try to find a completed true simulation with gamma = 0.001 and a = 1.0 ...
Generation = 0  gamma = 0.043146  a = 0.725867  fitness = 0.887493
Generation = 1  gamma = 0.003195  a = 0.827521  fitness = 1.740853
Generation = 2  gamma = 0.001367  a = 0.931621  fitness = 1.926299
Generation = 3  gamma = 0.001123  a = 0.965533  fitness = 1.942124
Generation = 4  gamma = 0.000993  a = 0.983159  fitness = 1.933517
Generation = 5  gamma = 0.000965  a = 0.982319  fitness = 1.937832
Generation = 6  gamma = 0.000956  a = 0.975729  fitness = 1.946767
Generation = 7  gamma = 0.000965  a = 0.975703  fitness = 1.952468
Generation = 8  gamma = 0.000957  a = 0.977291  fitness = 1.953175
Generation = 9  gamma = 0.000964  a = 0.976145  fitness = 1.953100
Generation = 10  gamma = 0.000954  a = 0.978815  fitness = 1.951253
Generation = 11  gamma = 0.000955  a = 0.980104  fitness = 1.958644
Generation = 12  gamma = 0.000962  a = 0.981542  fitness = 1.954865
Generation = 13  gamma = 0.000951  a = 0.976777  fitness = 1.954258
Generation = 14  gamma = 0.000955  a = 0.976624  fitness = 1.953796
Generation = 15  gamma = 0.000958  a = 0.977400  fitness = 1.954801
Generation = 16  gamma = 0.000949  a = 0.976568  fitness = 1.956254
Generation = 17  gamma = 0.000947  a = 0.977055  fitness = 1.956980
Generation = 18  gamma = 0.000950  a = 0.976947  fitness = 1.956121
Generation = 19  gamma = 0.000960  a = 0.972838  fitness = 1.955557


###############################################################################
Peregrine Cluster
Job 2100821 for user 'p274981'
Finished at: Wed Aug 29 20:37:37 CEST 2018

Job details:
============




Acknowledgements:
=================

Please see this page if you want to acknowledge Peregrine in your publications:

https://redmine.hpc.rug.nl/redmine/projects/peregrine/wiki/ScientificOutput

################################################################################
