try to find a completed true simulation with gamma = 0.001 and a = 0.01 ...
Generation = 0  gamma = 0.521715  a = 0.679212  fitness = 1.881532
Generation = 1  gamma = 0.648035  a = 0.897998  fitness = 1.874347
Generation = 2  gamma = 0.691619  a = 0.992314  fitness = 1.890677
Generation = 3  gamma = 0.756684  a = 1.048235  fitness = 1.895042
Generation = 4  gamma = 0.797621  a = 1.067616  fitness = 1.879375
Generation = 5  gamma = 0.833430  a = 1.109464  fitness = 1.874493
Generation = 6  gamma = 0.855102  a = 1.128727  fitness = 1.881889
Generation = 7  gamma = 0.854125  a = 1.158131  fitness = 1.876934
Generation = 8  gamma = 0.875575  a = 1.161201  fitness = 1.890468
Generation = 9  gamma = 0.899656  a = 1.174485  fitness = 1.891397
Generation = 10  gamma = 0.904730  a = 1.160885  fitness = 1.882589
Generation = 11  gamma = 0.883312  a = 1.171931  fitness = 1.893482
Generation = 12  gamma = 0.870395  a = 1.178678  fitness = 1.890705
Generation = 13  gamma = 0.904831  a = 1.181838  fitness = 1.892728
Generation = 14  gamma = 0.901803  a = 1.155346  fitness = 1.872162
Generation = 15  gamma = 0.877478  a = 1.157036  fitness = 1.897194
Generation = 16  gamma = 0.877945  a = 1.173888  fitness = 1.892606
Generation = 17  gamma = 0.886000  a = 1.162817  fitness = 1.888407
Generation = 18  gamma = 0.889427  a = 1.155760  fitness = 1.884326
Generation = 19  gamma = 0.886221  a = 1.165133  fitness = 1.891788


###############################################################################
Peregrine Cluster
Job 2100818 for user 'p274981'
Finished at: Wed Aug 29 20:37:27 CEST 2018

Job details:
============




Acknowledgements:
=================

Please see this page if you want to acknowledge Peregrine in your publications:

https://redmine.hpc.rug.nl/redmine/projects/peregrine/wiki/ScientificOutput

################################################################################
