try to find a completed true simulation with gamma = 0.001 and a = 0.001 ...
Generation = 0  gamma = 0.517414  a = 0.679884  fitness = 1.864334
Generation = 1  gamma = 0.622756  a = 0.889767  fitness = 1.864841
Generation = 2  gamma = 0.701606  a = 1.010293  fitness = 1.879663
Generation = 3  gamma = 0.757551  a = 1.085269  fitness = 1.872202
Generation = 4  gamma = 0.794212  a = 1.127472  fitness = 1.867987
Generation = 5  gamma = 0.810689  a = 1.134449  fitness = 1.881796
Generation = 6  gamma = 0.823812  a = 1.162693  fitness = 1.881612
Generation = 7  gamma = 0.827755  a = 1.143407  fitness = 1.868993
Generation = 8  gamma = 0.843503  a = 1.149613  fitness = 1.883372
Generation = 9  gamma = 0.818884  a = 1.166515  fitness = 1.891685
Generation = 10  gamma = 0.835460  a = 1.184136  fitness = 1.876905
Generation = 11  gamma = 0.841474  a = 1.186151  fitness = 1.872836
Generation = 12  gamma = 0.850178  a = 1.212297  fitness = 1.888854
Generation = 13  gamma = 0.837797  a = 1.199338  fitness = 1.885828
Generation = 14  gamma = 0.865049  a = 1.192584  fitness = 1.873148
Generation = 15  gamma = 0.844905  a = 1.198809  fitness = 1.887108
Generation = 16  gamma = 0.851573  a = 1.202373  fitness = 1.885902
Generation = 17  gamma = 0.868941  a = 1.208234  fitness = 1.878918
Generation = 18  gamma = 0.857102  a = 1.237709  fitness = 1.881730
Generation = 19  gamma = 0.845250  a = 1.197979  fitness = 1.876057


###############################################################################
Peregrine Cluster
Job 2100817 for user 'p274981'
Finished at: Wed Aug 29 20:37:44 CEST 2018

Job details:
============




Acknowledgements:
=================

Please see this page if you want to acknowledge Peregrine in your publications:

https://redmine.hpc.rug.nl/redmine/projects/peregrine/wiki/ScientificOutput

################################################################################
