try to find a completed true simulation with gamma = 0.01 and a = 0.0 ...
Generation = 0  gamma = 0.496133  a = 0.644570  fitness = 1.852812
Generation = 1  gamma = 0.573144  a = 0.833194  fitness = 1.851092
Generation = 2  gamma = 0.656945  a = 0.968220  fitness = 1.866750
Generation = 3  gamma = 0.707218  a = 1.029070  fitness = 1.861502
Generation = 4  gamma = 0.754579  a = 1.080423  fitness = 1.861854
Generation = 5  gamma = 0.773098  a = 1.074774  fitness = 1.853900
Generation = 6  gamma = 0.775846  a = 1.133746  fitness = 1.870032
Generation = 7  gamma = 0.804185  a = 1.165423  fitness = 1.863957
Generation = 8  gamma = 0.803959  a = 1.148904  fitness = 1.858809
Generation = 9  gamma = 0.807751  a = 1.176718  fitness = 1.861558
Generation = 10  gamma = 0.805952  a = 1.144836  fitness = 1.864500
Generation = 11  gamma = 0.807659  a = 1.148645  fitness = 1.867408
Generation = 12  gamma = 0.830363  a = 1.176273  fitness = 1.841902
Generation = 13  gamma = 0.817441  a = 1.198713  fitness = 1.849372
Generation = 14  gamma = 0.845131  a = 1.205689  fitness = 1.860545
Generation = 15  gamma = 0.840943  a = 1.200940  fitness = 1.864862
Generation = 16  gamma = 0.813923  a = 1.184667  fitness = 1.865477
Generation = 17  gamma = 0.824293  a = 1.191899  fitness = 1.862554
Generation = 18  gamma = 0.807471  a = 1.191229  fitness = 1.868126
Generation = 19  gamma = 0.813660  a = 1.168047  fitness = 1.860274


###############################################################################
Peregrine Cluster
Job 2100822 for user 'p274981'
Finished at: Wed Aug 29 20:37:25 CEST 2018

Job details:
============




Acknowledgements:
=================

Please see this page if you want to acknowledge Peregrine in your publications:

https://redmine.hpc.rug.nl/redmine/projects/peregrine/wiki/ScientificOutput

################################################################################
