try to find a completed true simulation with gamma = 0.01 and a = 1.0 ...
Generation = 0  gamma = 0.044820  a = 0.705343  fitness = 1.257514
Generation = 1  gamma = 0.010253  a = 0.972065  fitness = 1.853408
Generation = 2  gamma = 0.010299  a = 1.045186  fitness = 1.937936
Generation = 3  gamma = 0.010359  a = 1.040608  fitness = 1.904106
Generation = 4  gamma = 0.010266  a = 1.043511  fitness = 1.886631
Generation = 5  gamma = 0.010292  a = 1.042206  fitness = 1.892431
Generation = 6  gamma = 0.010298  a = 1.037639  fitness = 1.899638
Generation = 7  gamma = 0.010306  a = 1.035506  fitness = 1.896986
Generation = 8  gamma = 0.010347  a = 1.034768  fitness = 1.902192
Generation = 9  gamma = 0.010298  a = 1.037293  fitness = 1.899631
Generation = 10  gamma = 0.010286  a = 1.031826  fitness = 1.906685
Generation = 11  gamma = 0.010302  a = 1.034330  fitness = 1.902625
Generation = 12  gamma = 0.010322  a = 1.035170  fitness = 1.914571
Generation = 13  gamma = 0.010324  a = 1.037193  fitness = 1.906388
Generation = 14  gamma = 0.010301  a = 1.034692  fitness = 1.908815
Generation = 15  gamma = 0.010295  a = 1.039074  fitness = 1.902811
Generation = 16  gamma = 0.010305  a = 1.040065  fitness = 1.901373
Generation = 17  gamma = 0.010304  a = 1.039476  fitness = 1.901110
Generation = 18  gamma = 0.010305  a = 1.035973  fitness = 1.904382
Generation = 19  gamma = 0.010289  a = 1.034482  fitness = 1.899056


###############################################################################
Peregrine Cluster
Job 2100827 for user 'p274981'
Finished at: Wed Aug 29 20:38:05 CEST 2018

Job details:
============




Acknowledgements:
=================

Please see this page if you want to acknowledge Peregrine in your publications:

https://redmine.hpc.rug.nl/redmine/projects/peregrine/wiki/ScientificOutput

################################################################################
