slurmstepd: error: Unable to create TMPDIR [/local/2100809]: Permission denied
slurmstepd: error: Setting TMPDIR to /tmp
try to find a completed true simulation with gamma = 0.01 and a = 0.1 ...
Generation = 0  gamma = 0.154284  a = 0.710295  fitness = 1.259799
Generation = 1  gamma = 0.096912  a = 0.799773  fitness = 1.436669
Generation = 2  gamma = 0.095179  a = 0.833810  fitness = 1.491146
Generation = 3  gamma = 0.092962  a = 0.827776  fitness = 1.417804
Generation = 4  gamma = 0.093666  a = 0.816720  fitness = 1.451522
Generation = 5  gamma = 0.097187  a = 0.849086  fitness = 1.551172
Generation = 6  gamma = 0.098470  a = 0.860759  fitness = 1.472450
Generation = 7  gamma = 0.095404  a = 0.841566  fitness = 1.417227
Generation = 8  gamma = 0.097300  a = 0.859506  fitness = 1.387179
Generation = 9  gamma = 0.093481  a = 0.844257  fitness = 1.427630
Generation = 10  gamma = 0.096235  a = 0.859765  fitness = 1.444535
Generation = 11  gamma = 0.097495  a = 0.855368  fitness = 1.482288
Generation = 12  gamma = 0.096926  a = 0.872210  fitness = 1.423516
Generation = 13  gamma = 0.099361  a = 0.871079  fitness = 1.461311
Generation = 14  gamma = 0.098362  a = 0.873936  fitness = 1.453601
Generation = 15  gamma = 0.098471  a = 0.865249  fitness = 1.478021
Generation = 16  gamma = 0.097531  a = 0.856943  fitness = 1.446685
Generation = 17  gamma = 0.100540  a = 0.872105  fitness = 1.475731
Generation = 18  gamma = 0.097952  a = 0.889148  fitness = 1.438817
Generation = 19  gamma = 0.099281  a = 0.895324  fitness = 1.384784


###############################################################################
Peregrine Cluster
Job 2100825 for user 'p274981'
Finished at: Wed Aug 29 20:37:54 CEST 2018

Job details:
============




Acknowledgements:
=================

Please see this page if you want to acknowledge Peregrine in your publications:

https://redmine.hpc.rug.nl/redmine/projects/peregrine/wiki/ScientificOutput

################################################################################
