try to find a completed true simulation with gamma = 0.1 and a = 0.01 ...
Generation = 0  gamma = 0.675699  a = 0.309253  fitness = 1.850072
Generation = 1  gamma = 0.816007  a = 0.306456  fitness = 1.860553
Generation = 2  gamma = 0.895747  a = 0.324601  fitness = 1.861649
Generation = 3  gamma = 0.933520  a = 0.322577  fitness = 1.853151
Generation = 4  gamma = 0.975069  a = 0.331173  fitness = 1.858845
Generation = 5  gamma = 0.995822  a = 0.352774  fitness = 1.858474
Generation = 6  gamma = 1.002996  a = 0.334115  fitness = 1.854206
Generation = 7  gamma = 1.013836  a = 0.349298  fitness = 1.861146
Generation = 8  gamma = 1.021247  a = 0.380458  fitness = 1.861740
Generation = 9  gamma = 1.000587  a = 0.359180  fitness = 1.856481
Generation = 10  gamma = 1.018056  a = 0.347326  fitness = 1.852778
Generation = 11  gamma = 1.021763  a = 0.350215  fitness = 1.859975
Generation = 12  gamma = 1.007233  a = 0.342985  fitness = 1.859450
Generation = 13  gamma = 1.011777  a = 0.353675  fitness = 1.858345
Generation = 14  gamma = 1.038813  a = 0.368248  fitness = 1.856309
Generation = 15  gamma = 0.994325  a = 0.343237  fitness = 1.859104
Generation = 16  gamma = 0.965875  a = 0.342426  fitness = 1.848098
Generation = 17  gamma = 0.946012  a = 0.335009  fitness = 1.861897
Generation = 18  gamma = 0.991761  a = 0.325071  fitness = 1.856783
Generation = 19  gamma = 0.978098  a = 0.333116  fitness = 1.856716


###############################################################################
Peregrine Cluster
Job 2100830 for user 'p274981'
Finished at: Wed Aug 29 20:37:09 CEST 2018

Job details:
============




Acknowledgements:
=================

Please see this page if you want to acknowledge Peregrine in your publications:

https://redmine.hpc.rug.nl/redmine/projects/peregrine/wiki/ScientificOutput

################################################################################
