try to find a completed true simulation with gamma = 0.1 and a = 0.001 ...
Generation = 0  gamma = 0.643219  a = 0.382966  fitness = 1.799878
Generation = 1  gamma = 0.758560  a = 0.365247  fitness = 1.799631
Generation = 2  gamma = 0.814527  a = 0.363459  fitness = 1.807323
Generation = 3  gamma = 0.847923  a = 0.363303  fitness = 1.803794
Generation = 4  gamma = 0.861414  a = 0.364681  fitness = 1.810101
Generation = 5  gamma = 0.861870  a = 0.374429  fitness = 1.801535
Generation = 6  gamma = 0.876947  a = 0.371960  fitness = 1.812696
Generation = 7  gamma = 0.894868  a = 0.372831  fitness = 1.803734
Generation = 8  gamma = 0.898974  a = 0.347557  fitness = 1.802348
Generation = 9  gamma = 0.844408  a = 0.331365  fitness = 1.804617
Generation = 10  gamma = 0.872269  a = 0.332945  fitness = 1.804996
Generation = 11  gamma = 0.860502  a = 0.339578  fitness = 1.804245
Generation = 12  gamma = 0.871990  a = 0.343458  fitness = 1.809663
Generation = 13  gamma = 0.870308  a = 0.351603  fitness = 1.808331
Generation = 14  gamma = 0.912286  a = 0.403658  fitness = 1.806603
Generation = 15  gamma = 0.877351  a = 0.408090  fitness = 1.795669
Generation = 16  gamma = 0.868229  a = 0.378388  fitness = 1.806387
Generation = 17  gamma = 0.864838  a = 0.378565  fitness = 1.809292
Generation = 18  gamma = 0.896346  a = 0.379293  fitness = 1.806920
Generation = 19  gamma = 0.898610  a = 0.359443  fitness = 1.804621


###############################################################################
Peregrine Cluster
Job 2100829 for user 'p274981'
Finished at: Wed Aug 29 20:37:08 CEST 2018

Job details:
============




Acknowledgements:
=================

Please see this page if you want to acknowledge Peregrine in your publications:

https://redmine.hpc.rug.nl/redmine/projects/peregrine/wiki/ScientificOutput

################################################################################
