try to find a completed true simulation with gamma = 0.1 and a = 0.0 ...
Generation = 0  gamma = 0.680546  a = 0.332399  fitness = 1.830167
Generation = 1  gamma = 0.822465  a = 0.323204  fitness = 1.839448
Generation = 2  gamma = 0.911323  a = 0.326140  fitness = 1.837075
Generation = 3  gamma = 0.968874  a = 0.351884  fitness = 1.841538
Generation = 4  gamma = 0.952425  a = 0.364747  fitness = 1.839967
Generation = 5  gamma = 0.986754  a = 0.339868  fitness = 1.835692
Generation = 6  gamma = 0.967989  a = 0.332053  fitness = 1.840924
Generation = 7  gamma = 0.957260  a = 0.332215  fitness = 1.839708
Generation = 8  gamma = 0.995299  a = 0.350522  fitness = 1.836042
Generation = 9  gamma = 0.988205  a = 0.342303  fitness = 1.843352
Generation = 10  gamma = 0.978845  a = 0.340531  fitness = 1.841486
Generation = 11  gamma = 0.962641  a = 0.327407  fitness = 1.837313
Generation = 12  gamma = 0.938739  a = 0.345310  fitness = 1.837300
Generation = 13  gamma = 0.942838  a = 0.324637  fitness = 1.843508
Generation = 14  gamma = 0.953641  a = 0.321870  fitness = 1.844126
Generation = 15  gamma = 0.932120  a = 0.335635  fitness = 1.840653
Generation = 16  gamma = 0.998790  a = 0.347434  fitness = 1.839729
Generation = 17  gamma = 1.022707  a = 0.364788  fitness = 1.844050
Generation = 18  gamma = 1.000125  a = 0.359081  fitness = 1.839230
Generation = 19  gamma = 0.982855  a = 0.348217  fitness = 1.841599


###############################################################################
Peregrine Cluster
Job 2100828 for user 'p274981'
Finished at: Wed Aug 29 20:37:37 CEST 2018

Job details:
============




Acknowledgements:
=================

Please see this page if you want to acknowledge Peregrine in your publications:

https://redmine.hpc.rug.nl/redmine/projects/peregrine/wiki/ScientificOutput

################################################################################
