try to find a completed true simulation with gamma = 0.1 and a = 1.0 ...
Generation = 0  gamma = 0.243171  a = 0.698164  fitness = 1.521666
Generation = 1  gamma = 0.161721  a = 0.946116  fitness = 1.573734
Generation = 2  gamma = 0.173118  a = 1.065236  fitness = 1.596612
Generation = 3  gamma = 0.183761  a = 1.125633  fitness = 1.603908
Generation = 4  gamma = 0.193799  a = 1.158247  fitness = 1.600402
Generation = 5  gamma = 0.190507  a = 1.153262  fitness = 1.600383
Generation = 6  gamma = 0.197308  a = 1.168225  fitness = 1.608551
Generation = 7  gamma = 0.198156  a = 1.193725  fitness = 1.606933
Generation = 8  gamma = 0.196457  a = 1.179609  fitness = 1.614481
Generation = 9  gamma = 0.191755  a = 1.164414  fitness = 1.612224
Generation = 10  gamma = 0.188147  a = 1.156548  fitness = 1.611274
Generation = 11  gamma = 0.190138  a = 1.132282  fitness = 1.595258
Generation = 12  gamma = 0.191641  a = 1.164046  fitness = 1.600925
Generation = 13  gamma = 0.191909  a = 1.163209  fitness = 1.600083
Generation = 14  gamma = 0.189388  a = 1.139506  fitness = 1.594532
Generation = 15  gamma = 0.192988  a = 1.158134  fitness = 1.601617
Generation = 16  gamma = 0.195282  a = 1.165001  fitness = 1.608745
Generation = 17  gamma = 0.195359  a = 1.165007  fitness = 1.605154
Generation = 18  gamma = 0.194985  a = 1.171961  fitness = 1.609485
Generation = 19  gamma = 0.194110  a = 1.156991  fitness = 1.602725


###############################################################################
Peregrine Cluster
Job 2100833 for user 'p274981'
Finished at: Wed Aug 29 20:37:27 CEST 2018

Job details:
============




Acknowledgements:
=================

Please see this page if you want to acknowledge Peregrine in your publications:

https://redmine.hpc.rug.nl/redmine/projects/peregrine/wiki/ScientificOutput

################################################################################
