try to find a completed true simulation with gamma = 0.1 and a = 0.5 ...
Generation = 0  gamma = 0.253310  a = 0.682276  fitness = 1.675819
Generation = 1  gamma = 0.201654  a = 0.801356  fitness = 1.710688
Generation = 2  gamma = 0.182836  a = 0.876191  fitness = 1.720409
Generation = 3  gamma = 0.181606  a = 0.915214  fitness = 1.728614
Generation = 4  gamma = 0.181576  a = 0.928780  fitness = 1.728018
Generation = 5  gamma = 0.186751  a = 0.932548  fitness = 1.748600
Generation = 6  gamma = 0.191011  a = 0.925992  fitness = 1.743948
Generation = 7  gamma = 0.185264  a = 0.955429  fitness = 1.728830
Generation = 8  gamma = 0.189206  a = 0.982918  fitness = 1.732613
Generation = 9  gamma = 0.187884  a = 0.980401  fitness = 1.743813
Generation = 10  gamma = 0.187685  a = 1.019829  fitness = 1.728673
Generation = 11  gamma = 0.191459  a = 1.031473  fitness = 1.726020
Generation = 12  gamma = 0.191649  a = 0.990614  fitness = 1.736871
Generation = 13  gamma = 0.192117  a = 0.991542  fitness = 1.742036
Generation = 14  gamma = 0.188890  a = 1.027598  fitness = 1.732906
Generation = 15  gamma = 0.193658  a = 0.981704  fitness = 1.735939
Generation = 16  gamma = 0.189016  a = 0.976546  fitness = 1.735893
Generation = 17  gamma = 0.192423  a = 0.979026  fitness = 1.734328
Generation = 18  gamma = 0.194179  a = 1.001993  fitness = 1.740231
Generation = 19  gamma = 0.194275  a = 1.042302  fitness = 1.732843


###############################################################################
Peregrine Cluster
Job 2100832 for user 'p274981'
Finished at: Wed Aug 29 20:37:27 CEST 2018

Job details:
============




Acknowledgements:
=================

Please see this page if you want to acknowledge Peregrine in your publications:

https://redmine.hpc.rug.nl/redmine/projects/peregrine/wiki/ScientificOutput

################################################################################
