try to find a completed true simulation with gamma = 0.5 and a = 0.001 ...
Generation = 0  gamma = 0.671610  a = 0.357201  fitness = 1.829918
Generation = 1  gamma = 0.838387  a = 0.324954  fitness = 1.837421
Generation = 2  gamma = 0.868293  a = 0.333026  fitness = 1.839215
Generation = 3  gamma = 0.911973  a = 0.329551  fitness = 1.834254
Generation = 4  gamma = 0.931339  a = 0.336874  fitness = 1.843307
Generation = 5  gamma = 0.937121  a = 0.338207  fitness = 1.841620
Generation = 6  gamma = 0.949147  a = 0.348373  fitness = 1.832575
Generation = 7  gamma = 0.951002  a = 0.368656  fitness = 1.839150
Generation = 8  gamma = 1.021166  a = 0.379928  fitness = 1.836224
Generation = 9  gamma = 1.007476  a = 0.397155  fitness = 1.841011
Generation = 10  gamma = 1.036040  a = 0.377632  fitness = 1.838177
Generation = 11  gamma = 1.010186  a = 0.357594  fitness = 1.840067
Generation = 12  gamma = 0.982540  a = 0.363671  fitness = 1.842777
Generation = 13  gamma = 0.961558  a = 0.369216  fitness = 1.842704
Generation = 14  gamma = 0.932547  a = 0.366913  fitness = 1.837812
Generation = 15  gamma = 0.977932  a = 0.363567  fitness = 1.836535
Generation = 16  gamma = 0.976494  a = 0.344905  fitness = 1.841306
Generation = 17  gamma = 0.987289  a = 0.356203  fitness = 1.838551
Generation = 18  gamma = 0.970529  a = 0.367385  fitness = 1.843866
Generation = 19  gamma = 0.960211  a = 0.366845  fitness = 1.840015


###############################################################################
Peregrine Cluster
Job 2100835 for user 'p274981'
Finished at: Wed Aug 29 20:37:12 CEST 2018

Job details:
============




Acknowledgements:
=================

Please see this page if you want to acknowledge Peregrine in your publications:

https://redmine.hpc.rug.nl/redmine/projects/peregrine/wiki/ScientificOutput

################################################################################
