try to find a completed true simulation with gamma = 0.5 and a = 0.0 ...
Generation = 0  gamma = 0.668666  a = 0.320995  fitness = 1.816098
Generation = 1  gamma = 0.815080  a = 0.292923  fitness = 1.821932
Generation = 2  gamma = 0.884906  a = 0.301512  fitness = 1.830344
Generation = 3  gamma = 0.930768  a = 0.304617  fitness = 1.837145
Generation = 4  gamma = 0.962507  a = 0.323723  fitness = 1.836806
Generation = 5  gamma = 0.964986  a = 0.340733  fitness = 1.821257
Generation = 6  gamma = 0.972904  a = 0.337891  fitness = 1.832836
Generation = 7  gamma = 0.990459  a = 0.354631  fitness = 1.838776
Generation = 8  gamma = 0.959213  a = 0.335594  fitness = 1.826419
Generation = 9  gamma = 0.978121  a = 0.342095  fitness = 1.834476
Generation = 10  gamma = 1.002877  a = 0.359172  fitness = 1.828606
Generation = 11  gamma = 0.978768  a = 0.368361  fitness = 1.832288
Generation = 12  gamma = 0.991289  a = 0.350336  fitness = 1.823311
Generation = 13  gamma = 0.966491  a = 0.342204  fitness = 1.834592
Generation = 14  gamma = 0.966247  a = 0.343354  fitness = 1.837584
Generation = 15  gamma = 0.945373  a = 0.335677  fitness = 1.827412
Generation = 16  gamma = 0.927455  a = 0.338837  fitness = 1.825269
Generation = 17  gamma = 0.937545  a = 0.347440  fitness = 1.839398
Generation = 18  gamma = 0.962246  a = 0.342870  fitness = 1.825338
Generation = 19  gamma = 0.942325  a = 0.349857  fitness = 1.830037


###############################################################################
Peregrine Cluster
Job 2100834 for user 'p274981'
Finished at: Wed Aug 29 20:37:15 CEST 2018

Job details:
============




Acknowledgements:
=================

Please see this page if you want to acknowledge Peregrine in your publications:

https://redmine.hpc.rug.nl/redmine/projects/peregrine/wiki/ScientificOutput

################################################################################
