try to find a completed true simulation with gamma = 0.5 and a = 1.0 ...
Generation = 0  gamma = 0.438865  a = 0.688981  fitness = 1.846330
Generation = 1  gamma = 0.497920  a = 0.883793  fitness = 1.861483
Generation = 2  gamma = 0.547825  a = 0.973900  fitness = 1.870062
Generation = 3  gamma = 0.559759  a = 1.013757  fitness = 1.872230
Generation = 4  gamma = 0.580279  a = 1.061518  fitness = 1.872743
Generation = 5  gamma = 0.589609  a = 1.047057  fitness = 1.872472
Generation = 6  gamma = 0.598222  a = 1.077151  fitness = 1.875392
Generation = 7  gamma = 0.597395  a = 1.079790  fitness = 1.870028
Generation = 8  gamma = 0.599199  a = 1.054249  fitness = 1.876147
Generation = 9  gamma = 0.593747  a = 1.080245  fitness = 1.871498
Generation = 10  gamma = 0.588360  a = 1.071006  fitness = 1.874657
Generation = 11  gamma = 0.591746  a = 1.091612  fitness = 1.866916
Generation = 12  gamma = 0.599012  a = 1.099261  fitness = 1.875597
Generation = 13  gamma = 0.594159  a = 1.083222  fitness = 1.869195
Generation = 14  gamma = 0.582050  a = 1.069279  fitness = 1.875400
Generation = 15  gamma = 0.580836  a = 1.059690  fitness = 1.867841
Generation = 16  gamma = 0.585288  a = 1.062083  fitness = 1.873818
Generation = 17  gamma = 0.594601  a = 1.086629  fitness = 1.873069
Generation = 18  gamma = 0.591023  a = 1.079180  fitness = 1.873028
Generation = 19  gamma = 0.587243  a = 1.063422  fitness = 1.872640


###############################################################################
Peregrine Cluster
Job 2100839 for user 'p274981'
Finished at: Wed Aug 29 20:43:02 CEST 2018

Job details:
============




Acknowledgements:
=================

Please see this page if you want to acknowledge Peregrine in your publications:

https://redmine.hpc.rug.nl/redmine/projects/peregrine/wiki/ScientificOutput

################################################################################
