try to find a completed true simulation with gamma = 0.5 and a = 0.01 ...
Generation = 0  gamma = 0.682394  a = 0.323000  fitness = 1.802319
Generation = 1  gamma = 0.824040  a = 0.322298  fitness = 1.813584
Generation = 2  gamma = 0.888937  a = 0.329581  fitness = 1.820241
Generation = 3  gamma = 0.960883  a = 0.339278  fitness = 1.817566
Generation = 4  gamma = 1.001406  a = 0.325040  fitness = 1.824513
Generation = 5  gamma = 0.965184  a = 0.317243  fitness = 1.821592
Generation = 6  gamma = 0.949498  a = 0.315324  fitness = 1.822734
Generation = 7  gamma = 0.912403  a = 0.327329  fitness = 1.814431
Generation = 8  gamma = 1.002604  a = 0.330992  fitness = 1.810302
Generation = 9  gamma = 1.009577  a = 0.343584  fitness = 1.823477
Generation = 10  gamma = 0.959744  a = 0.335580  fitness = 1.805839
Generation = 11  gamma = 0.947625  a = 0.334731  fitness = 1.815863
Generation = 12  gamma = 0.994849  a = 0.332701  fitness = 1.824835
Generation = 13  gamma = 0.983661  a = 0.326712  fitness = 1.821307
Generation = 14  gamma = 0.961404  a = 0.334360  fitness = 1.824652
Generation = 15  gamma = 0.987184  a = 0.323007  fitness = 1.819519
Generation = 16  gamma = 1.025731  a = 0.342967  fitness = 1.821098
Generation = 17  gamma = 1.000571  a = 0.338993  fitness = 1.825019
Generation = 18  gamma = 0.990457  a = 0.335386  fitness = 1.817634
Generation = 19  gamma = 1.010612  a = 0.359210  fitness = 1.820154


###############################################################################
Peregrine Cluster
Job 2100836 for user 'p274981'
Finished at: Wed Aug 29 20:37:21 CEST 2018

Job details:
============




Acknowledgements:
=================

Please see this page if you want to acknowledge Peregrine in your publications:

https://redmine.hpc.rug.nl/redmine/projects/peregrine/wiki/ScientificOutput

################################################################################
