try to find a completed true simulation with gamma = 1.0 and a = 0.1 ...
Generation = 0  gamma = 0.694832  a = 0.322795  fitness = 1.868051
Generation = 1  gamma = 0.851346  a = 0.306500  fitness = 1.880714
Generation = 2  gamma = 0.919194  a = 0.327381  fitness = 1.882065
Generation = 3  gamma = 0.959446  a = 0.317293  fitness = 1.876993
Generation = 4  gamma = 1.006167  a = 0.352887  fitness = 1.877954
Generation = 5  gamma = 1.005633  a = 0.356394  fitness = 1.878670
Generation = 6  gamma = 0.996228  a = 0.336564  fitness = 1.881075
Generation = 7  gamma = 0.988370  a = 0.339003  fitness = 1.886277
Generation = 8  gamma = 0.982040  a = 0.329049  fitness = 1.882636
Generation = 9  gamma = 0.986446  a = 0.349141  fitness = 1.884684
Generation = 10  gamma = 0.995415  a = 0.353727  fitness = 1.880801
Generation = 11  gamma = 1.029481  a = 0.372454  fitness = 1.883882
Generation = 12  gamma = 0.997987  a = 0.383853  fitness = 1.881938
Generation = 13  gamma = 1.021016  a = 0.359076  fitness = 1.876635
Generation = 14  gamma = 1.005907  a = 0.361890  fitness = 1.881036
Generation = 15  gamma = 0.979560  a = 0.351929  fitness = 1.882632
Generation = 16  gamma = 0.994360  a = 0.332347  fitness = 1.882708
Generation = 17  gamma = 0.996985  a = 0.325594  fitness = 1.882432
Generation = 18  gamma = 0.994281  a = 0.333845  fitness = 1.883021
Generation = 19  gamma = 0.989503  a = 0.339815  fitness = 1.885255


###############################################################################
Peregrine Cluster
Job 2100843 for user 'p274981'
Finished at: Wed Aug 29 20:43:57 CEST 2018

Job details:
============




Acknowledgements:
=================

Please see this page if you want to acknowledge Peregrine in your publications:

https://redmine.hpc.rug.nl/redmine/projects/peregrine/wiki/ScientificOutput

################################################################################
