try to find a completed true simulation with gamma = 1.0 and a = 0.01 ...
Generation = 0  gamma = 0.689446  a = 0.304919  fitness = 1.858156
Generation = 1  gamma = 0.824064  a = 0.294396  fitness = 1.872777
Generation = 2  gamma = 0.916640  a = 0.306531  fitness = 1.870106
Generation = 3  gamma = 1.005768  a = 0.322970  fitness = 1.867368
Generation = 4  gamma = 1.041013  a = 0.357242  fitness = 1.871742
Generation = 5  gamma = 1.066640  a = 0.361137  fitness = 1.867079
Generation = 6  gamma = 1.029013  a = 0.342136  fitness = 1.872280
Generation = 7  gamma = 1.005745  a = 0.334063  fitness = 1.868365
Generation = 8  gamma = 1.012886  a = 0.339677  fitness = 1.873115
Generation = 9  gamma = 0.973082  a = 0.325928  fitness = 1.870926
Generation = 10  gamma = 1.017602  a = 0.330183  fitness = 1.870359
Generation = 11  gamma = 1.035888  a = 0.339350  fitness = 1.871839
Generation = 12  gamma = 1.018701  a = 0.344969  fitness = 1.863640
Generation = 13  gamma = 0.991996  a = 0.333566  fitness = 1.867179
Generation = 14  gamma = 0.992800  a = 0.336100  fitness = 1.871287
Generation = 15  gamma = 0.978594  a = 0.351194  fitness = 1.872326
Generation = 16  gamma = 1.003710  a = 0.347992  fitness = 1.870712
Generation = 17  gamma = 0.978415  a = 0.352364  fitness = 1.870950
Generation = 18  gamma = 0.968894  a = 0.339455  fitness = 1.870568
Generation = 19  gamma = 0.978114  a = 0.328335  fitness = 1.871567


###############################################################################
Peregrine Cluster
Job 2100842 for user 'p274981'
Finished at: Wed Aug 29 20:43:59 CEST 2018

Job details:
============




Acknowledgements:
=================

Please see this page if you want to acknowledge Peregrine in your publications:

https://redmine.hpc.rug.nl/redmine/projects/peregrine/wiki/ScientificOutput

################################################################################
