try to find a completed true simulation with gamma = 1.0 and a = 1.0 ...
Generation = 0  gamma = 0.551744  a = 0.684239  fitness = 1.852133
Generation = 1  gamma = 0.678899  a = 0.926207  fitness = 1.858682
Generation = 2  gamma = 0.758096  a = 1.011816  fitness = 1.858480
Generation = 3  gamma = 0.801972  a = 1.089230  fitness = 1.859386
Generation = 4  gamma = 0.831029  a = 1.105938  fitness = 1.867459
Generation = 5  gamma = 0.839989  a = 1.127948  fitness = 1.861574
Generation = 6  gamma = 0.851627  a = 1.172532  fitness = 1.866277
Generation = 7  gamma = 0.876160  a = 1.178347  fitness = 1.866486
Generation = 8  gamma = 0.868574  a = 1.151256  fitness = 1.857542
Generation = 9  gamma = 0.853971  a = 1.187487  fitness = 1.868373
Generation = 10  gamma = 0.863629  a = 1.186551  fitness = 1.860866
Generation = 11  gamma = 0.855637  a = 1.147273  fitness = 1.862387
Generation = 12  gamma = 0.848109  a = 1.161859  fitness = 1.858458
Generation = 13  gamma = 0.851272  a = 1.165738  fitness = 1.856656
Generation = 14  gamma = 0.849268  a = 1.174609  fitness = 1.862951
Generation = 15  gamma = 0.839387  a = 1.157898  fitness = 1.865667
Generation = 16  gamma = 0.830909  a = 1.137487  fitness = 1.864068
Generation = 17  gamma = 0.859718  a = 1.172435  fitness = 1.859772
Generation = 18  gamma = 0.849353  a = 1.144659  fitness = 1.861245
Generation = 19  gamma = 0.861888  a = 1.154363  fitness = 1.859804


###############################################################################
Peregrine Cluster
Job 2100845 for user 'p274981'
Finished at: Wed Aug 29 20:44:22 CEST 2018

Job details:
============




Acknowledgements:
=================

Please see this page if you want to acknowledge Peregrine in your publications:

https://redmine.hpc.rug.nl/redmine/projects/peregrine/wiki/ScientificOutput

################################################################################
