try to find a completed true simulation with gamma = 1.0 and a = 0.5 ...
Generation = 0  gamma = 0.680435  a = 0.324900  fitness = 1.846961
Generation = 1  gamma = 0.843266  a = 0.289270  fitness = 1.853754
Generation = 2  gamma = 0.938281  a = 0.315297  fitness = 1.860090
Generation = 3  gamma = 0.969167  a = 0.341907  fitness = 1.858566
Generation = 4  gamma = 1.023092  a = 0.360098  fitness = 1.860222
Generation = 5  gamma = 1.033091  a = 0.355529  fitness = 1.861684
Generation = 6  gamma = 1.014244  a = 0.339338  fitness = 1.859397
Generation = 7  gamma = 1.022787  a = 0.362285  fitness = 1.857859
Generation = 8  gamma = 1.016517  a = 0.336623  fitness = 1.860414
Generation = 9  gamma = 1.000803  a = 0.345345  fitness = 1.859682
Generation = 10  gamma = 1.001339  a = 0.359310  fitness = 1.861562
Generation = 11  gamma = 0.992466  a = 0.342683  fitness = 1.853568
Generation = 12  gamma = 0.984210  a = 0.340488  fitness = 1.855106
Generation = 13  gamma = 1.009768  a = 0.346462  fitness = 1.859517
Generation = 14  gamma = 0.980426  a = 0.359106  fitness = 1.860170
Generation = 15  gamma = 1.028387  a = 0.363807  fitness = 1.859892
Generation = 16  gamma = 1.041908  a = 0.361958  fitness = 1.855436
Generation = 17  gamma = 1.047652  a = 0.365507  fitness = 1.861390
Generation = 18  gamma = 1.034374  a = 0.353042  fitness = 1.861758
Generation = 19  gamma = 1.003857  a = 0.322752  fitness = 1.863084


###############################################################################
Peregrine Cluster
Job 2100844 for user 'p274981'
Finished at: Wed Aug 29 20:43:47 CEST 2018

Job details:
============




Acknowledgements:
=================

Please see this page if you want to acknowledge Peregrine in your publications:

https://redmine.hpc.rug.nl/redmine/projects/peregrine/wiki/ScientificOutput

################################################################################
