Submitted batch job 2100946
Submitted batch job 2100947
Submitted batch job 2100948
Submitted batch job 2100949
Submitted batch job 2100950
Submitted batch job 2100951
Submitted batch job 2100952
Submitted batch job 2100953
Submitted batch job 2100954
Submitted batch job 2100955
Submitted batch job 2100956
Submitted batch job 2100957
Submitted batch job 2100958
Submitted batch job 2100959
Submitted batch job 2100960
Submitted batch job 2100961
Submitted batch job 2100962
Submitted batch job 2100963
Submitted batch job 2100964
Submitted batch job 2100965
Submitted batch job 2100966
Submitted batch job 2100967
Submitted batch job 2100968
Submitted batch job 2100969
Submitted batch job 2100970
Submitted batch job 2100971
Submitted batch job 2100972
Submitted batch job 2100973
Submitted batch job 2100974
Submitted batch job 2100975
Submitted batch job 2100976
Submitted batch job 2100977
Submitted batch job 2100978
Submitted batch job 2100979
Submitted batch job 2100980
Submitted batch job 2100981


###############################################################################
Peregrine Cluster
Job 2100945 for user 'p274981'
Finished at: Wed Aug 29 21:35:57 CEST 2018

Job details:
============




Acknowledgements:
=================

Please see this page if you want to acknowledge Peregrine in your publications:

https://redmine.hpc.rug.nl/redmine/projects/peregrine/wiki/ScientificOutput

################################################################################
