try to find a completed true simulation with gamma = 0.0 and a = 0.0 ...
Generation = 0  gamma = 0.564853  a = 0.700314  fitness = 1.814280
Generation = 1  gamma = 0.651444  a = 0.846012  fitness = 1.810751
Generation = 2  gamma = 0.719099  a = 0.925167  fitness = 1.810001
Generation = 3  gamma = 0.755701  a = 0.981270  fitness = 1.821070
Generation = 4  gamma = 0.801340  a = 1.016426  fitness = 1.819159
Generation = 5  gamma = 0.850210  a = 1.065919  fitness = 1.800171
Generation = 6  gamma = 0.851173  a = 1.088385  fitness = 1.823464
Generation = 7  gamma = 0.874022  a = 1.114035  fitness = 1.807593
Generation = 8  gamma = 0.863145  a = 1.124996  fitness = 1.809516
Generation = 9  gamma = 0.857210  a = 1.114525  fitness = 1.827835
Generation = 10  gamma = 0.913939  a = 1.124255  fitness = 1.804955
Generation = 11  gamma = 0.896838  a = 1.126913  fitness = 1.814733
Generation = 12  gamma = 0.915275  a = 1.126832  fitness = 1.806116
Generation = 13  gamma = 0.905117  a = 1.122935  fitness = 1.807942
Generation = 14  gamma = 0.905173  a = 1.146738  fitness = 1.816618
Generation = 15  gamma = 0.877654  a = 1.143275  fitness = 1.822561
Generation = 16  gamma = 0.896977  a = 1.107411  fitness = 1.808322
Generation = 17  gamma = 0.887305  a = 1.129451  fitness = 1.805104
Generation = 18  gamma = 0.909081  a = 1.134951  fitness = 1.820548
Generation = 19  gamma = 0.865508  a = 1.119031  fitness = 1.827927


###############################################################################
Peregrine Cluster
Job 2100946 for user 'p274981'
Finished at: Wed Aug 29 22:09:25 CEST 2018

Job details:
============




Acknowledgements:
=================

Please see this page if you want to acknowledge Peregrine in your publications:

https://redmine.hpc.rug.nl/redmine/projects/peregrine/wiki/ScientificOutput

################################################################################
