try to find a completed true simulation with gamma = 0.0 and a = 1.0 ...
Generation = 0  gamma = 0.039478  a = 0.704267  fitness = 0.831593
Generation = 1  gamma = 0.002105  a = 0.779717  fitness = 1.583529
Generation = 2  gamma = 0.000309  a = 0.837848  fitness = 1.849404
Generation = 3  gamma = 0.000090  a = 0.870346  fitness = 1.928442
Generation = 4  gamma = 0.000027  a = 0.956837  fitness = 1.912894
Generation = 5  gamma = 0.000009  a = 0.998420  fitness = 1.895458
Generation = 6  gamma = 0.000004  a = 1.024993  fitness = 1.897663
Generation = 7  gamma = 0.000002  a = 1.060127  fitness = 1.838078
Generation = 8  gamma = 0.000002  a = 1.064605  fitness = 1.895784
Generation = 9  gamma = 0.000002  a = 1.060283  fitness = 1.886816
Generation = 10  gamma = 0.000001  a = 1.054903  fitness = 1.881276
Generation = 11  gamma = 0.000001  a = 1.054844  fitness = 1.868451
Generation = 12  gamma = 0.000001  a = 1.055496  fitness = 1.869137
Generation = 13  gamma = 0.000001  a = 1.041943  fitness = 1.864134
Generation = 14  gamma = 0.000001  a = 1.040658  fitness = 1.870660
Generation = 15  gamma = 0.000001  a = 1.039120  fitness = 1.886295
Generation = 16  gamma = 0.000001  a = 1.037365  fitness = 1.897249
Generation = 17  gamma = 0.000001  a = 1.040958  fitness = 1.874086
Generation = 18  gamma = 0.000001  a = 1.044266  fitness = 1.880999
Generation = 19  gamma = 0.000001  a = 1.036110  fitness = 1.896629


###############################################################################
Peregrine Cluster
Job 2100951 for user 'p274981'
Finished at: Wed Aug 29 22:10:00 CEST 2018

Job details:
============




Acknowledgements:
=================

Please see this page if you want to acknowledge Peregrine in your publications:

https://redmine.hpc.rug.nl/redmine/projects/peregrine/wiki/ScientificOutput

################################################################################
