try to find a completed true simulation with gamma = 0.001 and a = 0.5 ...
Generation = 0  gamma = 0.043441  a = 0.681388  fitness = 0.847481
Generation = 1  gamma = 0.002432  a = 0.692494  fitness = 1.719769
Generation = 2  gamma = 0.001028  a = 0.541805  fitness = 1.955033
Generation = 3  gamma = 0.001008  a = 0.511003  fitness = 1.949256
Generation = 4  gamma = 0.001008  a = 0.504048  fitness = 1.878951
Generation = 5  gamma = 0.001006  a = 0.499891  fitness = 1.928137
Generation = 6  gamma = 0.001007  a = 0.500074  fitness = 1.932685
Generation = 7  gamma = 0.001003  a = 0.501807  fitness = 1.862984
Generation = 8  gamma = 0.001001  a = 0.500429  fitness = 1.946232
Generation = 9  gamma = 0.001006  a = 0.499753  fitness = 1.949429
Generation = 10  gamma = 0.001001  a = 0.499509  fitness = 1.911125
Generation = 11  gamma = 0.001001  a = 0.499543  fitness = 1.948293
Generation = 12  gamma = 0.001004  a = 0.499621  fitness = 1.938738
Generation = 13  gamma = 0.001000  a = 0.500617  fitness = 1.867943
Generation = 14  gamma = 0.000999  a = 0.500184  fitness = 1.950809
Generation = 15  gamma = 0.001000  a = 0.499942  fitness = 1.868190
Generation = 16  gamma = 0.001000  a = 0.500557  fitness = 1.903235
Generation = 17  gamma = 0.001001  a = 0.500649  fitness = 1.875969
Generation = 18  gamma = 0.001003  a = 0.499706  fitness = 1.958822
Generation = 19  gamma = 0.001001  a = 0.499665  fitness = 1.855686


###############################################################################
Peregrine Cluster
Job 2100956 for user 'p274981'
Finished at: Wed Aug 29 22:09:57 CEST 2018

Job details:
============




Acknowledgements:
=================

Please see this page if you want to acknowledge Peregrine in your publications:

https://redmine.hpc.rug.nl/redmine/projects/peregrine/wiki/ScientificOutput

################################################################################
