try to find a completed true simulation with gamma = 0.001 and a = 0.01 ...
Generation = 0  gamma = 0.520197  a = 0.691238  fitness = 1.771989
Generation = 1  gamma = 0.605867  a = 0.837191  fitness = 1.755480
Generation = 2  gamma = 0.632900  a = 0.918833  fitness = 1.771983
Generation = 3  gamma = 0.691210  a = 0.981848  fitness = 1.764793
Generation = 4  gamma = 0.716830  a = 1.010385  fitness = 1.761870
Generation = 5  gamma = 0.737961  a = 1.047452  fitness = 1.760414
Generation = 6  gamma = 0.722274  a = 1.055990  fitness = 1.777588
Generation = 7  gamma = 0.741451  a = 1.069984  fitness = 1.749808
Generation = 8  gamma = 0.764656  a = 1.092216  fitness = 1.761936
Generation = 9  gamma = 0.759708  a = 1.069771  fitness = 1.758269
Generation = 10  gamma = 0.749746  a = 1.087871  fitness = 1.763600
Generation = 11  gamma = 0.745452  a = 1.085193  fitness = 1.772954
Generation = 12  gamma = 0.765324  a = 1.075604  fitness = 1.758206
Generation = 13  gamma = 0.753763  a = 1.068456  fitness = 1.774304
Generation = 14  gamma = 0.764601  a = 1.079082  fitness = 1.765190
Generation = 15  gamma = 0.769587  a = 1.085594  fitness = 1.753380
Generation = 16  gamma = 0.754560  a = 1.076611  fitness = 1.751619
Generation = 17  gamma = 0.731393  a = 1.042548  fitness = 1.752411
Generation = 18  gamma = 0.730935  a = 1.049225  fitness = 1.769434
Generation = 19  gamma = 0.743079  a = 1.044190  fitness = 1.759653


###############################################################################
Peregrine Cluster
Job 2100954 for user 'p274981'
Finished at: Wed Aug 29 22:20:15 CEST 2018

Job details:
============




Acknowledgements:
=================

Please see this page if you want to acknowledge Peregrine in your publications:

https://redmine.hpc.rug.nl/redmine/projects/peregrine/wiki/ScientificOutput

################################################################################
