try to find a completed true simulation with gamma = 0.001 and a = 0.001 ...
Generation = 0  gamma = 0.511251  a = 0.669214  fitness = 1.837937
Generation = 1  gamma = 0.609023  a = 0.853448  fitness = 1.846693
Generation = 2  gamma = 0.692756  a = 0.951141  fitness = 1.852148
Generation = 3  gamma = 0.730106  a = 0.986788  fitness = 1.850995
Generation = 4  gamma = 0.739568  a = 1.004891  fitness = 1.866763
Generation = 5  gamma = 0.764036  a = 1.040325  fitness = 1.853762
Generation = 6  gamma = 0.785103  a = 1.054771  fitness = 1.861459
Generation = 7  gamma = 0.798277  a = 1.083062  fitness = 1.851073
Generation = 8  gamma = 0.807378  a = 1.112211  fitness = 1.852211
Generation = 9  gamma = 0.832997  a = 1.134338  fitness = 1.850559
Generation = 10  gamma = 0.852972  a = 1.127807  fitness = 1.846134
Generation = 11  gamma = 0.836066  a = 1.127077  fitness = 1.847740
Generation = 12  gamma = 0.814078  a = 1.102409  fitness = 1.859792
Generation = 13  gamma = 0.827531  a = 1.097638  fitness = 1.854434
Generation = 14  gamma = 0.798564  a = 1.122764  fitness = 1.866622
Generation = 15  gamma = 0.795889  a = 1.132697  fitness = 1.859308
Generation = 16  gamma = 0.792957  a = 1.096808  fitness = 1.858340
Generation = 17  gamma = 0.827849  a = 1.108131  fitness = 1.844612
Generation = 18  gamma = 0.824431  a = 1.116124  fitness = 1.857355
Generation = 19  gamma = 0.809929  a = 1.098015  fitness = 1.861472


###############################################################################
Peregrine Cluster
Job 2100953 for user 'p274981'
Finished at: Wed Aug 29 22:11:02 CEST 2018

Job details:
============




Acknowledgements:
=================

Please see this page if you want to acknowledge Peregrine in your publications:

https://redmine.hpc.rug.nl/redmine/projects/peregrine/wiki/ScientificOutput

################################################################################
