try to find a completed true simulation with gamma = 0.001 and a = 0.1 ...
Generation = 0  gamma = 0.039117  a = 0.699010  fitness = 0.842537
Generation = 1  gamma = 0.003612  a = 0.553848  fitness = 1.411473
Generation = 2  gamma = 0.001388  a = 0.242905  fitness = 1.632550
Generation = 3  gamma = 0.000944  a = 0.167463  fitness = 1.776997
Generation = 4  gamma = 0.000961  a = 0.141225  fitness = 1.830725
Generation = 5  gamma = 0.000999  a = 0.129864  fitness = 1.863708
Generation = 6  gamma = 0.001068  a = 0.121304  fitness = 1.793469
Generation = 7  gamma = 0.001056  a = 0.117809  fitness = 1.777448
Generation = 8  gamma = 0.001043  a = 0.117916  fitness = 1.789961
Generation = 9  gamma = 0.001037  a = 0.117312  fitness = 1.751469
Generation = 10  gamma = 0.001040  a = 0.115919  fitness = 1.765204
Generation = 11  gamma = 0.001036  a = 0.117102  fitness = 1.782011
Generation = 12  gamma = 0.001043  a = 0.115732  fitness = 1.755702
Generation = 13  gamma = 0.001031  a = 0.115774  fitness = 1.770442
Generation = 14  gamma = 0.001026  a = 0.116414  fitness = 1.766437
Generation = 15  gamma = 0.001044  a = 0.114664  fitness = 1.803490
Generation = 16  gamma = 0.001048  a = 0.114277  fitness = 1.785191
Generation = 17  gamma = 0.001050  a = 0.115117  fitness = 1.744308
Generation = 18  gamma = 0.001036  a = 0.115500  fitness = 1.777429
Generation = 19  gamma = 0.001042  a = 0.114795  fitness = 1.806137


###############################################################################
Peregrine Cluster
Job 2100955 for user 'p274981'
Finished at: Wed Aug 29 22:01:44 CEST 2018

Job details:
============




Acknowledgements:
=================

Please see this page if you want to acknowledge Peregrine in your publications:

https://redmine.hpc.rug.nl/redmine/projects/peregrine/wiki/ScientificOutput

################################################################################
