try to find a completed true simulation with gamma = 0.01 and a = 0.01 ...
Generation = 0  gamma = 0.523109  a = 0.716632  fitness = 1.871898
Generation = 1  gamma = 0.625121  a = 0.869765  fitness = 1.885134
Generation = 2  gamma = 0.687594  a = 0.939354  fitness = 1.888452
Generation = 3  gamma = 0.740589  a = 1.006614  fitness = 1.884407
Generation = 4  gamma = 0.781748  a = 1.082810  fitness = 1.896408
Generation = 5  gamma = 0.792218  a = 1.115628  fitness = 1.896499
Generation = 6  gamma = 0.836944  a = 1.113056  fitness = 1.883638
Generation = 7  gamma = 0.831678  a = 1.139087  fitness = 1.882801
Generation = 8  gamma = 0.838599  a = 1.136124  fitness = 1.887996
Generation = 9  gamma = 0.842433  a = 1.145802  fitness = 1.889355
Generation = 10  gamma = 0.870956  a = 1.146018  fitness = 1.880448
Generation = 11  gamma = 0.868395  a = 1.173216  fitness = 1.882647
Generation = 12  gamma = 0.870241  a = 1.169597  fitness = 1.891019
Generation = 13  gamma = 0.877940  a = 1.162835  fitness = 1.879922
Generation = 14  gamma = 0.859906  a = 1.158476  fitness = 1.890805
Generation = 15  gamma = 0.863892  a = 1.142849  fitness = 1.882741
Generation = 16  gamma = 0.872352  a = 1.146300  fitness = 1.885788
Generation = 17  gamma = 0.870829  a = 1.156677  fitness = 1.876127
Generation = 18  gamma = 0.850799  a = 1.150556  fitness = 1.894339
Generation = 19  gamma = 0.852582  a = 1.134552  fitness = 1.884365


###############################################################################
Peregrine Cluster
Job 2100960 for user 'p274981'
Finished at: Wed Aug 29 22:09:17 CEST 2018

Job details:
============




Acknowledgements:
=================

Please see this page if you want to acknowledge Peregrine in your publications:

https://redmine.hpc.rug.nl/redmine/projects/peregrine/wiki/ScientificOutput

################################################################################
