try to find a completed true simulation with gamma = 0.01 and a = 0.0 ...
Generation = 0  gamma = 0.500522  a = 0.695600  fitness = 1.881542
Generation = 1  gamma = 0.602321  a = 0.872328  fitness = 1.888960
Generation = 2  gamma = 0.676279  a = 0.960019  fitness = 1.886285
Generation = 3  gamma = 0.732654  a = 0.994418  fitness = 1.883112
Generation = 4  gamma = 0.764726  a = 1.071583  fitness = 1.882345
Generation = 5  gamma = 0.785530  a = 1.091015  fitness = 1.888112
Generation = 6  gamma = 0.823443  a = 1.125499  fitness = 1.878185
Generation = 7  gamma = 0.812927  a = 1.140784  fitness = 1.890717
Generation = 8  gamma = 0.825871  a = 1.151141  fitness = 1.881970
Generation = 9  gamma = 0.858375  a = 1.160838  fitness = 1.887819
Generation = 10  gamma = 0.879605  a = 1.144022  fitness = 1.879158
Generation = 11  gamma = 0.863938  a = 1.158239  fitness = 1.881036
Generation = 12  gamma = 0.859590  a = 1.195842  fitness = 1.888726
Generation = 13  gamma = 0.863544  a = 1.182073  fitness = 1.890324
Generation = 14  gamma = 0.865003  a = 1.196163  fitness = 1.893668
Generation = 15  gamma = 0.854983  a = 1.186709  fitness = 1.896032
Generation = 16  gamma = 0.854669  a = 1.189592  fitness = 1.881118
Generation = 17  gamma = 0.853915  a = 1.158623  fitness = 1.881347
Generation = 18  gamma = 0.838110  a = 1.169434  fitness = 1.886798
Generation = 19  gamma = 0.821877  a = 1.145217  fitness = 1.891172


###############################################################################
Peregrine Cluster
Job 2100958 for user 'p274981'
Finished at: Wed Aug 29 22:09:11 CEST 2018

Job details:
============




Acknowledgements:
=================

Please see this page if you want to acknowledge Peregrine in your publications:

https://redmine.hpc.rug.nl/redmine/projects/peregrine/wiki/ScientificOutput

################################################################################
