try to find a completed true simulation with gamma = 0.01 and a = 0.001 ...
Generation = 0  gamma = 0.661423  a = 0.342742  fitness = 1.821161
Generation = 1  gamma = 0.842341  a = 0.341068  fitness = 1.839193
Generation = 2  gamma = 0.878308  a = 0.316442  fitness = 1.840591
Generation = 3  gamma = 0.950995  a = 0.322600  fitness = 1.837852
Generation = 4  gamma = 0.922334  a = 0.330724  fitness = 1.836233
Generation = 5  gamma = 0.936828  a = 0.334273  fitness = 1.842677
Generation = 6  gamma = 0.934488  a = 0.335260  fitness = 1.843316
Generation = 7  gamma = 0.929468  a = 0.337961  fitness = 1.843312
Generation = 8  gamma = 0.926701  a = 0.322516  fitness = 1.837923
Generation = 9  gamma = 0.934354  a = 0.347177  fitness = 1.842090
Generation = 10  gamma = 0.961271  a = 0.339831  fitness = 1.838579
Generation = 11  gamma = 0.916219  a = 0.344362  fitness = 1.837300
Generation = 12  gamma = 0.937607  a = 0.319945  fitness = 1.836298
Generation = 13  gamma = 0.966407  a = 0.341719  fitness = 1.841611
Generation = 14  gamma = 0.980210  a = 0.353317  fitness = 1.845646
Generation = 15  gamma = 0.990973  a = 0.356657  fitness = 1.831462
Generation = 16  gamma = 0.984732  a = 0.357273  fitness = 1.843952
Generation = 17  gamma = 0.966298  a = 0.357459  fitness = 1.837338
Generation = 18  gamma = 0.956827  a = 0.350663  fitness = 1.843833
Generation = 19  gamma = 0.963793  a = 0.343543  fitness = 1.843081


###############################################################################
Peregrine Cluster
Job 2100959 for user 'p274981'
Finished at: Wed Aug 29 22:09:29 CEST 2018

Job details:
============




Acknowledgements:
=================

Please see this page if you want to acknowledge Peregrine in your publications:

https://redmine.hpc.rug.nl/redmine/projects/peregrine/wiki/ScientificOutput

################################################################################
