try to find a completed true simulation with gamma = 0.1 and a = 1.0 ...
Generation = 0  gamma = 0.189180  a = 0.705665  fitness = 1.540005
Generation = 1  gamma = 0.139857  a = 0.973439  fitness = 1.643075
Generation = 2  gamma = 0.124553  a = 1.058697  fitness = 1.667806
Generation = 3  gamma = 0.125532  a = 1.104098  fitness = 1.696031
Generation = 4  gamma = 0.121725  a = 1.139446  fitness = 1.687685
Generation = 5  gamma = 0.120644  a = 1.150305  fitness = 1.683558
Generation = 6  gamma = 0.123686  a = 1.149192  fitness = 1.695509
Generation = 7  gamma = 0.121803  a = 1.142874  fitness = 1.694139
Generation = 8  gamma = 0.123592  a = 1.179086  fitness = 1.689190
Generation = 9  gamma = 0.124198  a = 1.197860  fitness = 1.702251
Generation = 10  gamma = 0.124571  a = 1.177421  fitness = 1.698895
Generation = 11  gamma = 0.124930  a = 1.184745  fitness = 1.686257
Generation = 12  gamma = 0.131132  a = 1.223322  fitness = 1.682865
Generation = 13  gamma = 0.131408  a = 1.184951  fitness = 1.709255
Generation = 14  gamma = 0.128884  a = 1.203450  fitness = 1.682927
Generation = 15  gamma = 0.123490  a = 1.173507  fitness = 1.700128
Generation = 16  gamma = 0.125592  a = 1.201946  fitness = 1.692792
Generation = 17  gamma = 0.125219  a = 1.199751  fitness = 1.697834
Generation = 18  gamma = 0.128986  a = 1.204611  fitness = 1.683517
Generation = 19  gamma = 0.129077  a = 1.202077  fitness = 1.693415


###############################################################################
Peregrine Cluster
Job 2100969 for user 'p274981'
Finished at: Wed Aug 29 22:08:21 CEST 2018

Job details:
============




Acknowledgements:
=================

Please see this page if you want to acknowledge Peregrine in your publications:

https://redmine.hpc.rug.nl/redmine/projects/peregrine/wiki/ScientificOutput

################################################################################
