try to find a completed true simulation with gamma = 0.5 and a = 0.01 ...
Generation = 0  gamma = 0.667261  a = 0.324124  fitness = 1.826834
Generation = 1  gamma = 0.833290  a = 0.306326  fitness = 1.829756
Generation = 2  gamma = 0.932450  a = 0.318891  fitness = 1.838083
Generation = 3  gamma = 0.928563  a = 0.332007  fitness = 1.837420
Generation = 4  gamma = 0.936451  a = 0.336466  fitness = 1.831572
Generation = 5  gamma = 0.929955  a = 0.325014  fitness = 1.835864
Generation = 6  gamma = 0.963415  a = 0.326250  fitness = 1.831630
Generation = 7  gamma = 0.962473  a = 0.335365  fitness = 1.832493
Generation = 8  gamma = 0.963121  a = 0.339563  fitness = 1.829822
Generation = 9  gamma = 0.950900  a = 0.332172  fitness = 1.836181
Generation = 10  gamma = 0.926040  a = 0.340787  fitness = 1.833242
Generation = 11  gamma = 0.902832  a = 0.313216  fitness = 1.834482
Generation = 12  gamma = 0.873549  a = 0.318604  fitness = 1.836112
Generation = 13  gamma = 0.889478  a = 0.337320  fitness = 1.834096
Generation = 14  gamma = 0.934650  a = 0.334743  fitness = 1.833075
Generation = 15  gamma = 0.975285  a = 0.347067  fitness = 1.831464
Generation = 16  gamma = 0.975535  a = 0.341899  fitness = 1.833947
Generation = 17  gamma = 0.989925  a = 0.336675  fitness = 1.835618
Generation = 18  gamma = 0.939242  a = 0.342159  fitness = 1.840688
Generation = 19  gamma = 0.989477  a = 0.351033  fitness = 1.821737


###############################################################################
Peregrine Cluster
Job 2100972 for user 'p274981'
Finished at: Wed Aug 29 22:07:44 CEST 2018

Job details:
============




Acknowledgements:
=================

Please see this page if you want to acknowledge Peregrine in your publications:

https://redmine.hpc.rug.nl/redmine/projects/peregrine/wiki/ScientificOutput

################################################################################
