slurmstepd: error: Unable to create TMPDIR [/local/2100945]: Permission denied
slurmstepd: error: Setting TMPDIR to /tmp
try to find a completed true simulation with gamma = 0.5 and a = 0.5 ...
Generation = 0  gamma = 0.539568  a = 0.702609  fitness = 1.870677
Generation = 1  gamma = 0.667137  a = 0.882461  fitness = 1.854899
Generation = 2  gamma = 0.727879  a = 0.962086  fitness = 1.863116
Generation = 3  gamma = 0.761162  a = 1.034096  fitness = 1.870822
Generation = 4  gamma = 0.775568  a = 1.054006  fitness = 1.865825
Generation = 5  gamma = 0.781171  a = 1.058991  fitness = 1.865165
Generation = 6  gamma = 0.825359  a = 1.088478  fitness = 1.861880
Generation = 7  gamma = 0.836784  a = 1.132344  fitness = 1.872439
Generation = 8  gamma = 0.833465  a = 1.107739  fitness = 1.868784
Generation = 9  gamma = 0.838339  a = 1.106204  fitness = 1.854618
Generation = 10  gamma = 0.837994  a = 1.141204  fitness = 1.874444
Generation = 11  gamma = 0.868467  a = 1.143544  fitness = 1.857032
Generation = 12  gamma = 0.827218  a = 1.128039  fitness = 1.878020
Generation = 13  gamma = 0.847589  a = 1.118993  fitness = 1.861004
Generation = 14  gamma = 0.860220  a = 1.153988  fitness = 1.860485
Generation = 15  gamma = 0.848570  a = 1.139107  fitness = 1.873835
Generation = 16  gamma = 0.860898  a = 1.132507  fitness = 1.858554
Generation = 17  gamma = 0.860159  a = 1.134394  fitness = 1.860751
Generation = 18  gamma = 0.874932  a = 1.147033  fitness = 1.864843
Generation = 19  gamma = 0.871574  a = 1.153823  fitness = 1.869380


###############################################################################
Peregrine Cluster
Job 2100974 for user 'p274981'
Finished at: Wed Aug 29 22:15:10 CEST 2018

Job details:
============




Acknowledgements:
=================

Please see this page if you want to acknowledge Peregrine in your publications:

https://redmine.hpc.rug.nl/redmine/projects/peregrine/wiki/ScientificOutput

################################################################################
