try to find a completed true simulation with gamma = 0.5 and a = 0.1 ...
Generation = 0  gamma = 0.670912  a = 0.348073  fitness = 1.835794
Generation = 1  gamma = 0.810606  a = 0.301106  fitness = 1.847703
Generation = 2  gamma = 0.880271  a = 0.312972  fitness = 1.852887
Generation = 3  gamma = 0.920766  a = 0.308633  fitness = 1.851914
Generation = 4  gamma = 0.961765  a = 0.339152  fitness = 1.848726
Generation = 5  gamma = 0.945713  a = 0.362379  fitness = 1.840112
Generation = 6  gamma = 0.992215  a = 0.344345  fitness = 1.841589
Generation = 7  gamma = 0.954755  a = 0.345915  fitness = 1.850101
Generation = 8  gamma = 0.917859  a = 0.318385  fitness = 1.853101
Generation = 9  gamma = 0.934023  a = 0.324874  fitness = 1.856329
Generation = 10  gamma = 0.937989  a = 0.335772  fitness = 1.852851
Generation = 11  gamma = 0.954080  a = 0.334948  fitness = 1.851339
Generation = 12  gamma = 0.944689  a = 0.346701  fitness = 1.846990
Generation = 13  gamma = 0.927060  a = 0.354499  fitness = 1.850196
Generation = 14  gamma = 0.926481  a = 0.336495  fitness = 1.845711
Generation = 15  gamma = 0.980287  a = 0.310468  fitness = 1.842488
Generation = 16  gamma = 0.944577  a = 0.333432  fitness = 1.848800
Generation = 17  gamma = 0.938336  a = 0.345915  fitness = 1.847661
Generation = 18  gamma = 0.951077  a = 0.353613  fitness = 1.850584
Generation = 19  gamma = 0.967199  a = 0.361976  fitness = 1.851077


###############################################################################
Peregrine Cluster
Job 2100973 for user 'p274981'
Finished at: Wed Aug 29 22:08:17 CEST 2018

Job details:
============




Acknowledgements:
=================

Please see this page if you want to acknowledge Peregrine in your publications:

https://redmine.hpc.rug.nl/redmine/projects/peregrine/wiki/ScientificOutput

################################################################################
