try to find a completed true simulation with gamma = 1.0 and a = 0.1 ...
Generation = 0  gamma = 0.683367  a = 0.332385  fitness = 1.836080
Generation = 1  gamma = 0.819228  a = 0.325526  fitness = 1.852198
Generation = 2  gamma = 0.912018  a = 0.317723  fitness = 1.854049
Generation = 3  gamma = 0.949019  a = 0.326461  fitness = 1.846907
Generation = 4  gamma = 0.966305  a = 0.340664  fitness = 1.850420
Generation = 5  gamma = 0.962143  a = 0.347035  fitness = 1.849419
Generation = 6  gamma = 0.960205  a = 0.331762  fitness = 1.847079
Generation = 7  gamma = 0.941753  a = 0.328402  fitness = 1.849032
Generation = 8  gamma = 0.930273  a = 0.327338  fitness = 1.850691
Generation = 9  gamma = 0.942805  a = 0.354122  fitness = 1.850238
Generation = 10  gamma = 0.938091  a = 0.354991  fitness = 1.851543
Generation = 11  gamma = 0.952353  a = 0.359833  fitness = 1.850651
Generation = 12  gamma = 0.955337  a = 0.334554  fitness = 1.849471
Generation = 13  gamma = 0.962438  a = 0.341140  fitness = 1.851069
Generation = 14  gamma = 0.964671  a = 0.334862  fitness = 1.850115
Generation = 15  gamma = 0.980350  a = 0.344660  fitness = 1.846295
Generation = 16  gamma = 0.997852  a = 0.348560  fitness = 1.841813
Generation = 17  gamma = 0.954726  a = 0.354073  fitness = 1.851842
Generation = 18  gamma = 0.975198  a = 0.340792  fitness = 1.846823
Generation = 19  gamma = 0.954325  a = 0.339065  fitness = 1.851534


###############################################################################
Peregrine Cluster
Job 2100979 for user 'p274981'
Finished at: Wed Aug 29 22:39:49 CEST 2018

Job details:
============




Acknowledgements:
=================

Please see this page if you want to acknowledge Peregrine in your publications:

https://redmine.hpc.rug.nl/redmine/projects/peregrine/wiki/ScientificOutput

################################################################################
