try to find a completed true simulation with gamma = 1.0 and a = 0.001 ...
Generation = 0  gamma = 0.673017  a = 0.328188  fitness = 1.834706
Generation = 1  gamma = 0.816124  a = 0.329687  fitness = 1.847561
Generation = 2  gamma = 0.905457  a = 0.333147  fitness = 1.846206
Generation = 3  gamma = 0.964691  a = 0.340064  fitness = 1.844053
Generation = 4  gamma = 0.974791  a = 0.351509  fitness = 1.835474
Generation = 5  gamma = 0.947387  a = 0.352882  fitness = 1.841333
Generation = 6  gamma = 0.981027  a = 0.356273  fitness = 1.845671
Generation = 7  gamma = 1.033095  a = 0.373210  fitness = 1.842647
Generation = 8  gamma = 0.995460  a = 0.369869  fitness = 1.839400
Generation = 9  gamma = 0.992537  a = 0.357897  fitness = 1.844141
Generation = 10  gamma = 0.937271  a = 0.347836  fitness = 1.841200
Generation = 11  gamma = 0.943656  a = 0.364484  fitness = 1.837628
Generation = 12  gamma = 0.964089  a = 0.353778  fitness = 1.845499
Generation = 13  gamma = 0.934602  a = 0.349455  fitness = 1.843985
Generation = 14  gamma = 0.961593  a = 0.350425  fitness = 1.845679
Generation = 15  gamma = 0.981892  a = 0.343298  fitness = 1.842202
Generation = 16  gamma = 1.006228  a = 0.338477  fitness = 1.844962
Generation = 17  gamma = 0.984960  a = 0.348184  fitness = 1.847214
Generation = 18  gamma = 0.970531  a = 0.345922  fitness = 1.845874
Generation = 19  gamma = 0.932671  a = 0.321107  fitness = 1.846399


###############################################################################
Peregrine Cluster
Job 2100977 for user 'p274981'
Finished at: Wed Aug 29 22:39:25 CEST 2018

Job details:
============




Acknowledgements:
=================

Please see this page if you want to acknowledge Peregrine in your publications:

https://redmine.hpc.rug.nl/redmine/projects/peregrine/wiki/ScientificOutput

################################################################################
