try to find a completed true simulation with gamma = 1.0 and a = 0.01 ...
Generation = 0  gamma = 0.690543  a = 0.332983  fitness = 1.862494
Generation = 1  gamma = 0.838407  a = 0.325116  fitness = 1.874181
Generation = 2  gamma = 0.890098  a = 0.322330  fitness = 1.874055
Generation = 3  gamma = 0.922331  a = 0.317746  fitness = 1.873357
Generation = 4  gamma = 0.926549  a = 0.326579  fitness = 1.873659
Generation = 5  gamma = 0.943103  a = 0.333375  fitness = 1.872381
Generation = 6  gamma = 0.913602  a = 0.342899  fitness = 1.870090
Generation = 7  gamma = 0.976956  a = 0.345140  fitness = 1.875032
Generation = 8  gamma = 0.971860  a = 0.351417  fitness = 1.870532
Generation = 9  gamma = 0.962912  a = 0.336456  fitness = 1.873142
Generation = 10  gamma = 0.972354  a = 0.341700  fitness = 1.876775
Generation = 11  gamma = 0.978252  a = 0.358309  fitness = 1.866383
Generation = 12  gamma = 0.970577  a = 0.349964  fitness = 1.873939
Generation = 13  gamma = 0.976571  a = 0.351842  fitness = 1.873255
Generation = 14  gamma = 0.996451  a = 0.359500  fitness = 1.873287
Generation = 15  gamma = 0.982276  a = 0.350234  fitness = 1.869839
Generation = 16  gamma = 0.950942  a = 0.336438  fitness = 1.872656
Generation = 17  gamma = 0.948911  a = 0.336667  fitness = 1.875480
Generation = 18  gamma = 0.939917  a = 0.351700  fitness = 1.873944
Generation = 19  gamma = 0.938864  a = 0.361556  fitness = 1.875525


###############################################################################
Peregrine Cluster
Job 2100978 for user 'p274981'
Finished at: Wed Aug 29 22:39:28 CEST 2018

Job details:
============




Acknowledgements:
=================

Please see this page if you want to acknowledge Peregrine in your publications:

https://redmine.hpc.rug.nl/redmine/projects/peregrine/wiki/ScientificOutput

################################################################################
