try to find a completed true simulation with gamma = 1.0 and a = 1.0 ...
Generation = 0  gamma = 0.566957  a = 0.699695  fitness = 1.827167
Generation = 1  gamma = 0.674558  a = 0.852563  fitness = 1.829453
Generation = 2  gamma = 0.724822  a = 0.933872  fitness = 1.835528
Generation = 3  gamma = 0.753638  a = 0.996969  fitness = 1.838930
Generation = 4  gamma = 0.833904  a = 1.042038  fitness = 1.830099
Generation = 5  gamma = 0.865009  a = 1.076100  fitness = 1.828232
Generation = 6  gamma = 0.867835  a = 1.078688  fitness = 1.835181
Generation = 7  gamma = 0.889313  a = 1.065881  fitness = 1.823475
Generation = 8  gamma = 0.892458  a = 1.112181  fitness = 1.828322
Generation = 9  gamma = 0.881492  a = 1.121075  fitness = 1.843384
Generation = 10  gamma = 0.938078  a = 1.159798  fitness = 1.830575
Generation = 11  gamma = 0.950191  a = 1.189671  fitness = 1.833622
Generation = 12  gamma = 0.948182  a = 1.160107  fitness = 1.824717
Generation = 13  gamma = 0.947060  a = 1.167763  fitness = 1.830310
Generation = 14  gamma = 0.914349  a = 1.156903  fitness = 1.825406
Generation = 15  gamma = 0.907616  a = 1.141477  fitness = 1.830117
Generation = 16  gamma = 0.920916  a = 1.124801  fitness = 1.824747
Generation = 17  gamma = 0.889649  a = 1.134862  fitness = 1.835319
Generation = 18  gamma = 0.923886  a = 1.127583  fitness = 1.830736
Generation = 19  gamma = 0.924709  a = 1.113341  fitness = 1.820905


###############################################################################
Peregrine Cluster
Job 2100981 for user 'p274981'
Finished at: Wed Aug 29 22:40:57 CEST 2018

Job details:
============




Acknowledgements:
=================

Please see this page if you want to acknowledge Peregrine in your publications:

https://redmine.hpc.rug.nl/redmine/projects/peregrine/wiki/ScientificOutput

################################################################################
