try to find a completed true simulation with gamma = 1.0 and a = 0.0 ...
Generation = 0  gamma = 0.683678  a = 0.333202  fitness = 1.850799
Generation = 1  gamma = 0.836058  a = 0.307925  fitness = 1.863242
Generation = 2  gamma = 0.886352  a = 0.328116  fitness = 1.861353
Generation = 3  gamma = 0.919107  a = 0.307896  fitness = 1.860789
Generation = 4  gamma = 0.944023  a = 0.320423  fitness = 1.862670
Generation = 5  gamma = 0.939324  a = 0.303597  fitness = 1.860631
Generation = 6  gamma = 0.970838  a = 0.336173  fitness = 1.865168
Generation = 7  gamma = 0.953528  a = 0.323947  fitness = 1.862354
Generation = 8  gamma = 0.986067  a = 0.341321  fitness = 1.860159
Generation = 9  gamma = 0.957452  a = 0.359179  fitness = 1.863021
Generation = 10  gamma = 0.956641  a = 0.344154  fitness = 1.860252
Generation = 11  gamma = 0.953071  a = 0.335579  fitness = 1.864727
Generation = 12  gamma = 0.988519  a = 0.354593  fitness = 1.861199
Generation = 13  gamma = 0.995511  a = 0.342346  fitness = 1.858511
Generation = 14  gamma = 0.983938  a = 0.328228  fitness = 1.860130
Generation = 15  gamma = 0.992995  a = 0.346507  fitness = 1.861474
Generation = 16  gamma = 0.990775  a = 0.340713  fitness = 1.862363
Generation = 17  gamma = 0.981510  a = 0.358182  fitness = 1.862750
Generation = 18  gamma = 0.989115  a = 0.359127  fitness = 1.863378
Generation = 19  gamma = 1.006328  a = 0.361553  fitness = 1.864144


###############################################################################
Peregrine Cluster
Job 2100976 for user 'p274981'
Finished at: Wed Aug 29 22:34:15 CEST 2018

Job details:
============




Acknowledgements:
=================

Please see this page if you want to acknowledge Peregrine in your publications:

https://redmine.hpc.rug.nl/redmine/projects/peregrine/wiki/ScientificOutput

################################################################################
